Copyright 1986-2019 Xilinx, Inc. All Rights Reserved.
--------------------------------------------------------------------------------------------------------------------------------------------------------------------------------------------------
| Tool Version : Vivado v.2019.2 (win64) Build 2708876 Wed Nov  6 21:40:23 MST 2019
| Date         : Thu May 14 11:39:19 2020
| Host         : CAE-27 running 64-bit major release  (build 9200)
| Command      : report_timing_summary -max_paths 10 -file Top_Level_timing_summary_routed.rpt -pb Top_Level_timing_summary_routed.pb -rpx Top_Level_timing_summary_routed.rpx -warn_on_violation
| Design       : Top_Level
| Device       : 7a100t-csg324
| Speed File   : -3  PRODUCTION 1.23 2018-06-13
--------------------------------------------------------------------------------------------------------------------------------------------------------------------------------------------------

Timing Summary Report

------------------------------------------------------------------------------------------------
| Timer Settings
| --------------
------------------------------------------------------------------------------------------------

  Enable Multi Corner Analysis               :  Yes
  Enable Pessimism Removal                   :  Yes
  Pessimism Removal Resolution               :  Nearest Common Node
  Enable Input Delay Default Clock           :  No
  Enable Preset / Clear Arcs                 :  No
  Disable Flight Delays                      :  No
  Ignore I/O Paths                           :  No
  Timing Early Launch at Borrowing Latches   :  No
  Borrow Time for Max Delay Exceptions       :  Yes
  Merge Timing Exceptions                    :  Yes

  Corner  Analyze    Analyze    
  Name    Max Paths  Min Paths  
  ------  ---------  ---------  
  Slow    Yes        Yes        
  Fast    Yes        Yes        



check_timing report

Table of Contents
-----------------
1. checking no_clock
2. checking constant_clock
3. checking pulse_width_clock
4. checking unconstrained_internal_endpoints
5. checking no_input_delay
6. checking no_output_delay
7. checking multiple_clock
8. checking generated_clocks
9. checking loops
10. checking partial_input_delay
11. checking partial_output_delay
12. checking latch_loops

1. checking no_clock
--------------------
 There are 5 register/latch pins with no clock driven by root clock pin: bit_counter0/tmpD_reg/Q (HIGH)

 There are 5 register/latch pins with no clock driven by root clock pin: bit_counter1/tmpD_reg/Q (HIGH)

 There are 5 register/latch pins with no clock driven by root clock pin: bit_counter2/tmpD_reg/Q (HIGH)

 There are 5 register/latch pins with no clock driven by root clock pin: bit_counter3/tmpD_reg/Q (HIGH)

 There are 5 register/latch pins with no clock driven by root clock pin: bit_counter4/tmpD_reg/Q (HIGH)

 There are 5 register/latch pins with no clock driven by root clock pin: bit_counter5/tmpD_reg/Q (HIGH)

 There are 4 register/latch pins with no clock driven by root clock pin: bit_counter6/tmpD_reg/Q (HIGH)

 There are 5 register/latch pins with no clock driven by root clock pin: divider/out_clock_reg/Q (HIGH)


2. checking constant_clock
--------------------------
 There are 0 register/latch pins with constant_clock.


3. checking pulse_width_clock
-----------------------------
 There are 0 register/latch pins which need pulse_width check


4. checking unconstrained_internal_endpoints
--------------------------------------------
 There are 71 pins that are not constrained for maximum delay. (HIGH)

 There are 0 pins that are not constrained for maximum delay due to constant clock.


5. checking no_input_delay
--------------------------
 There is 1 input port with no input delay specified. (HIGH)

 There are 0 input ports with no input delay but user has a false path constraint.


6. checking no_output_delay
---------------------------
 There are 15 ports with no output delay specified. (HIGH)

 There are 0 ports with no output delay but user has a false path constraint

 There are 0 ports with no output delay but with a timing clock defined on it or propagating through it


7. checking multiple_clock
--------------------------
 There are 0 register/latch pins with multiple clocks.


8. checking generated_clocks
----------------------------
 There are 0 generated clocks that are not connected to a clock source.


9. checking loops
-----------------
 There are 0 combinational loops in the design.


10. checking partial_input_delay
--------------------------------
 There are 0 input ports with partial input delay specified.


11. checking partial_output_delay
---------------------------------
 There are 0 ports with partial output delay specified.


12. checking latch_loops
------------------------
 There are 0 combinational latch loops in the design through latch input



------------------------------------------------------------------------------------------------
| Design Timing Summary
| ---------------------
------------------------------------------------------------------------------------------------

    WNS(ns)      TNS(ns)  TNS Failing Endpoints  TNS Total Endpoints      WHS(ns)      THS(ns)  THS Failing Endpoints  THS Total Endpoints     WPWS(ns)     TPWS(ns)  TPWS Failing Endpoints  TPWS Total Endpoints  
    -------      -------  ---------------------  -------------------      -------      -------  ---------------------  -------------------     --------     --------  ----------------------  --------------------  
      7.179        0.000                      0                   94        0.264        0.000                      0                   94        4.500        0.000                       0                    50  


All user specified timing constraints are met.


------------------------------------------------------------------------------------------------
| Clock Summary
| -------------
------------------------------------------------------------------------------------------------

Clock        Waveform(ns)       Period(ns)      Frequency(MHz)
-----        ------------       ----------      --------------
sys_clk_pin  {0.000 5.000}      10.000          100.000         


------------------------------------------------------------------------------------------------
| Intra Clock Table
| -----------------
------------------------------------------------------------------------------------------------

Clock             WNS(ns)      TNS(ns)  TNS Failing Endpoints  TNS Total Endpoints      WHS(ns)      THS(ns)  THS Failing Endpoints  THS Total Endpoints     WPWS(ns)     TPWS(ns)  TPWS Failing Endpoints  TPWS Total Endpoints  
-----             -------      -------  ---------------------  -------------------      -------      -------  ---------------------  -------------------     --------     --------  ----------------------  --------------------  
sys_clk_pin         7.179        0.000                      0                   94        0.264        0.000                      0                   94        4.500        0.000                       0                    50  


------------------------------------------------------------------------------------------------
| Inter Clock Table
| -----------------
------------------------------------------------------------------------------------------------

From Clock    To Clock          WNS(ns)      TNS(ns)  TNS Failing Endpoints  TNS Total Endpoints      WHS(ns)      THS(ns)  THS Failing Endpoints  THS Total Endpoints  
----------    --------          -------      -------  ---------------------  -------------------      -------      -------  ---------------------  -------------------  


------------------------------------------------------------------------------------------------
| Other Path Groups Table
| -----------------------
------------------------------------------------------------------------------------------------

Path Group    From Clock    To Clock          WNS(ns)      TNS(ns)  TNS Failing Endpoints  TNS Total Endpoints      WHS(ns)      THS(ns)  THS Failing Endpoints  THS Total Endpoints  
----------    ----------    --------          -------      -------  ---------------------  -------------------      -------      -------  ---------------------  -------------------  


------------------------------------------------------------------------------------------------
| Timing Details
| --------------
------------------------------------------------------------------------------------------------


---------------------------------------------------------------------------------------------------
From Clock:  sys_clk_pin
  To Clock:  sys_clk_pin

Setup :            0  Failing Endpoints,  Worst Slack        7.179ns,  Total Violation        0.000ns
Hold  :            0  Failing Endpoints,  Worst Slack        0.264ns,  Total Violation        0.000ns
PW    :            0  Failing Endpoints,  Worst Slack        4.500ns,  Total Violation        0.000ns
---------------------------------------------------------------------------------------------------


Max Delay Paths
--------------------------------------------------------------------------------------
Slack (MET) :             7.179ns  (required time - arrival time)
  Source:                 divider/count_reg[13]/C
                            (rising edge-triggered cell FDRE clocked by sys_clk_pin  {rise@0.000ns fall@5.000ns period=10.000ns})
  Destination:            divider/count_reg[13]/R
                            (rising edge-triggered cell FDRE clocked by sys_clk_pin  {rise@0.000ns fall@5.000ns period=10.000ns})
  Path Group:             sys_clk_pin
  Path Type:              Setup (Max at Slow Process Corner)
  Requirement:            10.000ns  (sys_clk_pin rise@10.000ns - sys_clk_pin rise@0.000ns)
  Data Path Delay:        2.471ns  (logic 0.535ns (21.647%)  route 1.936ns (78.353%))
  Logic Levels:           2  (LUT4=1 LUT6=1)
  Clock Path Skew:        0.000ns (DCD - SCD + CPR)
    Destination Clock Delay (DCD):    3.992ns = ( 13.992 - 10.000 ) 
    Source Clock Delay      (SCD):    4.249ns
    Clock Pessimism Removal (CPR):    0.257ns
  Clock Uncertainty:      0.035ns  ((TSJ^2 + TIJ^2)^1/2 + DJ) / 2 + PE
    Total System Jitter     (TSJ):    0.071ns
    Total Input Jitter      (TIJ):    0.000ns
    Discrete Jitter          (DJ):    0.000ns
    Phase Error              (PE):    0.000ns

    Location             Delay type                Incr(ns)  Path(ns)    Netlist Resource(s)
  -------------------------------------------------------------------    -------------------
                         (clock sys_clk_pin rise edge)
                                                      0.000     0.000 r  
    E3                                                0.000     0.000 r  CLK100MHZ (IN)
                         net (fo=0)                   0.000     0.000    CLK100MHZ
    E3                   IBUF (Prop_ibuf_I_O)         1.330     1.330 r  CLK100MHZ_IBUF_inst/O
                         net (fo=1, routed)           1.525     2.855    CLK100MHZ_IBUF
    BUFGCTRL_X0Y16       BUFG (Prop_bufg_I_O)         0.076     2.931 r  CLK100MHZ_IBUF_BUFG_inst/O
                         net (fo=49, routed)          1.317     4.249    divider/CLK100MHZ_IBUF_BUFG
    SLICE_X5Y87          FDRE                                         r  divider/count_reg[13]/C
  -------------------------------------------------------------------    -------------------
    SLICE_X5Y87          FDRE (Prop_fdre_C_Q)         0.341     4.590 f  divider/count_reg[13]/Q
                         net (fo=3, routed)           0.609     5.198    divider/count[13]
    SLICE_X4Y86          LUT4 (Prop_lut4_I0_O)        0.097     5.295 f  divider/count[16]_i_2/O
                         net (fo=3, routed)           0.634     5.930    divider/count[16]_i_2_n_0
    SLICE_X4Y85          LUT6 (Prop_lut6_I3_O)        0.097     6.027 r  divider/count[16]_i_1/O
                         net (fo=17, routed)          0.693     6.720    divider/count[16]_i_1_n_0
    SLICE_X5Y87          FDRE                                         r  divider/count_reg[13]/R
  -------------------------------------------------------------------    -------------------

                         (clock sys_clk_pin rise edge)
                                                     10.000    10.000 r  
    E3                                                0.000    10.000 r  CLK100MHZ (IN)
                         net (fo=0)                   0.000    10.000    CLK100MHZ
    E3                   IBUF (Prop_ibuf_I_O)         1.263    11.263 r  CLK100MHZ_IBUF_inst/O
                         net (fo=1, routed)           1.443    12.706    CLK100MHZ_IBUF
    BUFGCTRL_X0Y16       BUFG (Prop_bufg_I_O)         0.072    12.778 r  CLK100MHZ_IBUF_BUFG_inst/O
                         net (fo=49, routed)          1.214    13.992    divider/CLK100MHZ_IBUF_BUFG
    SLICE_X5Y87          FDRE                                         r  divider/count_reg[13]/C
                         clock pessimism              0.257    14.249    
                         clock uncertainty           -0.035    14.213    
    SLICE_X5Y87          FDRE (Setup_fdre_C_R)       -0.314    13.899    divider/count_reg[13]
  -------------------------------------------------------------------
                         required time                         13.899    
                         arrival time                          -6.720    
  -------------------------------------------------------------------
                         slack                                  7.179    

Slack (MET) :             7.179ns  (required time - arrival time)
  Source:                 divider/count_reg[13]/C
                            (rising edge-triggered cell FDRE clocked by sys_clk_pin  {rise@0.000ns fall@5.000ns period=10.000ns})
  Destination:            divider/count_reg[14]/R
                            (rising edge-triggered cell FDRE clocked by sys_clk_pin  {rise@0.000ns fall@5.000ns period=10.000ns})
  Path Group:             sys_clk_pin
  Path Type:              Setup (Max at Slow Process Corner)
  Requirement:            10.000ns  (sys_clk_pin rise@10.000ns - sys_clk_pin rise@0.000ns)
  Data Path Delay:        2.471ns  (logic 0.535ns (21.647%)  route 1.936ns (78.353%))
  Logic Levels:           2  (LUT4=1 LUT6=1)
  Clock Path Skew:        0.000ns (DCD - SCD + CPR)
    Destination Clock Delay (DCD):    3.992ns = ( 13.992 - 10.000 ) 
    Source Clock Delay      (SCD):    4.249ns
    Clock Pessimism Removal (CPR):    0.257ns
  Clock Uncertainty:      0.035ns  ((TSJ^2 + TIJ^2)^1/2 + DJ) / 2 + PE
    Total System Jitter     (TSJ):    0.071ns
    Total Input Jitter      (TIJ):    0.000ns
    Discrete Jitter          (DJ):    0.000ns
    Phase Error              (PE):    0.000ns

    Location             Delay type                Incr(ns)  Path(ns)    Netlist Resource(s)
  -------------------------------------------------------------------    -------------------
                         (clock sys_clk_pin rise edge)
                                                      0.000     0.000 r  
    E3                                                0.000     0.000 r  CLK100MHZ (IN)
                         net (fo=0)                   0.000     0.000    CLK100MHZ
    E3                   IBUF (Prop_ibuf_I_O)         1.330     1.330 r  CLK100MHZ_IBUF_inst/O
                         net (fo=1, routed)           1.525     2.855    CLK100MHZ_IBUF
    BUFGCTRL_X0Y16       BUFG (Prop_bufg_I_O)         0.076     2.931 r  CLK100MHZ_IBUF_BUFG_inst/O
                         net (fo=49, routed)          1.317     4.249    divider/CLK100MHZ_IBUF_BUFG
    SLICE_X5Y87          FDRE                                         r  divider/count_reg[13]/C
  -------------------------------------------------------------------    -------------------
    SLICE_X5Y87          FDRE (Prop_fdre_C_Q)         0.341     4.590 f  divider/count_reg[13]/Q
                         net (fo=3, routed)           0.609     5.198    divider/count[13]
    SLICE_X4Y86          LUT4 (Prop_lut4_I0_O)        0.097     5.295 f  divider/count[16]_i_2/O
                         net (fo=3, routed)           0.634     5.930    divider/count[16]_i_2_n_0
    SLICE_X4Y85          LUT6 (Prop_lut6_I3_O)        0.097     6.027 r  divider/count[16]_i_1/O
                         net (fo=17, routed)          0.693     6.720    divider/count[16]_i_1_n_0
    SLICE_X5Y87          FDRE                                         r  divider/count_reg[14]/R
  -------------------------------------------------------------------    -------------------

                         (clock sys_clk_pin rise edge)
                                                     10.000    10.000 r  
    E3                                                0.000    10.000 r  CLK100MHZ (IN)
                         net (fo=0)                   0.000    10.000    CLK100MHZ
    E3                   IBUF (Prop_ibuf_I_O)         1.263    11.263 r  CLK100MHZ_IBUF_inst/O
                         net (fo=1, routed)           1.443    12.706    CLK100MHZ_IBUF
    BUFGCTRL_X0Y16       BUFG (Prop_bufg_I_O)         0.072    12.778 r  CLK100MHZ_IBUF_BUFG_inst/O
                         net (fo=49, routed)          1.214    13.992    divider/CLK100MHZ_IBUF_BUFG
    SLICE_X5Y87          FDRE                                         r  divider/count_reg[14]/C
                         clock pessimism              0.257    14.249    
                         clock uncertainty           -0.035    14.213    
    SLICE_X5Y87          FDRE (Setup_fdre_C_R)       -0.314    13.899    divider/count_reg[14]
  -------------------------------------------------------------------
                         required time                         13.899    
                         arrival time                          -6.720    
  -------------------------------------------------------------------
                         slack                                  7.179    

Slack (MET) :             7.179ns  (required time - arrival time)
  Source:                 divider/count_reg[13]/C
                            (rising edge-triggered cell FDRE clocked by sys_clk_pin  {rise@0.000ns fall@5.000ns period=10.000ns})
  Destination:            divider/count_reg[15]/R
                            (rising edge-triggered cell FDRE clocked by sys_clk_pin  {rise@0.000ns fall@5.000ns period=10.000ns})
  Path Group:             sys_clk_pin
  Path Type:              Setup (Max at Slow Process Corner)
  Requirement:            10.000ns  (sys_clk_pin rise@10.000ns - sys_clk_pin rise@0.000ns)
  Data Path Delay:        2.471ns  (logic 0.535ns (21.647%)  route 1.936ns (78.353%))
  Logic Levels:           2  (LUT4=1 LUT6=1)
  Clock Path Skew:        0.000ns (DCD - SCD + CPR)
    Destination Clock Delay (DCD):    3.992ns = ( 13.992 - 10.000 ) 
    Source Clock Delay      (SCD):    4.249ns
    Clock Pessimism Removal (CPR):    0.257ns
  Clock Uncertainty:      0.035ns  ((TSJ^2 + TIJ^2)^1/2 + DJ) / 2 + PE
    Total System Jitter     (TSJ):    0.071ns
    Total Input Jitter      (TIJ):    0.000ns
    Discrete Jitter          (DJ):    0.000ns
    Phase Error              (PE):    0.000ns

    Location             Delay type                Incr(ns)  Path(ns)    Netlist Resource(s)
  -------------------------------------------------------------------    -------------------
                         (clock sys_clk_pin rise edge)
                                                      0.000     0.000 r  
    E3                                                0.000     0.000 r  CLK100MHZ (IN)
                         net (fo=0)                   0.000     0.000    CLK100MHZ
    E3                   IBUF (Prop_ibuf_I_O)         1.330     1.330 r  CLK100MHZ_IBUF_inst/O
                         net (fo=1, routed)           1.525     2.855    CLK100MHZ_IBUF
    BUFGCTRL_X0Y16       BUFG (Prop_bufg_I_O)         0.076     2.931 r  CLK100MHZ_IBUF_BUFG_inst/O
                         net (fo=49, routed)          1.317     4.249    divider/CLK100MHZ_IBUF_BUFG
    SLICE_X5Y87          FDRE                                         r  divider/count_reg[13]/C
  -------------------------------------------------------------------    -------------------
    SLICE_X5Y87          FDRE (Prop_fdre_C_Q)         0.341     4.590 f  divider/count_reg[13]/Q
                         net (fo=3, routed)           0.609     5.198    divider/count[13]
    SLICE_X4Y86          LUT4 (Prop_lut4_I0_O)        0.097     5.295 f  divider/count[16]_i_2/O
                         net (fo=3, routed)           0.634     5.930    divider/count[16]_i_2_n_0
    SLICE_X4Y85          LUT6 (Prop_lut6_I3_O)        0.097     6.027 r  divider/count[16]_i_1/O
                         net (fo=17, routed)          0.693     6.720    divider/count[16]_i_1_n_0
    SLICE_X5Y87          FDRE                                         r  divider/count_reg[15]/R
  -------------------------------------------------------------------    -------------------

                         (clock sys_clk_pin rise edge)
                                                     10.000    10.000 r  
    E3                                                0.000    10.000 r  CLK100MHZ (IN)
                         net (fo=0)                   0.000    10.000    CLK100MHZ
    E3                   IBUF (Prop_ibuf_I_O)         1.263    11.263 r  CLK100MHZ_IBUF_inst/O
                         net (fo=1, routed)           1.443    12.706    CLK100MHZ_IBUF
    BUFGCTRL_X0Y16       BUFG (Prop_bufg_I_O)         0.072    12.778 r  CLK100MHZ_IBUF_BUFG_inst/O
                         net (fo=49, routed)          1.214    13.992    divider/CLK100MHZ_IBUF_BUFG
    SLICE_X5Y87          FDRE                                         r  divider/count_reg[15]/C
                         clock pessimism              0.257    14.249    
                         clock uncertainty           -0.035    14.213    
    SLICE_X5Y87          FDRE (Setup_fdre_C_R)       -0.314    13.899    divider/count_reg[15]
  -------------------------------------------------------------------
                         required time                         13.899    
                         arrival time                          -6.720    
  -------------------------------------------------------------------
                         slack                                  7.179    

Slack (MET) :             7.179ns  (required time - arrival time)
  Source:                 divider/count_reg[13]/C
                            (rising edge-triggered cell FDRE clocked by sys_clk_pin  {rise@0.000ns fall@5.000ns period=10.000ns})
  Destination:            divider/count_reg[16]/R
                            (rising edge-triggered cell FDRE clocked by sys_clk_pin  {rise@0.000ns fall@5.000ns period=10.000ns})
  Path Group:             sys_clk_pin
  Path Type:              Setup (Max at Slow Process Corner)
  Requirement:            10.000ns  (sys_clk_pin rise@10.000ns - sys_clk_pin rise@0.000ns)
  Data Path Delay:        2.471ns  (logic 0.535ns (21.647%)  route 1.936ns (78.353%))
  Logic Levels:           2  (LUT4=1 LUT6=1)
  Clock Path Skew:        0.000ns (DCD - SCD + CPR)
    Destination Clock Delay (DCD):    3.992ns = ( 13.992 - 10.000 ) 
    Source Clock Delay      (SCD):    4.249ns
    Clock Pessimism Removal (CPR):    0.257ns
  Clock Uncertainty:      0.035ns  ((TSJ^2 + TIJ^2)^1/2 + DJ) / 2 + PE
    Total System Jitter     (TSJ):    0.071ns
    Total Input Jitter      (TIJ):    0.000ns
    Discrete Jitter          (DJ):    0.000ns
    Phase Error              (PE):    0.000ns

    Location             Delay type                Incr(ns)  Path(ns)    Netlist Resource(s)
  -------------------------------------------------------------------    -------------------
                         (clock sys_clk_pin rise edge)
                                                      0.000     0.000 r  
    E3                                                0.000     0.000 r  CLK100MHZ (IN)
                         net (fo=0)                   0.000     0.000    CLK100MHZ
    E3                   IBUF (Prop_ibuf_I_O)         1.330     1.330 r  CLK100MHZ_IBUF_inst/O
                         net (fo=1, routed)           1.525     2.855    CLK100MHZ_IBUF
    BUFGCTRL_X0Y16       BUFG (Prop_bufg_I_O)         0.076     2.931 r  CLK100MHZ_IBUF_BUFG_inst/O
                         net (fo=49, routed)          1.317     4.249    divider/CLK100MHZ_IBUF_BUFG
    SLICE_X5Y87          FDRE                                         r  divider/count_reg[13]/C
  -------------------------------------------------------------------    -------------------
    SLICE_X5Y87          FDRE (Prop_fdre_C_Q)         0.341     4.590 f  divider/count_reg[13]/Q
                         net (fo=3, routed)           0.609     5.198    divider/count[13]
    SLICE_X4Y86          LUT4 (Prop_lut4_I0_O)        0.097     5.295 f  divider/count[16]_i_2/O
                         net (fo=3, routed)           0.634     5.930    divider/count[16]_i_2_n_0
    SLICE_X4Y85          LUT6 (Prop_lut6_I3_O)        0.097     6.027 r  divider/count[16]_i_1/O
                         net (fo=17, routed)          0.693     6.720    divider/count[16]_i_1_n_0
    SLICE_X5Y87          FDRE                                         r  divider/count_reg[16]/R
  -------------------------------------------------------------------    -------------------

                         (clock sys_clk_pin rise edge)
                                                     10.000    10.000 r  
    E3                                                0.000    10.000 r  CLK100MHZ (IN)
                         net (fo=0)                   0.000    10.000    CLK100MHZ
    E3                   IBUF (Prop_ibuf_I_O)         1.263    11.263 r  CLK100MHZ_IBUF_inst/O
                         net (fo=1, routed)           1.443    12.706    CLK100MHZ_IBUF
    BUFGCTRL_X0Y16       BUFG (Prop_bufg_I_O)         0.072    12.778 r  CLK100MHZ_IBUF_BUFG_inst/O
                         net (fo=49, routed)          1.214    13.992    divider/CLK100MHZ_IBUF_BUFG
    SLICE_X5Y87          FDRE                                         r  divider/count_reg[16]/C
                         clock pessimism              0.257    14.249    
                         clock uncertainty           -0.035    14.213    
    SLICE_X5Y87          FDRE (Setup_fdre_C_R)       -0.314    13.899    divider/count_reg[16]
  -------------------------------------------------------------------
                         required time                         13.899    
                         arrival time                          -6.720    
  -------------------------------------------------------------------
                         slack                                  7.179    

Slack (MET) :             7.223ns  (required time - arrival time)
  Source:                 disp_divider/clk_ctr_reg[23]/C
                            (rising edge-triggered cell FDRE clocked by sys_clk_pin  {rise@0.000ns fall@5.000ns period=10.000ns})
  Destination:            disp_divider/clk_ctr_reg[24]/R
                            (rising edge-triggered cell FDRE clocked by sys_clk_pin  {rise@0.000ns fall@5.000ns period=10.000ns})
  Path Group:             sys_clk_pin
  Path Type:              Setup (Max at Slow Process Corner)
  Requirement:            10.000ns  (sys_clk_pin rise@10.000ns - sys_clk_pin rise@0.000ns)
  Data Path Delay:        2.405ns  (logic 0.535ns (22.247%)  route 1.870ns (77.753%))
  Logic Levels:           2  (LUT5=1 LUT6=1)
  Clock Path Skew:        -0.023ns (DCD - SCD + CPR)
    Destination Clock Delay (DCD):    3.994ns = ( 13.994 - 10.000 ) 
    Source Clock Delay      (SCD):    4.247ns
    Clock Pessimism Removal (CPR):    0.230ns
  Clock Uncertainty:      0.035ns  ((TSJ^2 + TIJ^2)^1/2 + DJ) / 2 + PE
    Total System Jitter     (TSJ):    0.071ns
    Total Input Jitter      (TIJ):    0.000ns
    Discrete Jitter          (DJ):    0.000ns
    Phase Error              (PE):    0.000ns

    Location             Delay type                Incr(ns)  Path(ns)    Netlist Resource(s)
  -------------------------------------------------------------------    -------------------
                         (clock sys_clk_pin rise edge)
                                                      0.000     0.000 r  
    E3                                                0.000     0.000 r  CLK100MHZ (IN)
                         net (fo=0)                   0.000     0.000    CLK100MHZ
    E3                   IBUF (Prop_ibuf_I_O)         1.330     1.330 r  CLK100MHZ_IBUF_inst/O
                         net (fo=1, routed)           1.525     2.855    CLK100MHZ_IBUF
    BUFGCTRL_X0Y16       BUFG (Prop_bufg_I_O)         0.076     2.931 r  CLK100MHZ_IBUF_BUFG_inst/O
                         net (fo=49, routed)          1.315     4.247    disp_divider/CLK100MHZ_IBUF_BUFG
    SLICE_X0Y85          FDRE                                         r  disp_divider/clk_ctr_reg[23]/C
  -------------------------------------------------------------------    -------------------
    SLICE_X0Y85          FDRE (Prop_fdre_C_Q)         0.341     4.588 f  disp_divider/clk_ctr_reg[23]/Q
                         net (fo=2, routed)           0.599     5.186    disp_divider/clk_ctr_reg[23]
    SLICE_X1Y86          LUT6 (Prop_lut6_I3_O)        0.097     5.283 r  disp_divider/clk_ctr[0]_i_4/O
                         net (fo=1, routed)           0.704     5.987    disp_divider/clk_ctr[0]_i_4_n_0
    SLICE_X1Y82          LUT5 (Prop_lut5_I1_O)        0.097     6.084 r  disp_divider/clk_ctr[0]_i_1/O
                         net (fo=31, routed)          0.567     6.651    disp_divider/clear
    SLICE_X0Y86          FDRE                                         r  disp_divider/clk_ctr_reg[24]/R
  -------------------------------------------------------------------    -------------------

                         (clock sys_clk_pin rise edge)
                                                     10.000    10.000 r  
    E3                                                0.000    10.000 r  CLK100MHZ (IN)
                         net (fo=0)                   0.000    10.000    CLK100MHZ
    E3                   IBUF (Prop_ibuf_I_O)         1.263    11.263 r  CLK100MHZ_IBUF_inst/O
                         net (fo=1, routed)           1.443    12.706    CLK100MHZ_IBUF
    BUFGCTRL_X0Y16       BUFG (Prop_bufg_I_O)         0.072    12.778 r  CLK100MHZ_IBUF_BUFG_inst/O
                         net (fo=49, routed)          1.216    13.994    disp_divider/CLK100MHZ_IBUF_BUFG
    SLICE_X0Y86          FDRE                                         r  disp_divider/clk_ctr_reg[24]/C
                         clock pessimism              0.230    14.224    
                         clock uncertainty           -0.035    14.188    
    SLICE_X0Y86          FDRE (Setup_fdre_C_R)       -0.314    13.874    disp_divider/clk_ctr_reg[24]
  -------------------------------------------------------------------
                         required time                         13.874    
                         arrival time                          -6.651    
  -------------------------------------------------------------------
                         slack                                  7.223    

Slack (MET) :             7.223ns  (required time - arrival time)
  Source:                 disp_divider/clk_ctr_reg[23]/C
                            (rising edge-triggered cell FDRE clocked by sys_clk_pin  {rise@0.000ns fall@5.000ns period=10.000ns})
  Destination:            disp_divider/clk_ctr_reg[25]/R
                            (rising edge-triggered cell FDRE clocked by sys_clk_pin  {rise@0.000ns fall@5.000ns period=10.000ns})
  Path Group:             sys_clk_pin
  Path Type:              Setup (Max at Slow Process Corner)
  Requirement:            10.000ns  (sys_clk_pin rise@10.000ns - sys_clk_pin rise@0.000ns)
  Data Path Delay:        2.405ns  (logic 0.535ns (22.247%)  route 1.870ns (77.753%))
  Logic Levels:           2  (LUT5=1 LUT6=1)
  Clock Path Skew:        -0.023ns (DCD - SCD + CPR)
    Destination Clock Delay (DCD):    3.994ns = ( 13.994 - 10.000 ) 
    Source Clock Delay      (SCD):    4.247ns
    Clock Pessimism Removal (CPR):    0.230ns
  Clock Uncertainty:      0.035ns  ((TSJ^2 + TIJ^2)^1/2 + DJ) / 2 + PE
    Total System Jitter     (TSJ):    0.071ns
    Total Input Jitter      (TIJ):    0.000ns
    Discrete Jitter          (DJ):    0.000ns
    Phase Error              (PE):    0.000ns

    Location             Delay type                Incr(ns)  Path(ns)    Netlist Resource(s)
  -------------------------------------------------------------------    -------------------
                         (clock sys_clk_pin rise edge)
                                                      0.000     0.000 r  
    E3                                                0.000     0.000 r  CLK100MHZ (IN)
                         net (fo=0)                   0.000     0.000    CLK100MHZ
    E3                   IBUF (Prop_ibuf_I_O)         1.330     1.330 r  CLK100MHZ_IBUF_inst/O
                         net (fo=1, routed)           1.525     2.855    CLK100MHZ_IBUF
    BUFGCTRL_X0Y16       BUFG (Prop_bufg_I_O)         0.076     2.931 r  CLK100MHZ_IBUF_BUFG_inst/O
                         net (fo=49, routed)          1.315     4.247    disp_divider/CLK100MHZ_IBUF_BUFG
    SLICE_X0Y85          FDRE                                         r  disp_divider/clk_ctr_reg[23]/C
  -------------------------------------------------------------------    -------------------
    SLICE_X0Y85          FDRE (Prop_fdre_C_Q)         0.341     4.588 f  disp_divider/clk_ctr_reg[23]/Q
                         net (fo=2, routed)           0.599     5.186    disp_divider/clk_ctr_reg[23]
    SLICE_X1Y86          LUT6 (Prop_lut6_I3_O)        0.097     5.283 r  disp_divider/clk_ctr[0]_i_4/O
                         net (fo=1, routed)           0.704     5.987    disp_divider/clk_ctr[0]_i_4_n_0
    SLICE_X1Y82          LUT5 (Prop_lut5_I1_O)        0.097     6.084 r  disp_divider/clk_ctr[0]_i_1/O
                         net (fo=31, routed)          0.567     6.651    disp_divider/clear
    SLICE_X0Y86          FDRE                                         r  disp_divider/clk_ctr_reg[25]/R
  -------------------------------------------------------------------    -------------------

                         (clock sys_clk_pin rise edge)
                                                     10.000    10.000 r  
    E3                                                0.000    10.000 r  CLK100MHZ (IN)
                         net (fo=0)                   0.000    10.000    CLK100MHZ
    E3                   IBUF (Prop_ibuf_I_O)         1.263    11.263 r  CLK100MHZ_IBUF_inst/O
                         net (fo=1, routed)           1.443    12.706    CLK100MHZ_IBUF
    BUFGCTRL_X0Y16       BUFG (Prop_bufg_I_O)         0.072    12.778 r  CLK100MHZ_IBUF_BUFG_inst/O
                         net (fo=49, routed)          1.216    13.994    disp_divider/CLK100MHZ_IBUF_BUFG
    SLICE_X0Y86          FDRE                                         r  disp_divider/clk_ctr_reg[25]/C
                         clock pessimism              0.230    14.224    
                         clock uncertainty           -0.035    14.188    
    SLICE_X0Y86          FDRE (Setup_fdre_C_R)       -0.314    13.874    disp_divider/clk_ctr_reg[25]
  -------------------------------------------------------------------
                         required time                         13.874    
                         arrival time                          -6.651    
  -------------------------------------------------------------------
                         slack                                  7.223    

Slack (MET) :             7.223ns  (required time - arrival time)
  Source:                 disp_divider/clk_ctr_reg[23]/C
                            (rising edge-triggered cell FDRE clocked by sys_clk_pin  {rise@0.000ns fall@5.000ns period=10.000ns})
  Destination:            disp_divider/clk_ctr_reg[26]/R
                            (rising edge-triggered cell FDRE clocked by sys_clk_pin  {rise@0.000ns fall@5.000ns period=10.000ns})
  Path Group:             sys_clk_pin
  Path Type:              Setup (Max at Slow Process Corner)
  Requirement:            10.000ns  (sys_clk_pin rise@10.000ns - sys_clk_pin rise@0.000ns)
  Data Path Delay:        2.405ns  (logic 0.535ns (22.247%)  route 1.870ns (77.753%))
  Logic Levels:           2  (LUT5=1 LUT6=1)
  Clock Path Skew:        -0.023ns (DCD - SCD + CPR)
    Destination Clock Delay (DCD):    3.994ns = ( 13.994 - 10.000 ) 
    Source Clock Delay      (SCD):    4.247ns
    Clock Pessimism Removal (CPR):    0.230ns
  Clock Uncertainty:      0.035ns  ((TSJ^2 + TIJ^2)^1/2 + DJ) / 2 + PE
    Total System Jitter     (TSJ):    0.071ns
    Total Input Jitter      (TIJ):    0.000ns
    Discrete Jitter          (DJ):    0.000ns
    Phase Error              (PE):    0.000ns

    Location             Delay type                Incr(ns)  Path(ns)    Netlist Resource(s)
  -------------------------------------------------------------------    -------------------
                         (clock sys_clk_pin rise edge)
                                                      0.000     0.000 r  
    E3                                                0.000     0.000 r  CLK100MHZ (IN)
                         net (fo=0)                   0.000     0.000    CLK100MHZ
    E3                   IBUF (Prop_ibuf_I_O)         1.330     1.330 r  CLK100MHZ_IBUF_inst/O
                         net (fo=1, routed)           1.525     2.855    CLK100MHZ_IBUF
    BUFGCTRL_X0Y16       BUFG (Prop_bufg_I_O)         0.076     2.931 r  CLK100MHZ_IBUF_BUFG_inst/O
                         net (fo=49, routed)          1.315     4.247    disp_divider/CLK100MHZ_IBUF_BUFG
    SLICE_X0Y85          FDRE                                         r  disp_divider/clk_ctr_reg[23]/C
  -------------------------------------------------------------------    -------------------
    SLICE_X0Y85          FDRE (Prop_fdre_C_Q)         0.341     4.588 f  disp_divider/clk_ctr_reg[23]/Q
                         net (fo=2, routed)           0.599     5.186    disp_divider/clk_ctr_reg[23]
    SLICE_X1Y86          LUT6 (Prop_lut6_I3_O)        0.097     5.283 r  disp_divider/clk_ctr[0]_i_4/O
                         net (fo=1, routed)           0.704     5.987    disp_divider/clk_ctr[0]_i_4_n_0
    SLICE_X1Y82          LUT5 (Prop_lut5_I1_O)        0.097     6.084 r  disp_divider/clk_ctr[0]_i_1/O
                         net (fo=31, routed)          0.567     6.651    disp_divider/clear
    SLICE_X0Y86          FDRE                                         r  disp_divider/clk_ctr_reg[26]/R
  -------------------------------------------------------------------    -------------------

                         (clock sys_clk_pin rise edge)
                                                     10.000    10.000 r  
    E3                                                0.000    10.000 r  CLK100MHZ (IN)
                         net (fo=0)                   0.000    10.000    CLK100MHZ
    E3                   IBUF (Prop_ibuf_I_O)         1.263    11.263 r  CLK100MHZ_IBUF_inst/O
                         net (fo=1, routed)           1.443    12.706    CLK100MHZ_IBUF
    BUFGCTRL_X0Y16       BUFG (Prop_bufg_I_O)         0.072    12.778 r  CLK100MHZ_IBUF_BUFG_inst/O
                         net (fo=49, routed)          1.216    13.994    disp_divider/CLK100MHZ_IBUF_BUFG
    SLICE_X0Y86          FDRE                                         r  disp_divider/clk_ctr_reg[26]/C
                         clock pessimism              0.230    14.224    
                         clock uncertainty           -0.035    14.188    
    SLICE_X0Y86          FDRE (Setup_fdre_C_R)       -0.314    13.874    disp_divider/clk_ctr_reg[26]
  -------------------------------------------------------------------
                         required time                         13.874    
                         arrival time                          -6.651    
  -------------------------------------------------------------------
                         slack                                  7.223    

Slack (MET) :             7.223ns  (required time - arrival time)
  Source:                 disp_divider/clk_ctr_reg[23]/C
                            (rising edge-triggered cell FDRE clocked by sys_clk_pin  {rise@0.000ns fall@5.000ns period=10.000ns})
  Destination:            disp_divider/clk_ctr_reg[27]/R
                            (rising edge-triggered cell FDRE clocked by sys_clk_pin  {rise@0.000ns fall@5.000ns period=10.000ns})
  Path Group:             sys_clk_pin
  Path Type:              Setup (Max at Slow Process Corner)
  Requirement:            10.000ns  (sys_clk_pin rise@10.000ns - sys_clk_pin rise@0.000ns)
  Data Path Delay:        2.405ns  (logic 0.535ns (22.247%)  route 1.870ns (77.753%))
  Logic Levels:           2  (LUT5=1 LUT6=1)
  Clock Path Skew:        -0.023ns (DCD - SCD + CPR)
    Destination Clock Delay (DCD):    3.994ns = ( 13.994 - 10.000 ) 
    Source Clock Delay      (SCD):    4.247ns
    Clock Pessimism Removal (CPR):    0.230ns
  Clock Uncertainty:      0.035ns  ((TSJ^2 + TIJ^2)^1/2 + DJ) / 2 + PE
    Total System Jitter     (TSJ):    0.071ns
    Total Input Jitter      (TIJ):    0.000ns
    Discrete Jitter          (DJ):    0.000ns
    Phase Error              (PE):    0.000ns

    Location             Delay type                Incr(ns)  Path(ns)    Netlist Resource(s)
  -------------------------------------------------------------------    -------------------
                         (clock sys_clk_pin rise edge)
                                                      0.000     0.000 r  
    E3                                                0.000     0.000 r  CLK100MHZ (IN)
                         net (fo=0)                   0.000     0.000    CLK100MHZ
    E3                   IBUF (Prop_ibuf_I_O)         1.330     1.330 r  CLK100MHZ_IBUF_inst/O
                         net (fo=1, routed)           1.525     2.855    CLK100MHZ_IBUF
    BUFGCTRL_X0Y16       BUFG (Prop_bufg_I_O)         0.076     2.931 r  CLK100MHZ_IBUF_BUFG_inst/O
                         net (fo=49, routed)          1.315     4.247    disp_divider/CLK100MHZ_IBUF_BUFG
    SLICE_X0Y85          FDRE                                         r  disp_divider/clk_ctr_reg[23]/C
  -------------------------------------------------------------------    -------------------
    SLICE_X0Y85          FDRE (Prop_fdre_C_Q)         0.341     4.588 f  disp_divider/clk_ctr_reg[23]/Q
                         net (fo=2, routed)           0.599     5.186    disp_divider/clk_ctr_reg[23]
    SLICE_X1Y86          LUT6 (Prop_lut6_I3_O)        0.097     5.283 r  disp_divider/clk_ctr[0]_i_4/O
                         net (fo=1, routed)           0.704     5.987    disp_divider/clk_ctr[0]_i_4_n_0
    SLICE_X1Y82          LUT5 (Prop_lut5_I1_O)        0.097     6.084 r  disp_divider/clk_ctr[0]_i_1/O
                         net (fo=31, routed)          0.567     6.651    disp_divider/clear
    SLICE_X0Y86          FDRE                                         r  disp_divider/clk_ctr_reg[27]/R
  -------------------------------------------------------------------    -------------------

                         (clock sys_clk_pin rise edge)
                                                     10.000    10.000 r  
    E3                                                0.000    10.000 r  CLK100MHZ (IN)
                         net (fo=0)                   0.000    10.000    CLK100MHZ
    E3                   IBUF (Prop_ibuf_I_O)         1.263    11.263 r  CLK100MHZ_IBUF_inst/O
                         net (fo=1, routed)           1.443    12.706    CLK100MHZ_IBUF
    BUFGCTRL_X0Y16       BUFG (Prop_bufg_I_O)         0.072    12.778 r  CLK100MHZ_IBUF_BUFG_inst/O
                         net (fo=49, routed)          1.216    13.994    disp_divider/CLK100MHZ_IBUF_BUFG
    SLICE_X0Y86          FDRE                                         r  disp_divider/clk_ctr_reg[27]/C
                         clock pessimism              0.230    14.224    
                         clock uncertainty           -0.035    14.188    
    SLICE_X0Y86          FDRE (Setup_fdre_C_R)       -0.314    13.874    disp_divider/clk_ctr_reg[27]
  -------------------------------------------------------------------
                         required time                         13.874    
                         arrival time                          -6.651    
  -------------------------------------------------------------------
                         slack                                  7.223    

Slack (MET) :             7.251ns  (required time - arrival time)
  Source:                 divider/count_reg[13]/C
                            (rising edge-triggered cell FDRE clocked by sys_clk_pin  {rise@0.000ns fall@5.000ns period=10.000ns})
  Destination:            divider/count_reg[10]/R
                            (rising edge-triggered cell FDRE clocked by sys_clk_pin  {rise@0.000ns fall@5.000ns period=10.000ns})
  Path Group:             sys_clk_pin
  Path Type:              Setup (Max at Slow Process Corner)
  Requirement:            10.000ns  (sys_clk_pin rise@10.000ns - sys_clk_pin rise@0.000ns)
  Data Path Delay:        2.374ns  (logic 0.535ns (22.538%)  route 1.839ns (77.462%))
  Logic Levels:           2  (LUT4=1 LUT6=1)
  Clock Path Skew:        -0.026ns (DCD - SCD + CPR)
    Destination Clock Delay (DCD):    3.991ns = ( 13.991 - 10.000 ) 
    Source Clock Delay      (SCD):    4.249ns
    Clock Pessimism Removal (CPR):    0.232ns
  Clock Uncertainty:      0.035ns  ((TSJ^2 + TIJ^2)^1/2 + DJ) / 2 + PE
    Total System Jitter     (TSJ):    0.071ns
    Total Input Jitter      (TIJ):    0.000ns
    Discrete Jitter          (DJ):    0.000ns
    Phase Error              (PE):    0.000ns

    Location             Delay type                Incr(ns)  Path(ns)    Netlist Resource(s)
  -------------------------------------------------------------------    -------------------
                         (clock sys_clk_pin rise edge)
                                                      0.000     0.000 r  
    E3                                                0.000     0.000 r  CLK100MHZ (IN)
                         net (fo=0)                   0.000     0.000    CLK100MHZ
    E3                   IBUF (Prop_ibuf_I_O)         1.330     1.330 r  CLK100MHZ_IBUF_inst/O
                         net (fo=1, routed)           1.525     2.855    CLK100MHZ_IBUF
    BUFGCTRL_X0Y16       BUFG (Prop_bufg_I_O)         0.076     2.931 r  CLK100MHZ_IBUF_BUFG_inst/O
                         net (fo=49, routed)          1.317     4.249    divider/CLK100MHZ_IBUF_BUFG
    SLICE_X5Y87          FDRE                                         r  divider/count_reg[13]/C
  -------------------------------------------------------------------    -------------------
    SLICE_X5Y87          FDRE (Prop_fdre_C_Q)         0.341     4.590 f  divider/count_reg[13]/Q
                         net (fo=3, routed)           0.609     5.198    divider/count[13]
    SLICE_X4Y86          LUT4 (Prop_lut4_I0_O)        0.097     5.295 f  divider/count[16]_i_2/O
                         net (fo=3, routed)           0.634     5.930    divider/count[16]_i_2_n_0
    SLICE_X4Y85          LUT6 (Prop_lut6_I3_O)        0.097     6.027 r  divider/count[16]_i_1/O
                         net (fo=17, routed)          0.596     6.622    divider/count[16]_i_1_n_0
    SLICE_X5Y86          FDRE                                         r  divider/count_reg[10]/R
  -------------------------------------------------------------------    -------------------

                         (clock sys_clk_pin rise edge)
                                                     10.000    10.000 r  
    E3                                                0.000    10.000 r  CLK100MHZ (IN)
                         net (fo=0)                   0.000    10.000    CLK100MHZ
    E3                   IBUF (Prop_ibuf_I_O)         1.263    11.263 r  CLK100MHZ_IBUF_inst/O
                         net (fo=1, routed)           1.443    12.706    CLK100MHZ_IBUF
    BUFGCTRL_X0Y16       BUFG (Prop_bufg_I_O)         0.072    12.778 r  CLK100MHZ_IBUF_BUFG_inst/O
                         net (fo=49, routed)          1.213    13.991    divider/CLK100MHZ_IBUF_BUFG
    SLICE_X5Y86          FDRE                                         r  divider/count_reg[10]/C
                         clock pessimism              0.232    14.223    
                         clock uncertainty           -0.035    14.187    
    SLICE_X5Y86          FDRE (Setup_fdre_C_R)       -0.314    13.873    divider/count_reg[10]
  -------------------------------------------------------------------
                         required time                         13.873    
                         arrival time                          -6.622    
  -------------------------------------------------------------------
                         slack                                  7.251    

Slack (MET) :             7.251ns  (required time - arrival time)
  Source:                 divider/count_reg[13]/C
                            (rising edge-triggered cell FDRE clocked by sys_clk_pin  {rise@0.000ns fall@5.000ns period=10.000ns})
  Destination:            divider/count_reg[11]/R
                            (rising edge-triggered cell FDRE clocked by sys_clk_pin  {rise@0.000ns fall@5.000ns period=10.000ns})
  Path Group:             sys_clk_pin
  Path Type:              Setup (Max at Slow Process Corner)
  Requirement:            10.000ns  (sys_clk_pin rise@10.000ns - sys_clk_pin rise@0.000ns)
  Data Path Delay:        2.374ns  (logic 0.535ns (22.538%)  route 1.839ns (77.462%))
  Logic Levels:           2  (LUT4=1 LUT6=1)
  Clock Path Skew:        -0.026ns (DCD - SCD + CPR)
    Destination Clock Delay (DCD):    3.991ns = ( 13.991 - 10.000 ) 
    Source Clock Delay      (SCD):    4.249ns
    Clock Pessimism Removal (CPR):    0.232ns
  Clock Uncertainty:      0.035ns  ((TSJ^2 + TIJ^2)^1/2 + DJ) / 2 + PE
    Total System Jitter     (TSJ):    0.071ns
    Total Input Jitter      (TIJ):    0.000ns
    Discrete Jitter          (DJ):    0.000ns
    Phase Error              (PE):    0.000ns

    Location             Delay type                Incr(ns)  Path(ns)    Netlist Resource(s)
  -------------------------------------------------------------------    -------------------
                         (clock sys_clk_pin rise edge)
                                                      0.000     0.000 r  
    E3                                                0.000     0.000 r  CLK100MHZ (IN)
                         net (fo=0)                   0.000     0.000    CLK100MHZ
    E3                   IBUF (Prop_ibuf_I_O)         1.330     1.330 r  CLK100MHZ_IBUF_inst/O
                         net (fo=1, routed)           1.525     2.855    CLK100MHZ_IBUF
    BUFGCTRL_X0Y16       BUFG (Prop_bufg_I_O)         0.076     2.931 r  CLK100MHZ_IBUF_BUFG_inst/O
                         net (fo=49, routed)          1.317     4.249    divider/CLK100MHZ_IBUF_BUFG
    SLICE_X5Y87          FDRE                                         r  divider/count_reg[13]/C
  -------------------------------------------------------------------    -------------------
    SLICE_X5Y87          FDRE (Prop_fdre_C_Q)         0.341     4.590 f  divider/count_reg[13]/Q
                         net (fo=3, routed)           0.609     5.198    divider/count[13]
    SLICE_X4Y86          LUT4 (Prop_lut4_I0_O)        0.097     5.295 f  divider/count[16]_i_2/O
                         net (fo=3, routed)           0.634     5.930    divider/count[16]_i_2_n_0
    SLICE_X4Y85          LUT6 (Prop_lut6_I3_O)        0.097     6.027 r  divider/count[16]_i_1/O
                         net (fo=17, routed)          0.596     6.622    divider/count[16]_i_1_n_0
    SLICE_X5Y86          FDRE                                         r  divider/count_reg[11]/R
  -------------------------------------------------------------------    -------------------

                         (clock sys_clk_pin rise edge)
                                                     10.000    10.000 r  
    E3                                                0.000    10.000 r  CLK100MHZ (IN)
                         net (fo=0)                   0.000    10.000    CLK100MHZ
    E3                   IBUF (Prop_ibuf_I_O)         1.263    11.263 r  CLK100MHZ_IBUF_inst/O
                         net (fo=1, routed)           1.443    12.706    CLK100MHZ_IBUF
    BUFGCTRL_X0Y16       BUFG (Prop_bufg_I_O)         0.072    12.778 r  CLK100MHZ_IBUF_BUFG_inst/O
                         net (fo=49, routed)          1.213    13.991    divider/CLK100MHZ_IBUF_BUFG
    SLICE_X5Y86          FDRE                                         r  divider/count_reg[11]/C
                         clock pessimism              0.232    14.223    
                         clock uncertainty           -0.035    14.187    
    SLICE_X5Y86          FDRE (Setup_fdre_C_R)       -0.314    13.873    divider/count_reg[11]
  -------------------------------------------------------------------
                         required time                         13.873    
                         arrival time                          -6.622    
  -------------------------------------------------------------------
                         slack                                  7.251    





Min Delay Paths
--------------------------------------------------------------------------------------
Slack (MET) :             0.264ns  (arrival time - required time)
  Source:                 divider/count_reg[15]/C
                            (rising edge-triggered cell FDRE clocked by sys_clk_pin  {rise@0.000ns fall@5.000ns period=10.000ns})
  Destination:            divider/count_reg[15]/D
                            (rising edge-triggered cell FDRE clocked by sys_clk_pin  {rise@0.000ns fall@5.000ns period=10.000ns})
  Path Group:             sys_clk_pin
  Path Type:              Hold (Min at Fast Process Corner)
  Requirement:            0.000ns  (sys_clk_pin rise@0.000ns - sys_clk_pin rise@0.000ns)
  Data Path Delay:        0.369ns  (logic 0.252ns (68.351%)  route 0.117ns (31.649%))
  Logic Levels:           1  (CARRY4=1)
  Clock Path Skew:        0.000ns (DCD - SCD - CPR)
    Destination Clock Delay (DCD):    2.035ns
    Source Clock Delay      (SCD):    1.519ns
    Clock Pessimism Removal (CPR):    0.515ns

    Location             Delay type                Incr(ns)  Path(ns)    Netlist Resource(s)
  -------------------------------------------------------------------    -------------------
                         (clock sys_clk_pin rise edge)
                                                      0.000     0.000 r  
    E3                                                0.000     0.000 r  CLK100MHZ (IN)
                         net (fo=0)                   0.000     0.000    CLK100MHZ
    E3                   IBUF (Prop_ibuf_I_O)         0.250     0.250 r  CLK100MHZ_IBUF_inst/O
                         net (fo=1, routed)           0.644     0.894    CLK100MHZ_IBUF
    BUFGCTRL_X0Y16       BUFG (Prop_bufg_I_O)         0.026     0.920 r  CLK100MHZ_IBUF_BUFG_inst/O
                         net (fo=49, routed)          0.600     1.519    divider/CLK100MHZ_IBUF_BUFG
    SLICE_X5Y87          FDRE                                         r  divider/count_reg[15]/C
  -------------------------------------------------------------------    -------------------
    SLICE_X5Y87          FDRE (Prop_fdre_C_Q)         0.141     1.660 r  divider/count_reg[15]/Q
                         net (fo=2, routed)           0.117     1.777    divider/count[15]
    SLICE_X5Y87          CARRY4 (Prop_carry4_S[2]_O[2])
                                                      0.111     1.888 r  divider/count0_carry__2/O[2]
                         net (fo=1, routed)           0.000     1.888    divider/data0[15]
    SLICE_X5Y87          FDRE                                         r  divider/count_reg[15]/D
  -------------------------------------------------------------------    -------------------

                         (clock sys_clk_pin rise edge)
                                                      0.000     0.000 r  
    E3                                                0.000     0.000 r  CLK100MHZ (IN)
                         net (fo=0)                   0.000     0.000    CLK100MHZ
    E3                   IBUF (Prop_ibuf_I_O)         0.438     0.438 r  CLK100MHZ_IBUF_inst/O
                         net (fo=1, routed)           0.699     1.136    CLK100MHZ_IBUF
    BUFGCTRL_X0Y16       BUFG (Prop_bufg_I_O)         0.029     1.165 r  CLK100MHZ_IBUF_BUFG_inst/O
                         net (fo=49, routed)          0.870     2.035    divider/CLK100MHZ_IBUF_BUFG
    SLICE_X5Y87          FDRE                                         r  divider/count_reg[15]/C
                         clock pessimism             -0.515     1.519    
    SLICE_X5Y87          FDRE (Hold_fdre_C_D)         0.105     1.624    divider/count_reg[15]
  -------------------------------------------------------------------
                         required time                         -1.624    
                         arrival time                           1.888    
  -------------------------------------------------------------------
                         slack                                  0.264    

Slack (MET) :             0.265ns  (arrival time - required time)
  Source:                 divider/count_reg[13]/C
                            (rising edge-triggered cell FDRE clocked by sys_clk_pin  {rise@0.000ns fall@5.000ns period=10.000ns})
  Destination:            divider/count_reg[13]/D
                            (rising edge-triggered cell FDRE clocked by sys_clk_pin  {rise@0.000ns fall@5.000ns period=10.000ns})
  Path Group:             sys_clk_pin
  Path Type:              Hold (Min at Fast Process Corner)
  Requirement:            0.000ns  (sys_clk_pin rise@0.000ns - sys_clk_pin rise@0.000ns)
  Data Path Delay:        0.370ns  (logic 0.256ns (69.252%)  route 0.114ns (30.748%))
  Logic Levels:           1  (CARRY4=1)
  Clock Path Skew:        0.000ns (DCD - SCD - CPR)
    Destination Clock Delay (DCD):    2.035ns
    Source Clock Delay      (SCD):    1.519ns
    Clock Pessimism Removal (CPR):    0.515ns

    Location             Delay type                Incr(ns)  Path(ns)    Netlist Resource(s)
  -------------------------------------------------------------------    -------------------
                         (clock sys_clk_pin rise edge)
                                                      0.000     0.000 r  
    E3                                                0.000     0.000 r  CLK100MHZ (IN)
                         net (fo=0)                   0.000     0.000    CLK100MHZ
    E3                   IBUF (Prop_ibuf_I_O)         0.250     0.250 r  CLK100MHZ_IBUF_inst/O
                         net (fo=1, routed)           0.644     0.894    CLK100MHZ_IBUF
    BUFGCTRL_X0Y16       BUFG (Prop_bufg_I_O)         0.026     0.920 r  CLK100MHZ_IBUF_BUFG_inst/O
                         net (fo=49, routed)          0.600     1.519    divider/CLK100MHZ_IBUF_BUFG
    SLICE_X5Y87          FDRE                                         r  divider/count_reg[13]/C
  -------------------------------------------------------------------    -------------------
    SLICE_X5Y87          FDRE (Prop_fdre_C_Q)         0.141     1.660 r  divider/count_reg[13]/Q
                         net (fo=3, routed)           0.114     1.774    divider/count[13]
    SLICE_X5Y87          CARRY4 (Prop_carry4_S[0]_O[0])
                                                      0.115     1.889 r  divider/count0_carry__2/O[0]
                         net (fo=1, routed)           0.000     1.889    divider/data0[13]
    SLICE_X5Y87          FDRE                                         r  divider/count_reg[13]/D
  -------------------------------------------------------------------    -------------------

                         (clock sys_clk_pin rise edge)
                                                      0.000     0.000 r  
    E3                                                0.000     0.000 r  CLK100MHZ (IN)
                         net (fo=0)                   0.000     0.000    CLK100MHZ
    E3                   IBUF (Prop_ibuf_I_O)         0.438     0.438 r  CLK100MHZ_IBUF_inst/O
                         net (fo=1, routed)           0.699     1.136    CLK100MHZ_IBUF
    BUFGCTRL_X0Y16       BUFG (Prop_bufg_I_O)         0.029     1.165 r  CLK100MHZ_IBUF_BUFG_inst/O
                         net (fo=49, routed)          0.870     2.035    divider/CLK100MHZ_IBUF_BUFG
    SLICE_X5Y87          FDRE                                         r  divider/count_reg[13]/C
                         clock pessimism             -0.515     1.519    
    SLICE_X5Y87          FDRE (Hold_fdre_C_D)         0.105     1.624    divider/count_reg[13]
  -------------------------------------------------------------------
                         required time                         -1.624    
                         arrival time                           1.889    
  -------------------------------------------------------------------
                         slack                                  0.265    

Slack (MET) :             0.269ns  (arrival time - required time)
  Source:                 divider/count_reg[16]/C
                            (rising edge-triggered cell FDRE clocked by sys_clk_pin  {rise@0.000ns fall@5.000ns period=10.000ns})
  Destination:            divider/count_reg[16]/D
                            (rising edge-triggered cell FDRE clocked by sys_clk_pin  {rise@0.000ns fall@5.000ns period=10.000ns})
  Path Group:             sys_clk_pin
  Path Type:              Hold (Min at Fast Process Corner)
  Requirement:            0.000ns  (sys_clk_pin rise@0.000ns - sys_clk_pin rise@0.000ns)
  Data Path Delay:        0.374ns  (logic 0.249ns (66.599%)  route 0.125ns (33.401%))
  Logic Levels:           1  (CARRY4=1)
  Clock Path Skew:        0.000ns (DCD - SCD - CPR)
    Destination Clock Delay (DCD):    2.035ns
    Source Clock Delay      (SCD):    1.519ns
    Clock Pessimism Removal (CPR):    0.515ns

    Location             Delay type                Incr(ns)  Path(ns)    Netlist Resource(s)
  -------------------------------------------------------------------    -------------------
                         (clock sys_clk_pin rise edge)
                                                      0.000     0.000 r  
    E3                                                0.000     0.000 r  CLK100MHZ (IN)
                         net (fo=0)                   0.000     0.000    CLK100MHZ
    E3                   IBUF (Prop_ibuf_I_O)         0.250     0.250 r  CLK100MHZ_IBUF_inst/O
                         net (fo=1, routed)           0.644     0.894    CLK100MHZ_IBUF
    BUFGCTRL_X0Y16       BUFG (Prop_bufg_I_O)         0.026     0.920 r  CLK100MHZ_IBUF_BUFG_inst/O
                         net (fo=49, routed)          0.600     1.519    divider/CLK100MHZ_IBUF_BUFG
    SLICE_X5Y87          FDRE                                         r  divider/count_reg[16]/C
  -------------------------------------------------------------------    -------------------
    SLICE_X5Y87          FDRE (Prop_fdre_C_Q)         0.141     1.660 r  divider/count_reg[16]/Q
                         net (fo=4, routed)           0.125     1.785    divider/count[16]
    SLICE_X5Y87          CARRY4 (Prop_carry4_S[3]_O[3])
                                                      0.108     1.893 r  divider/count0_carry__2/O[3]
                         net (fo=1, routed)           0.000     1.893    divider/data0[16]
    SLICE_X5Y87          FDRE                                         r  divider/count_reg[16]/D
  -------------------------------------------------------------------    -------------------

                         (clock sys_clk_pin rise edge)
                                                      0.000     0.000 r  
    E3                                                0.000     0.000 r  CLK100MHZ (IN)
                         net (fo=0)                   0.000     0.000    CLK100MHZ
    E3                   IBUF (Prop_ibuf_I_O)         0.438     0.438 r  CLK100MHZ_IBUF_inst/O
                         net (fo=1, routed)           0.699     1.136    CLK100MHZ_IBUF
    BUFGCTRL_X0Y16       BUFG (Prop_bufg_I_O)         0.029     1.165 r  CLK100MHZ_IBUF_BUFG_inst/O
                         net (fo=49, routed)          0.870     2.035    divider/CLK100MHZ_IBUF_BUFG
    SLICE_X5Y87          FDRE                                         r  divider/count_reg[16]/C
                         clock pessimism             -0.515     1.519    
    SLICE_X5Y87          FDRE (Hold_fdre_C_D)         0.105     1.624    divider/count_reg[16]
  -------------------------------------------------------------------
                         required time                         -1.624    
                         arrival time                           1.893    
  -------------------------------------------------------------------
                         slack                                  0.269    

Slack (MET) :             0.271ns  (arrival time - required time)
  Source:                 disp_divider/clk_ctr_reg[10]/C
                            (rising edge-triggered cell FDRE clocked by sys_clk_pin  {rise@0.000ns fall@5.000ns period=10.000ns})
  Destination:            disp_divider/clk_ctr_reg[10]/D
                            (rising edge-triggered cell FDRE clocked by sys_clk_pin  {rise@0.000ns fall@5.000ns period=10.000ns})
  Path Group:             sys_clk_pin
  Path Type:              Hold (Min at Fast Process Corner)
  Requirement:            0.000ns  (sys_clk_pin rise@0.000ns - sys_clk_pin rise@0.000ns)
  Data Path Delay:        0.376ns  (logic 0.252ns (67.100%)  route 0.124ns (32.900%))
  Logic Levels:           1  (CARRY4=1)
  Clock Path Skew:        0.000ns (DCD - SCD - CPR)
    Destination Clock Delay (DCD):    2.034ns
    Source Clock Delay      (SCD):    1.517ns
    Clock Pessimism Removal (CPR):    0.516ns

    Location             Delay type                Incr(ns)  Path(ns)    Netlist Resource(s)
  -------------------------------------------------------------------    -------------------
                         (clock sys_clk_pin rise edge)
                                                      0.000     0.000 r  
    E3                                                0.000     0.000 r  CLK100MHZ (IN)
                         net (fo=0)                   0.000     0.000    CLK100MHZ
    E3                   IBUF (Prop_ibuf_I_O)         0.250     0.250 r  CLK100MHZ_IBUF_inst/O
                         net (fo=1, routed)           0.644     0.894    CLK100MHZ_IBUF
    BUFGCTRL_X0Y16       BUFG (Prop_bufg_I_O)         0.026     0.920 r  CLK100MHZ_IBUF_BUFG_inst/O
                         net (fo=49, routed)          0.598     1.517    disp_divider/CLK100MHZ_IBUF_BUFG
    SLICE_X0Y82          FDRE                                         r  disp_divider/clk_ctr_reg[10]/C
  -------------------------------------------------------------------    -------------------
    SLICE_X0Y82          FDRE (Prop_fdre_C_Q)         0.141     1.658 r  disp_divider/clk_ctr_reg[10]/Q
                         net (fo=2, routed)           0.124     1.782    disp_divider/clk_ctr_reg[10]
    SLICE_X0Y82          CARRY4 (Prop_carry4_S[2]_O[2])
                                                      0.111     1.893 r  disp_divider/clk_ctr_reg[8]_i_1/O[2]
                         net (fo=1, routed)           0.000     1.893    disp_divider/clk_ctr_reg[8]_i_1_n_5
    SLICE_X0Y82          FDRE                                         r  disp_divider/clk_ctr_reg[10]/D
  -------------------------------------------------------------------    -------------------

                         (clock sys_clk_pin rise edge)
                                                      0.000     0.000 r  
    E3                                                0.000     0.000 r  CLK100MHZ (IN)
                         net (fo=0)                   0.000     0.000    CLK100MHZ
    E3                   IBUF (Prop_ibuf_I_O)         0.438     0.438 r  CLK100MHZ_IBUF_inst/O
                         net (fo=1, routed)           0.699     1.136    CLK100MHZ_IBUF
    BUFGCTRL_X0Y16       BUFG (Prop_bufg_I_O)         0.029     1.165 r  CLK100MHZ_IBUF_BUFG_inst/O
                         net (fo=49, routed)          0.869     2.034    disp_divider/CLK100MHZ_IBUF_BUFG
    SLICE_X0Y82          FDRE                                         r  disp_divider/clk_ctr_reg[10]/C
                         clock pessimism             -0.516     1.517    
    SLICE_X0Y82          FDRE (Hold_fdre_C_D)         0.105     1.622    disp_divider/clk_ctr_reg[10]
  -------------------------------------------------------------------
                         required time                         -1.622    
                         arrival time                           1.893    
  -------------------------------------------------------------------
                         slack                                  0.271    

Slack (MET) :             0.271ns  (arrival time - required time)
  Source:                 disp_divider/clk_ctr_reg[18]/C
                            (rising edge-triggered cell FDRE clocked by sys_clk_pin  {rise@0.000ns fall@5.000ns period=10.000ns})
  Destination:            disp_divider/clk_ctr_reg[18]/D
                            (rising edge-triggered cell FDRE clocked by sys_clk_pin  {rise@0.000ns fall@5.000ns period=10.000ns})
  Path Group:             sys_clk_pin
  Path Type:              Hold (Min at Fast Process Corner)
  Requirement:            0.000ns  (sys_clk_pin rise@0.000ns - sys_clk_pin rise@0.000ns)
  Data Path Delay:        0.376ns  (logic 0.252ns (67.100%)  route 0.124ns (32.900%))
  Logic Levels:           1  (CARRY4=1)
  Clock Path Skew:        0.000ns (DCD - SCD - CPR)
    Destination Clock Delay (DCD):    2.036ns
    Source Clock Delay      (SCD):    1.519ns
    Clock Pessimism Removal (CPR):    0.516ns

    Location             Delay type                Incr(ns)  Path(ns)    Netlist Resource(s)
  -------------------------------------------------------------------    -------------------
                         (clock sys_clk_pin rise edge)
                                                      0.000     0.000 r  
    E3                                                0.000     0.000 r  CLK100MHZ (IN)
                         net (fo=0)                   0.000     0.000    CLK100MHZ
    E3                   IBUF (Prop_ibuf_I_O)         0.250     0.250 r  CLK100MHZ_IBUF_inst/O
                         net (fo=1, routed)           0.644     0.894    CLK100MHZ_IBUF
    BUFGCTRL_X0Y16       BUFG (Prop_bufg_I_O)         0.026     0.920 r  CLK100MHZ_IBUF_BUFG_inst/O
                         net (fo=49, routed)          0.600     1.519    disp_divider/CLK100MHZ_IBUF_BUFG
    SLICE_X0Y84          FDRE                                         r  disp_divider/clk_ctr_reg[18]/C
  -------------------------------------------------------------------    -------------------
    SLICE_X0Y84          FDRE (Prop_fdre_C_Q)         0.141     1.660 r  disp_divider/clk_ctr_reg[18]/Q
                         net (fo=2, routed)           0.124     1.784    disp_divider/clk_ctr_reg[18]
    SLICE_X0Y84          CARRY4 (Prop_carry4_S[2]_O[2])
                                                      0.111     1.895 r  disp_divider/clk_ctr_reg[16]_i_1/O[2]
                         net (fo=1, routed)           0.000     1.895    disp_divider/clk_ctr_reg[16]_i_1_n_5
    SLICE_X0Y84          FDRE                                         r  disp_divider/clk_ctr_reg[18]/D
  -------------------------------------------------------------------    -------------------

                         (clock sys_clk_pin rise edge)
                                                      0.000     0.000 r  
    E3                                                0.000     0.000 r  CLK100MHZ (IN)
                         net (fo=0)                   0.000     0.000    CLK100MHZ
    E3                   IBUF (Prop_ibuf_I_O)         0.438     0.438 r  CLK100MHZ_IBUF_inst/O
                         net (fo=1, routed)           0.699     1.136    CLK100MHZ_IBUF
    BUFGCTRL_X0Y16       BUFG (Prop_bufg_I_O)         0.029     1.165 r  CLK100MHZ_IBUF_BUFG_inst/O
                         net (fo=49, routed)          0.871     2.036    disp_divider/CLK100MHZ_IBUF_BUFG
    SLICE_X0Y84          FDRE                                         r  disp_divider/clk_ctr_reg[18]/C
                         clock pessimism             -0.516     1.519    
    SLICE_X0Y84          FDRE (Hold_fdre_C_D)         0.105     1.624    disp_divider/clk_ctr_reg[18]
  -------------------------------------------------------------------
                         required time                         -1.624    
                         arrival time                           1.895    
  -------------------------------------------------------------------
                         slack                                  0.271    

Slack (MET) :             0.272ns  (arrival time - required time)
  Source:                 disp_divider/clk_ctr_reg[2]/C
                            (rising edge-triggered cell FDRE clocked by sys_clk_pin  {rise@0.000ns fall@5.000ns period=10.000ns})
  Destination:            disp_divider/clk_ctr_reg[2]/D
                            (rising edge-triggered cell FDRE clocked by sys_clk_pin  {rise@0.000ns fall@5.000ns period=10.000ns})
  Path Group:             sys_clk_pin
  Path Type:              Hold (Min at Fast Process Corner)
  Requirement:            0.000ns  (sys_clk_pin rise@0.000ns - sys_clk_pin rise@0.000ns)
  Data Path Delay:        0.377ns  (logic 0.252ns (66.853%)  route 0.125ns (33.147%))
  Logic Levels:           1  (CARRY4=1)
  Clock Path Skew:        0.000ns (DCD - SCD - CPR)
    Destination Clock Delay (DCD):    2.032ns
    Source Clock Delay      (SCD):    1.515ns
    Clock Pessimism Removal (CPR):    0.516ns

    Location             Delay type                Incr(ns)  Path(ns)    Netlist Resource(s)
  -------------------------------------------------------------------    -------------------
                         (clock sys_clk_pin rise edge)
                                                      0.000     0.000 r  
    E3                                                0.000     0.000 r  CLK100MHZ (IN)
                         net (fo=0)                   0.000     0.000    CLK100MHZ
    E3                   IBUF (Prop_ibuf_I_O)         0.250     0.250 r  CLK100MHZ_IBUF_inst/O
                         net (fo=1, routed)           0.644     0.894    CLK100MHZ_IBUF
    BUFGCTRL_X0Y16       BUFG (Prop_bufg_I_O)         0.026     0.920 r  CLK100MHZ_IBUF_BUFG_inst/O
                         net (fo=49, routed)          0.596     1.515    disp_divider/CLK100MHZ_IBUF_BUFG
    SLICE_X0Y80          FDRE                                         r  disp_divider/clk_ctr_reg[2]/C
  -------------------------------------------------------------------    -------------------
    SLICE_X0Y80          FDRE (Prop_fdre_C_Q)         0.141     1.656 r  disp_divider/clk_ctr_reg[2]/Q
                         net (fo=2, routed)           0.125     1.781    disp_divider/clk_ctr_reg[2]
    SLICE_X0Y80          CARRY4 (Prop_carry4_S[2]_O[2])
                                                      0.111     1.892 r  disp_divider/clk_ctr_reg[0]_i_2/O[2]
                         net (fo=1, routed)           0.000     1.892    disp_divider/clk_ctr_reg[0]_i_2_n_5
    SLICE_X0Y80          FDRE                                         r  disp_divider/clk_ctr_reg[2]/D
  -------------------------------------------------------------------    -------------------

                         (clock sys_clk_pin rise edge)
                                                      0.000     0.000 r  
    E3                                                0.000     0.000 r  CLK100MHZ (IN)
                         net (fo=0)                   0.000     0.000    CLK100MHZ
    E3                   IBUF (Prop_ibuf_I_O)         0.438     0.438 r  CLK100MHZ_IBUF_inst/O
                         net (fo=1, routed)           0.699     1.136    CLK100MHZ_IBUF
    BUFGCTRL_X0Y16       BUFG (Prop_bufg_I_O)         0.029     1.165 r  CLK100MHZ_IBUF_BUFG_inst/O
                         net (fo=49, routed)          0.867     2.032    disp_divider/CLK100MHZ_IBUF_BUFG
    SLICE_X0Y80          FDRE                                         r  disp_divider/clk_ctr_reg[2]/C
                         clock pessimism             -0.516     1.515    
    SLICE_X0Y80          FDRE (Hold_fdre_C_D)         0.105     1.620    disp_divider/clk_ctr_reg[2]
  -------------------------------------------------------------------
                         required time                         -1.620    
                         arrival time                           1.892    
  -------------------------------------------------------------------
                         slack                                  0.272    

Slack (MET) :             0.272ns  (arrival time - required time)
  Source:                 disp_divider/clk_ctr_reg[6]/C
                            (rising edge-triggered cell FDRE clocked by sys_clk_pin  {rise@0.000ns fall@5.000ns period=10.000ns})
  Destination:            disp_divider/clk_ctr_reg[6]/D
                            (rising edge-triggered cell FDRE clocked by sys_clk_pin  {rise@0.000ns fall@5.000ns period=10.000ns})
  Path Group:             sys_clk_pin
  Path Type:              Hold (Min at Fast Process Corner)
  Requirement:            0.000ns  (sys_clk_pin rise@0.000ns - sys_clk_pin rise@0.000ns)
  Data Path Delay:        0.377ns  (logic 0.252ns (66.853%)  route 0.125ns (33.147%))
  Logic Levels:           1  (CARRY4=1)
  Clock Path Skew:        0.000ns (DCD - SCD - CPR)
    Destination Clock Delay (DCD):    2.033ns
    Source Clock Delay      (SCD):    1.516ns
    Clock Pessimism Removal (CPR):    0.516ns

    Location             Delay type                Incr(ns)  Path(ns)    Netlist Resource(s)
  -------------------------------------------------------------------    -------------------
                         (clock sys_clk_pin rise edge)
                                                      0.000     0.000 r  
    E3                                                0.000     0.000 r  CLK100MHZ (IN)
                         net (fo=0)                   0.000     0.000    CLK100MHZ
    E3                   IBUF (Prop_ibuf_I_O)         0.250     0.250 r  CLK100MHZ_IBUF_inst/O
                         net (fo=1, routed)           0.644     0.894    CLK100MHZ_IBUF
    BUFGCTRL_X0Y16       BUFG (Prop_bufg_I_O)         0.026     0.920 r  CLK100MHZ_IBUF_BUFG_inst/O
                         net (fo=49, routed)          0.597     1.516    disp_divider/CLK100MHZ_IBUF_BUFG
    SLICE_X0Y81          FDRE                                         r  disp_divider/clk_ctr_reg[6]/C
  -------------------------------------------------------------------    -------------------
    SLICE_X0Y81          FDRE (Prop_fdre_C_Q)         0.141     1.657 r  disp_divider/clk_ctr_reg[6]/Q
                         net (fo=2, routed)           0.125     1.782    disp_divider/clk_ctr_reg[6]
    SLICE_X0Y81          CARRY4 (Prop_carry4_S[2]_O[2])
                                                      0.111     1.893 r  disp_divider/clk_ctr_reg[4]_i_1/O[2]
                         net (fo=1, routed)           0.000     1.893    disp_divider/clk_ctr_reg[4]_i_1_n_5
    SLICE_X0Y81          FDRE                                         r  disp_divider/clk_ctr_reg[6]/D
  -------------------------------------------------------------------    -------------------

                         (clock sys_clk_pin rise edge)
                                                      0.000     0.000 r  
    E3                                                0.000     0.000 r  CLK100MHZ (IN)
                         net (fo=0)                   0.000     0.000    CLK100MHZ
    E3                   IBUF (Prop_ibuf_I_O)         0.438     0.438 r  CLK100MHZ_IBUF_inst/O
                         net (fo=1, routed)           0.699     1.136    CLK100MHZ_IBUF
    BUFGCTRL_X0Y16       BUFG (Prop_bufg_I_O)         0.029     1.165 r  CLK100MHZ_IBUF_BUFG_inst/O
                         net (fo=49, routed)          0.868     2.033    disp_divider/CLK100MHZ_IBUF_BUFG
    SLICE_X0Y81          FDRE                                         r  disp_divider/clk_ctr_reg[6]/C
                         clock pessimism             -0.516     1.516    
    SLICE_X0Y81          FDRE (Hold_fdre_C_D)         0.105     1.621    disp_divider/clk_ctr_reg[6]
  -------------------------------------------------------------------
                         required time                         -1.621    
                         arrival time                           1.893    
  -------------------------------------------------------------------
                         slack                                  0.272    

Slack (MET) :             0.272ns  (arrival time - required time)
  Source:                 disp_divider/clk_ctr_reg[26]/C
                            (rising edge-triggered cell FDRE clocked by sys_clk_pin  {rise@0.000ns fall@5.000ns period=10.000ns})
  Destination:            disp_divider/clk_ctr_reg[26]/D
                            (rising edge-triggered cell FDRE clocked by sys_clk_pin  {rise@0.000ns fall@5.000ns period=10.000ns})
  Path Group:             sys_clk_pin
  Path Type:              Hold (Min at Fast Process Corner)
  Requirement:            0.000ns  (sys_clk_pin rise@0.000ns - sys_clk_pin rise@0.000ns)
  Data Path Delay:        0.377ns  (logic 0.252ns (66.853%)  route 0.125ns (33.147%))
  Logic Levels:           1  (CARRY4=1)
  Clock Path Skew:        0.000ns (DCD - SCD - CPR)
    Destination Clock Delay (DCD):    2.037ns
    Source Clock Delay      (SCD):    1.519ns
    Clock Pessimism Removal (CPR):    0.517ns

    Location             Delay type                Incr(ns)  Path(ns)    Netlist Resource(s)
  -------------------------------------------------------------------    -------------------
                         (clock sys_clk_pin rise edge)
                                                      0.000     0.000 r  
    E3                                                0.000     0.000 r  CLK100MHZ (IN)
                         net (fo=0)                   0.000     0.000    CLK100MHZ
    E3                   IBUF (Prop_ibuf_I_O)         0.250     0.250 r  CLK100MHZ_IBUF_inst/O
                         net (fo=1, routed)           0.644     0.894    CLK100MHZ_IBUF
    BUFGCTRL_X0Y16       BUFG (Prop_bufg_I_O)         0.026     0.920 r  CLK100MHZ_IBUF_BUFG_inst/O
                         net (fo=49, routed)          0.600     1.519    disp_divider/CLK100MHZ_IBUF_BUFG
    SLICE_X0Y86          FDRE                                         r  disp_divider/clk_ctr_reg[26]/C
  -------------------------------------------------------------------    -------------------
    SLICE_X0Y86          FDRE (Prop_fdre_C_Q)         0.141     1.660 r  disp_divider/clk_ctr_reg[26]/Q
                         net (fo=2, routed)           0.125     1.785    disp_divider/clk_ctr_reg[26]
    SLICE_X0Y86          CARRY4 (Prop_carry4_S[2]_O[2])
                                                      0.111     1.896 r  disp_divider/clk_ctr_reg[24]_i_1/O[2]
                         net (fo=1, routed)           0.000     1.896    disp_divider/clk_ctr_reg[24]_i_1_n_5
    SLICE_X0Y86          FDRE                                         r  disp_divider/clk_ctr_reg[26]/D
  -------------------------------------------------------------------    -------------------

                         (clock sys_clk_pin rise edge)
                                                      0.000     0.000 r  
    E3                                                0.000     0.000 r  CLK100MHZ (IN)
                         net (fo=0)                   0.000     0.000    CLK100MHZ
    E3                   IBUF (Prop_ibuf_I_O)         0.438     0.438 r  CLK100MHZ_IBUF_inst/O
                         net (fo=1, routed)           0.699     1.136    CLK100MHZ_IBUF
    BUFGCTRL_X0Y16       BUFG (Prop_bufg_I_O)         0.029     1.165 r  CLK100MHZ_IBUF_BUFG_inst/O
                         net (fo=49, routed)          0.872     2.037    disp_divider/CLK100MHZ_IBUF_BUFG
    SLICE_X0Y86          FDRE                                         r  disp_divider/clk_ctr_reg[26]/C
                         clock pessimism             -0.517     1.519    
    SLICE_X0Y86          FDRE (Hold_fdre_C_D)         0.105     1.624    disp_divider/clk_ctr_reg[26]
  -------------------------------------------------------------------
                         required time                         -1.624    
                         arrival time                           1.896    
  -------------------------------------------------------------------
                         slack                                  0.272    

Slack (MET) :             0.272ns  (arrival time - required time)
  Source:                 divider/count_reg[11]/C
                            (rising edge-triggered cell FDRE clocked by sys_clk_pin  {rise@0.000ns fall@5.000ns period=10.000ns})
  Destination:            divider/count_reg[11]/D
                            (rising edge-triggered cell FDRE clocked by sys_clk_pin  {rise@0.000ns fall@5.000ns period=10.000ns})
  Path Group:             sys_clk_pin
  Path Type:              Hold (Min at Fast Process Corner)
  Requirement:            0.000ns  (sys_clk_pin rise@0.000ns - sys_clk_pin rise@0.000ns)
  Data Path Delay:        0.377ns  (logic 0.252ns (66.757%)  route 0.125ns (33.243%))
  Logic Levels:           1  (CARRY4=1)
  Clock Path Skew:        0.000ns (DCD - SCD - CPR)
    Destination Clock Delay (DCD):    2.034ns
    Source Clock Delay      (SCD):    1.518ns
    Clock Pessimism Removal (CPR):    0.515ns

    Location             Delay type                Incr(ns)  Path(ns)    Netlist Resource(s)
  -------------------------------------------------------------------    -------------------
                         (clock sys_clk_pin rise edge)
                                                      0.000     0.000 r  
    E3                                                0.000     0.000 r  CLK100MHZ (IN)
                         net (fo=0)                   0.000     0.000    CLK100MHZ
    E3                   IBUF (Prop_ibuf_I_O)         0.250     0.250 r  CLK100MHZ_IBUF_inst/O
                         net (fo=1, routed)           0.644     0.894    CLK100MHZ_IBUF
    BUFGCTRL_X0Y16       BUFG (Prop_bufg_I_O)         0.026     0.920 r  CLK100MHZ_IBUF_BUFG_inst/O
                         net (fo=49, routed)          0.599     1.518    divider/CLK100MHZ_IBUF_BUFG
    SLICE_X5Y86          FDRE                                         r  divider/count_reg[11]/C
  -------------------------------------------------------------------    -------------------
    SLICE_X5Y86          FDRE (Prop_fdre_C_Q)         0.141     1.659 r  divider/count_reg[11]/Q
                         net (fo=3, routed)           0.125     1.785    divider/count[11]
    SLICE_X5Y86          CARRY4 (Prop_carry4_S[2]_O[2])
                                                      0.111     1.896 r  divider/count0_carry__1/O[2]
                         net (fo=1, routed)           0.000     1.896    divider/data0[11]
    SLICE_X5Y86          FDRE                                         r  divider/count_reg[11]/D
  -------------------------------------------------------------------    -------------------

                         (clock sys_clk_pin rise edge)
                                                      0.000     0.000 r  
    E3                                                0.000     0.000 r  CLK100MHZ (IN)
                         net (fo=0)                   0.000     0.000    CLK100MHZ
    E3                   IBUF (Prop_ibuf_I_O)         0.438     0.438 r  CLK100MHZ_IBUF_inst/O
                         net (fo=1, routed)           0.699     1.136    CLK100MHZ_IBUF
    BUFGCTRL_X0Y16       BUFG (Prop_bufg_I_O)         0.029     1.165 r  CLK100MHZ_IBUF_BUFG_inst/O
                         net (fo=49, routed)          0.869     2.034    divider/CLK100MHZ_IBUF_BUFG
    SLICE_X5Y86          FDRE                                         r  divider/count_reg[11]/C
                         clock pessimism             -0.515     1.518    
    SLICE_X5Y86          FDRE (Hold_fdre_C_D)         0.105     1.623    divider/count_reg[11]
  -------------------------------------------------------------------
                         required time                         -1.623    
                         arrival time                           1.896    
  -------------------------------------------------------------------
                         slack                                  0.272    

Slack (MET) :             0.273ns  (arrival time - required time)
  Source:                 disp_divider/clk_ctr_reg[14]/C
                            (rising edge-triggered cell FDRE clocked by sys_clk_pin  {rise@0.000ns fall@5.000ns period=10.000ns})
  Destination:            disp_divider/clk_ctr_reg[14]/D
                            (rising edge-triggered cell FDRE clocked by sys_clk_pin  {rise@0.000ns fall@5.000ns period=10.000ns})
  Path Group:             sys_clk_pin
  Path Type:              Hold (Min at Fast Process Corner)
  Requirement:            0.000ns  (sys_clk_pin rise@0.000ns - sys_clk_pin rise@0.000ns)
  Data Path Delay:        0.378ns  (logic 0.252ns (66.640%)  route 0.126ns (33.360%))
  Logic Levels:           1  (CARRY4=1)
  Clock Path Skew:        0.000ns (DCD - SCD - CPR)
    Destination Clock Delay (DCD):    2.035ns
    Source Clock Delay      (SCD):    1.518ns
    Clock Pessimism Removal (CPR):    0.516ns

    Location             Delay type                Incr(ns)  Path(ns)    Netlist Resource(s)
  -------------------------------------------------------------------    -------------------
                         (clock sys_clk_pin rise edge)
                                                      0.000     0.000 r  
    E3                                                0.000     0.000 r  CLK100MHZ (IN)
                         net (fo=0)                   0.000     0.000    CLK100MHZ
    E3                   IBUF (Prop_ibuf_I_O)         0.250     0.250 r  CLK100MHZ_IBUF_inst/O
                         net (fo=1, routed)           0.644     0.894    CLK100MHZ_IBUF
    BUFGCTRL_X0Y16       BUFG (Prop_bufg_I_O)         0.026     0.920 r  CLK100MHZ_IBUF_BUFG_inst/O
                         net (fo=49, routed)          0.599     1.518    disp_divider/CLK100MHZ_IBUF_BUFG
    SLICE_X0Y83          FDRE                                         r  disp_divider/clk_ctr_reg[14]/C
  -------------------------------------------------------------------    -------------------
    SLICE_X0Y83          FDRE (Prop_fdre_C_Q)         0.141     1.659 r  disp_divider/clk_ctr_reg[14]/Q
                         net (fo=2, routed)           0.126     1.785    disp_divider/clk_ctr_reg[14]
    SLICE_X0Y83          CARRY4 (Prop_carry4_S[2]_O[2])
                                                      0.111     1.896 r  disp_divider/clk_ctr_reg[12]_i_1/O[2]
                         net (fo=1, routed)           0.000     1.896    disp_divider/clk_ctr_reg[12]_i_1_n_5
    SLICE_X0Y83          FDRE                                         r  disp_divider/clk_ctr_reg[14]/D
  -------------------------------------------------------------------    -------------------

                         (clock sys_clk_pin rise edge)
                                                      0.000     0.000 r  
    E3                                                0.000     0.000 r  CLK100MHZ (IN)
                         net (fo=0)                   0.000     0.000    CLK100MHZ
    E3                   IBUF (Prop_ibuf_I_O)         0.438     0.438 r  CLK100MHZ_IBUF_inst/O
                         net (fo=1, routed)           0.699     1.136    CLK100MHZ_IBUF
    BUFGCTRL_X0Y16       BUFG (Prop_bufg_I_O)         0.029     1.165 r  CLK100MHZ_IBUF_BUFG_inst/O
                         net (fo=49, routed)          0.870     2.035    disp_divider/CLK100MHZ_IBUF_BUFG
    SLICE_X0Y83          FDRE                                         r  disp_divider/clk_ctr_reg[14]/C
                         clock pessimism             -0.516     1.518    
    SLICE_X0Y83          FDRE (Hold_fdre_C_D)         0.105     1.623    disp_divider/clk_ctr_reg[14]
  -------------------------------------------------------------------
                         required time                         -1.623    
                         arrival time                           1.896    
  -------------------------------------------------------------------
                         slack                                  0.273    





Pulse Width Checks
--------------------------------------------------------------------------------------
Clock Name:         sys_clk_pin
Waveform(ns):       { 0.000 5.000 }
Period(ns):         10.000
Sources:            { CLK100MHZ }

Check Type        Corner  Lib Pin  Reference Pin  Required(ns)  Actual(ns)  Slack(ns)  Location        Pin
Min Period        n/a     BUFG/I   n/a            1.592         10.000      8.408      BUFGCTRL_X0Y16  CLK100MHZ_IBUF_BUFG_inst/I
Min Period        n/a     FDRE/C   n/a            1.000         10.000      9.000      SLICE_X0Y80     disp_divider/clk_ctr_reg[0]/C
Min Period        n/a     FDRE/C   n/a            1.000         10.000      9.000      SLICE_X0Y82     disp_divider/clk_ctr_reg[10]/C
Min Period        n/a     FDRE/C   n/a            1.000         10.000      9.000      SLICE_X0Y82     disp_divider/clk_ctr_reg[11]/C
Min Period        n/a     FDRE/C   n/a            1.000         10.000      9.000      SLICE_X0Y83     disp_divider/clk_ctr_reg[12]/C
Min Period        n/a     FDRE/C   n/a            1.000         10.000      9.000      SLICE_X0Y83     disp_divider/clk_ctr_reg[13]/C
Min Period        n/a     FDRE/C   n/a            1.000         10.000      9.000      SLICE_X0Y83     disp_divider/clk_ctr_reg[14]/C
Min Period        n/a     FDRE/C   n/a            1.000         10.000      9.000      SLICE_X0Y83     disp_divider/clk_ctr_reg[15]/C
Min Period        n/a     FDRE/C   n/a            1.000         10.000      9.000      SLICE_X0Y84     disp_divider/clk_ctr_reg[16]/C
Min Period        n/a     FDRE/C   n/a            1.000         10.000      9.000      SLICE_X0Y84     disp_divider/clk_ctr_reg[17]/C
Low Pulse Width   Fast    FDRE/C   n/a            0.500         5.000       4.500      SLICE_X0Y80     disp_divider/clk_ctr_reg[0]/C
Low Pulse Width   Fast    FDRE/C   n/a            0.500         5.000       4.500      SLICE_X0Y80     disp_divider/clk_ctr_reg[1]/C
Low Pulse Width   Fast    FDRE/C   n/a            0.500         5.000       4.500      SLICE_X0Y80     disp_divider/clk_ctr_reg[2]/C
Low Pulse Width   Fast    FDRE/C   n/a            0.500         5.000       4.500      SLICE_X0Y80     disp_divider/clk_ctr_reg[3]/C
Low Pulse Width   Fast    FDRE/C   n/a            0.500         5.000       4.500      SLICE_X5Y84     divider/count_reg[1]/C
Low Pulse Width   Fast    FDRE/C   n/a            0.500         5.000       4.500      SLICE_X5Y84     divider/count_reg[2]/C
Low Pulse Width   Fast    FDRE/C   n/a            0.500         5.000       4.500      SLICE_X5Y84     divider/count_reg[3]/C
Low Pulse Width   Fast    FDRE/C   n/a            0.500         5.000       4.500      SLICE_X5Y84     divider/count_reg[4]/C
Low Pulse Width   Fast    FDRE/C   n/a            0.500         5.000       4.500      SLICE_X0Y82     disp_divider/clk_ctr_reg[10]/C
Low Pulse Width   Fast    FDRE/C   n/a            0.500         5.000       4.500      SLICE_X0Y82     disp_divider/clk_ctr_reg[11]/C
High Pulse Width  Slow    FDRE/C   n/a            0.500         5.000       4.500      SLICE_X0Y83     disp_divider/clk_ctr_reg[12]/C
High Pulse Width  Slow    FDRE/C   n/a            0.500         5.000       4.500      SLICE_X0Y83     disp_divider/clk_ctr_reg[13]/C
High Pulse Width  Slow    FDRE/C   n/a            0.500         5.000       4.500      SLICE_X0Y83     disp_divider/clk_ctr_reg[14]/C
High Pulse Width  Slow    FDRE/C   n/a            0.500         5.000       4.500      SLICE_X0Y83     disp_divider/clk_ctr_reg[15]/C
High Pulse Width  Slow    FDRE/C   n/a            0.500         5.000       4.500      SLICE_X5Y84     divider/count_reg[1]/C
High Pulse Width  Slow    FDRE/C   n/a            0.500         5.000       4.500      SLICE_X5Y84     divider/count_reg[2]/C
High Pulse Width  Slow    FDRE/C   n/a            0.500         5.000       4.500      SLICE_X5Y84     divider/count_reg[3]/C
High Pulse Width  Slow    FDRE/C   n/a            0.500         5.000       4.500      SLICE_X5Y84     divider/count_reg[4]/C
High Pulse Width  Slow    FDRE/C   n/a            0.500         5.000       4.500      SLICE_X0Y84     disp_divider/clk_ctr_reg[16]/C
High Pulse Width  Slow    FDRE/C   n/a            0.500         5.000       4.500      SLICE_X0Y84     disp_divider/clk_ctr_reg[17]/C



