#-----------------------------------------------------------
# Vivado v2019.2 (64-bit)
# SW Build 2708876 on Wed Nov  6 21:40:23 MST 2019
# IP Build 2700528 on Thu Nov  7 00:09:20 MST 2019
# Start of session at: Sun May 17 02:24:24 2020
# Process ID: 17000
# Current directory: C:/Users/yma82/aaa/rxnmongroup15/Countdown
# Command line: vivado.exe -gui_launcher_event rodinguilauncherevent16780 C:\Users\yma82\aaa\rxnmongroup15\Countdown\Countdown.xpr
# Log file: C:/Users/yma82/aaa/rxnmongroup15/Countdown/vivado.log
# Journal file: C:/Users/yma82/aaa/rxnmongroup15/Countdown\vivado.jou
#-----------------------------------------------------------
start_gui
open_project C:/Users/yma82/aaa/rxnmongroup15/Countdown/Countdown.xpr
INFO: [Project 1-313] Project file moved from 'C:/Users/yma82/VHDL373project/attempt5/rxnmongroup15/Countdown' since last save.
CRITICAL WARNING: [Project 1-311] Could not find the file 'C:/Users/yma82/thismightwork/rxnmongroup15/VHDL Code/prompt_divider.vhd', nor could it be found using path 'C:/Users/yma82/VHDL373project/thismightwork/rxnmongroup15/VHDL Code/prompt_divider.vhd'.
Scanning sources...
Finished scanning sources
WARNING: [filemgmt 56-3] IP Output Repository Path: Could not find the directory 'C:/Users/yma82/VHDL373project/Thiswillwork/rxnmongroup15/Countdown/Countdown.cache/ip'.
INFO: [IP_Flow 19-234] Refreshing IP repositories
INFO: [IP_Flow 19-1704] No user IP repositories specified
INFO: [IP_Flow 19-2313] Loaded Vivado IP repository 'C:/Xilinx/Vivado/2019.2/data/ip'.
open_project: Time (s): cpu = 00:00:16 ; elapsed = 00:00:06 . Memory (MB): peak = 844.297 ; gain = 194.063
