#-----------------------------------------------------------
# Vivado v2019.2 (64-bit)
# SW Build 2708876 on Wed Nov  6 21:40:23 MST 2019
# IP Build 2700528 on Thu Nov  7 00:09:20 MST 2019
# Start of session at: Thu May 14 20:46:06 2020
# Process ID: 9336
# Current directory: C:/Users/Lachie/Documents/373/rxnmongroup15/Lab1-Adders
# Command line: vivado.exe -gui_launcher_event rodinguilauncherevent7832 C:\Users\Lachie\Documents\373\rxnmongroup15\Lab1-Adders\Lab1-Adders.xpr
# Log file: C:/Users/Lachie/Documents/373/rxnmongroup15/Lab1-Adders/vivado.log
# Journal file: C:/Users/Lachie/Documents/373/rxnmongroup15/Lab1-Adders\vivado.jou
#-----------------------------------------------------------
start_gui
open_project C:/Users/Lachie/Documents/373/rxnmongroup15/Lab1-Adders/Lab1-Adders.xpr
INFO: [Project 1-313] Project file moved from 'C:/Users/yma82/373VivadoFinal/Lab1-Adders' since last save.
Scanning sources...
Finished scanning sources
WARNING: [filemgmt 56-2] IPUserFilesDir: Could not find the directory 'C:/Users/Lachie/Documents/373/rxnmongroup15/Lab1-Adders/Lab1-Adders.ip_user_files', nor could it be found using path 'C:/Users/yma82/373VivadoFinal/Lab1-Adders/Lab1-Adders.ip_user_files'.
INFO: [IP_Flow 19-234] Refreshing IP repositories
INFO: [IP_Flow 19-1704] No user IP repositories specified
INFO: [IP_Flow 19-2313] Loaded Vivado IP repository 'D:/Vivado/2019.2/data/ip'.
open_project: Time (s): cpu = 00:00:15 ; elapsed = 00:00:06 . Memory (MB): peak = 788.176 ; gain = 153.551
update_compile_order -fileset sources_1
exit
INFO: [Common 17-206] Exiting Vivado at Thu May 14 21:09:53 2020...
