
*** Running vivado
    with args -log Top_Level.vds -m64 -product Vivado -mode batch -messageDb vivado.pb -notrace -source Top_Level.tcl


****** Vivado v2019.2 (64-bit)
  **** SW Build 2708876 on Wed Nov  6 21:40:23 MST 2019
  **** IP Build 2700528 on Thu Nov  7 00:09:20 MST 2019
    ** Copyright 1986-2019 Xilinx, Inc. All Rights Reserved.

source Top_Level.tcl -notrace
Command: synth_design -top Top_Level -part xc7a100tcsg324-3
Starting synth_design
Attempting to get a license for feature 'Synthesis' and/or device 'xc7a100t'
INFO: [Common 17-349] Got license for feature 'Synthesis' and/or device 'xc7a100t'
INFO: [Device 21-403] Loading part xc7a100tcsg324-3
INFO: Launching helper process for spawning children vivado processes
INFO: Helper process launched with PID 1504 
---------------------------------------------------------------------------------
Starting RTL Elaboration : Time (s): cpu = 00:00:08 ; elapsed = 00:00:09 . Memory (MB): peak = 851.883 ; gain = 234.492
---------------------------------------------------------------------------------
INFO: [Synth 8-638] synthesizing module 'Top_Level' [C:/Users/Lachie/Documents/373/rxnmongroup15/ReactionTimerProject/ReactionTimerProject.srcs/sources_1/new/Top_Level.vhd:43]
INFO: [Synth 8-3491] module 'BCD_to_7SEG' declared at 'C:/Users/Lachie/Documents/373/rxnmongroup15/ReactionTimerProject/ReactionTimerProject.srcs/sources_1/imports/VHDL Code/BCD_to_7SEG.vhd:17' bound to instance 'display' of component 'BCD_to_7SEG' [C:/Users/Lachie/Documents/373/rxnmongroup15/ReactionTimerProject/ReactionTimerProject.srcs/sources_1/new/Top_Level.vhd:80]
INFO: [Synth 8-638] synthesizing module 'BCD_to_7SEG' [C:/Users/Lachie/Documents/373/rxnmongroup15/ReactionTimerProject/ReactionTimerProject.srcs/sources_1/imports/VHDL Code/BCD_to_7SEG.vhd:22]
INFO: [Synth 8-256] done synthesizing module 'BCD_to_7SEG' (1#1) [C:/Users/Lachie/Documents/373/rxnmongroup15/ReactionTimerProject/ReactionTimerProject.srcs/sources_1/imports/VHDL Code/BCD_to_7SEG.vhd:22]
INFO: [Synth 8-3491] module 'clock_divider_1hz' declared at 'C:/Users/Lachie/Documents/373/rxnmongroup15/VHDL Code/Blairs_clock_divider.vhd:21' bound to instance 'divider' of component 'clock_divider_1hz' [C:/Users/Lachie/Documents/373/rxnmongroup15/ReactionTimerProject/ReactionTimerProject.srcs/sources_1/new/Top_Level.vhd:92]
INFO: [Synth 8-638] synthesizing module 'clock_divider_1hz' [C:/Users/Lachie/Documents/373/rxnmongroup15/VHDL Code/Blairs_clock_divider.vhd:54]
	Parameter INPUT_FREQUENCY bound to: 100000000 - type: integer 
	Parameter OUTPUT_FREQUENCY bound to: 1000 - type: integer 
INFO: [Synth 8-256] done synthesizing module 'clock_divider_1hz' (2#1) [C:/Users/Lachie/Documents/373/rxnmongroup15/VHDL Code/Blairs_clock_divider.vhd:54]
INFO: [Synth 8-3491] module 'counter' declared at 'C:/Users/Lachie/Documents/373/rxnmongroup15/ReactionTimerProject/ReactionTimerProject.srcs/sources_1/imports/VHDL Code/four_bit_counter_with_clear.vhd:9' bound to instance 'bit_counter0' of component 'counter' [C:/Users/Lachie/Documents/373/rxnmongroup15/ReactionTimerProject/ReactionTimerProject.srcs/sources_1/new/Top_Level.vhd:95]
INFO: [Synth 8-638] synthesizing module 'counter' [C:/Users/Lachie/Documents/373/rxnmongroup15/ReactionTimerProject/ReactionTimerProject.srcs/sources_1/imports/VHDL Code/four_bit_counter_with_clear.vhd:15]
INFO: [Synth 8-256] done synthesizing module 'counter' (3#1) [C:/Users/Lachie/Documents/373/rxnmongroup15/ReactionTimerProject/ReactionTimerProject.srcs/sources_1/imports/VHDL Code/four_bit_counter_with_clear.vhd:15]
INFO: [Synth 8-3491] module 'counter' declared at 'C:/Users/Lachie/Documents/373/rxnmongroup15/ReactionTimerProject/ReactionTimerProject.srcs/sources_1/imports/VHDL Code/four_bit_counter_with_clear.vhd:9' bound to instance 'bit_counter1' of component 'counter' [C:/Users/Lachie/Documents/373/rxnmongroup15/ReactionTimerProject/ReactionTimerProject.srcs/sources_1/new/Top_Level.vhd:99]
INFO: [Synth 8-3491] module 'counter' declared at 'C:/Users/Lachie/Documents/373/rxnmongroup15/ReactionTimerProject/ReactionTimerProject.srcs/sources_1/imports/VHDL Code/four_bit_counter_with_clear.vhd:9' bound to instance 'bit_counter2' of component 'counter' [C:/Users/Lachie/Documents/373/rxnmongroup15/ReactionTimerProject/ReactionTimerProject.srcs/sources_1/new/Top_Level.vhd:103]
INFO: [Synth 8-3491] module 'counter' declared at 'C:/Users/Lachie/Documents/373/rxnmongroup15/ReactionTimerProject/ReactionTimerProject.srcs/sources_1/imports/VHDL Code/four_bit_counter_with_clear.vhd:9' bound to instance 'bit_counter3' of component 'counter' [C:/Users/Lachie/Documents/373/rxnmongroup15/ReactionTimerProject/ReactionTimerProject.srcs/sources_1/new/Top_Level.vhd:107]
INFO: [Synth 8-3491] module 'disp_div' declared at 'C:/Users/Lachie/Documents/373/rxnmongroup15/ReactionTimerProject/ReactionTimerProject.srcs/sources_1/new/display_div.vhd:36' bound to instance 'disp_divider' of component 'disp_div' [C:/Users/Lachie/Documents/373/rxnmongroup15/ReactionTimerProject/ReactionTimerProject.srcs/sources_1/new/Top_Level.vhd:112]
INFO: [Synth 8-638] synthesizing module 'disp_div' [C:/Users/Lachie/Documents/373/rxnmongroup15/ReactionTimerProject/ReactionTimerProject.srcs/sources_1/new/display_div.vhd:43]
INFO: [Synth 8-256] done synthesizing module 'disp_div' (4#1) [C:/Users/Lachie/Documents/373/rxnmongroup15/ReactionTimerProject/ReactionTimerProject.srcs/sources_1/new/display_div.vhd:43]
WARNING: [Synth 8-614] signal 'o1' is read in the process but is not in the sensitivity list [C:/Users/Lachie/Documents/373/rxnmongroup15/ReactionTimerProject/ReactionTimerProject.srcs/sources_1/new/Top_Level.vhd:114]
WARNING: [Synth 8-614] signal 'o2' is read in the process but is not in the sensitivity list [C:/Users/Lachie/Documents/373/rxnmongroup15/ReactionTimerProject/ReactionTimerProject.srcs/sources_1/new/Top_Level.vhd:114]
WARNING: [Synth 8-614] signal 'o3' is read in the process but is not in the sensitivity list [C:/Users/Lachie/Documents/373/rxnmongroup15/ReactionTimerProject/ReactionTimerProject.srcs/sources_1/new/Top_Level.vhd:114]
WARNING: [Synth 8-614] signal 'o4' is read in the process but is not in the sensitivity list [C:/Users/Lachie/Documents/373/rxnmongroup15/ReactionTimerProject/ReactionTimerProject.srcs/sources_1/new/Top_Level.vhd:114]
WARNING: [Synth 8-3848] Net LED in module/entity Top_Level does not have driver. [C:/Users/Lachie/Documents/373/rxnmongroup15/ReactionTimerProject/ReactionTimerProject.srcs/sources_1/new/Top_Level.vhd:39]
INFO: [Synth 8-256] done synthesizing module 'Top_Level' (5#1) [C:/Users/Lachie/Documents/373/rxnmongroup15/ReactionTimerProject/ReactionTimerProject.srcs/sources_1/new/Top_Level.vhd:43]
WARNING: [Synth 8-3331] design Top_Level has unconnected port LED[0]
WARNING: [Synth 8-3331] design Top_Level has unconnected port SW[3]
WARNING: [Synth 8-3331] design Top_Level has unconnected port SW[2]
WARNING: [Synth 8-3331] design Top_Level has unconnected port SW[1]
WARNING: [Synth 8-3331] design Top_Level has unconnected port SW[0]
---------------------------------------------------------------------------------
Finished RTL Elaboration : Time (s): cpu = 00:00:10 ; elapsed = 00:00:12 . Memory (MB): peak = 925.184 ; gain = 307.793
---------------------------------------------------------------------------------

Report Check Netlist: 
+------+------------------+-------+---------+-------+------------------+
|      |Item              |Errors |Warnings |Status |Description       |
+------+------------------+-------+---------+-------+------------------+
|1     |multi_driven_nets |      0|        0|Passed |Multi driven nets |
+------+------------------+-------+---------+-------+------------------+
---------------------------------------------------------------------------------
Start Handling Custom Attributes
---------------------------------------------------------------------------------
---------------------------------------------------------------------------------
Finished Handling Custom Attributes : Time (s): cpu = 00:00:11 ; elapsed = 00:00:13 . Memory (MB): peak = 925.184 ; gain = 307.793
---------------------------------------------------------------------------------
---------------------------------------------------------------------------------
Finished RTL Optimization Phase 1 : Time (s): cpu = 00:00:11 ; elapsed = 00:00:13 . Memory (MB): peak = 925.184 ; gain = 307.793
---------------------------------------------------------------------------------
Netlist sorting complete. Time (s): cpu = 00:00:00 ; elapsed = 00:00:00.004 . Memory (MB): peak = 925.184 ; gain = 0.000
INFO: [Project 1-570] Preparing netlist for logic optimization

Processing XDC Constraints
Initializing timing engine
Parsing XDC File [C:/Users/Lachie/Documents/373/rxnmongroup15/ReactionTimerProject/ReactionTimerProject.srcs/constrs_1/imports/VHDL Code/Nexys4DDR_Master.xdc]
WARNING: [Vivado 12-584] No ports matched 'SW[4]'. [C:/Users/Lachie/Documents/373/rxnmongroup15/ReactionTimerProject/ReactionTimerProject.srcs/constrs_1/imports/VHDL Code/Nexys4DDR_Master.xdc:17]
CRITICAL WARNING: [Common 17-55] 'set_property' expects at least one object. [C:/Users/Lachie/Documents/373/rxnmongroup15/ReactionTimerProject/ReactionTimerProject.srcs/constrs_1/imports/VHDL Code/Nexys4DDR_Master.xdc:17]
Resolution: If [get_<value>] was used to populate the object, check to make sure this command returns at least one valid object.
WARNING: [Vivado 12-584] No ports matched 'SW[5]'. [C:/Users/Lachie/Documents/373/rxnmongroup15/ReactionTimerProject/ReactionTimerProject.srcs/constrs_1/imports/VHDL Code/Nexys4DDR_Master.xdc:18]
CRITICAL WARNING: [Common 17-55] 'set_property' expects at least one object. [C:/Users/Lachie/Documents/373/rxnmongroup15/ReactionTimerProject/ReactionTimerProject.srcs/constrs_1/imports/VHDL Code/Nexys4DDR_Master.xdc:18]
Resolution: If [get_<value>] was used to populate the object, check to make sure this command returns at least one valid object.
WARNING: [Vivado 12-584] No ports matched 'SW[6]'. [C:/Users/Lachie/Documents/373/rxnmongroup15/ReactionTimerProject/ReactionTimerProject.srcs/constrs_1/imports/VHDL Code/Nexys4DDR_Master.xdc:19]
CRITICAL WARNING: [Common 17-55] 'set_property' expects at least one object. [C:/Users/Lachie/Documents/373/rxnmongroup15/ReactionTimerProject/ReactionTimerProject.srcs/constrs_1/imports/VHDL Code/Nexys4DDR_Master.xdc:19]
Resolution: If [get_<value>] was used to populate the object, check to make sure this command returns at least one valid object.
WARNING: [Vivado 12-584] No ports matched 'SW[7]'. [C:/Users/Lachie/Documents/373/rxnmongroup15/ReactionTimerProject/ReactionTimerProject.srcs/constrs_1/imports/VHDL Code/Nexys4DDR_Master.xdc:20]
CRITICAL WARNING: [Common 17-55] 'set_property' expects at least one object. [C:/Users/Lachie/Documents/373/rxnmongroup15/ReactionTimerProject/ReactionTimerProject.srcs/constrs_1/imports/VHDL Code/Nexys4DDR_Master.xdc:20]
Resolution: If [get_<value>] was used to populate the object, check to make sure this command returns at least one valid object.
WARNING: [Vivado 12-584] No ports matched 'SW[8]'. [C:/Users/Lachie/Documents/373/rxnmongroup15/ReactionTimerProject/ReactionTimerProject.srcs/constrs_1/imports/VHDL Code/Nexys4DDR_Master.xdc:21]
CRITICAL WARNING: [Common 17-55] 'set_property' expects at least one object. [C:/Users/Lachie/Documents/373/rxnmongroup15/ReactionTimerProject/ReactionTimerProject.srcs/constrs_1/imports/VHDL Code/Nexys4DDR_Master.xdc:21]
Resolution: If [get_<value>] was used to populate the object, check to make sure this command returns at least one valid object.
WARNING: [Vivado 12-584] No ports matched 'SW[9]'. [C:/Users/Lachie/Documents/373/rxnmongroup15/ReactionTimerProject/ReactionTimerProject.srcs/constrs_1/imports/VHDL Code/Nexys4DDR_Master.xdc:22]
CRITICAL WARNING: [Common 17-55] 'set_property' expects at least one object. [C:/Users/Lachie/Documents/373/rxnmongroup15/ReactionTimerProject/ReactionTimerProject.srcs/constrs_1/imports/VHDL Code/Nexys4DDR_Master.xdc:22]
Resolution: If [get_<value>] was used to populate the object, check to make sure this command returns at least one valid object.
WARNING: [Vivado 12-584] No ports matched 'SW[10]'. [C:/Users/Lachie/Documents/373/rxnmongroup15/ReactionTimerProject/ReactionTimerProject.srcs/constrs_1/imports/VHDL Code/Nexys4DDR_Master.xdc:23]
CRITICAL WARNING: [Common 17-55] 'set_property' expects at least one object. [C:/Users/Lachie/Documents/373/rxnmongroup15/ReactionTimerProject/ReactionTimerProject.srcs/constrs_1/imports/VHDL Code/Nexys4DDR_Master.xdc:23]
Resolution: If [get_<value>] was used to populate the object, check to make sure this command returns at least one valid object.
WARNING: [Vivado 12-584] No ports matched 'SW[11]'. [C:/Users/Lachie/Documents/373/rxnmongroup15/ReactionTimerProject/ReactionTimerProject.srcs/constrs_1/imports/VHDL Code/Nexys4DDR_Master.xdc:24]
CRITICAL WARNING: [Common 17-55] 'set_property' expects at least one object. [C:/Users/Lachie/Documents/373/rxnmongroup15/ReactionTimerProject/ReactionTimerProject.srcs/constrs_1/imports/VHDL Code/Nexys4DDR_Master.xdc:24]
Resolution: If [get_<value>] was used to populate the object, check to make sure this command returns at least one valid object.
WARNING: [Vivado 12-584] No ports matched 'SW[12]'. [C:/Users/Lachie/Documents/373/rxnmongroup15/ReactionTimerProject/ReactionTimerProject.srcs/constrs_1/imports/VHDL Code/Nexys4DDR_Master.xdc:25]
CRITICAL WARNING: [Common 17-55] 'set_property' expects at least one object. [C:/Users/Lachie/Documents/373/rxnmongroup15/ReactionTimerProject/ReactionTimerProject.srcs/constrs_1/imports/VHDL Code/Nexys4DDR_Master.xdc:25]
Resolution: If [get_<value>] was used to populate the object, check to make sure this command returns at least one valid object.
WARNING: [Vivado 12-584] No ports matched 'SW[13]'. [C:/Users/Lachie/Documents/373/rxnmongroup15/ReactionTimerProject/ReactionTimerProject.srcs/constrs_1/imports/VHDL Code/Nexys4DDR_Master.xdc:26]
CRITICAL WARNING: [Common 17-55] 'set_property' expects at least one object. [C:/Users/Lachie/Documents/373/rxnmongroup15/ReactionTimerProject/ReactionTimerProject.srcs/constrs_1/imports/VHDL Code/Nexys4DDR_Master.xdc:26]
Resolution: If [get_<value>] was used to populate the object, check to make sure this command returns at least one valid object.
WARNING: [Vivado 12-584] No ports matched 'SW[14]'. [C:/Users/Lachie/Documents/373/rxnmongroup15/ReactionTimerProject/ReactionTimerProject.srcs/constrs_1/imports/VHDL Code/Nexys4DDR_Master.xdc:27]
CRITICAL WARNING: [Common 17-55] 'set_property' expects at least one object. [C:/Users/Lachie/Documents/373/rxnmongroup15/ReactionTimerProject/ReactionTimerProject.srcs/constrs_1/imports/VHDL Code/Nexys4DDR_Master.xdc:27]
Resolution: If [get_<value>] was used to populate the object, check to make sure this command returns at least one valid object.
WARNING: [Vivado 12-584] No ports matched 'SW[15]'. [C:/Users/Lachie/Documents/373/rxnmongroup15/ReactionTimerProject/ReactionTimerProject.srcs/constrs_1/imports/VHDL Code/Nexys4DDR_Master.xdc:28]
CRITICAL WARNING: [Common 17-55] 'set_property' expects at least one object. [C:/Users/Lachie/Documents/373/rxnmongroup15/ReactionTimerProject/ReactionTimerProject.srcs/constrs_1/imports/VHDL Code/Nexys4DDR_Master.xdc:28]
Resolution: If [get_<value>] was used to populate the object, check to make sure this command returns at least one valid object.
WARNING: [Vivado 12-584] No ports matched 'LED[1]'. [C:/Users/Lachie/Documents/373/rxnmongroup15/ReactionTimerProject/ReactionTimerProject.srcs/constrs_1/imports/VHDL Code/Nexys4DDR_Master.xdc:34]
CRITICAL WARNING: [Common 17-55] 'set_property' expects at least one object. [C:/Users/Lachie/Documents/373/rxnmongroup15/ReactionTimerProject/ReactionTimerProject.srcs/constrs_1/imports/VHDL Code/Nexys4DDR_Master.xdc:34]
Resolution: If [get_<value>] was used to populate the object, check to make sure this command returns at least one valid object.
WARNING: [Vivado 12-584] No ports matched 'LED[2]'. [C:/Users/Lachie/Documents/373/rxnmongroup15/ReactionTimerProject/ReactionTimerProject.srcs/constrs_1/imports/VHDL Code/Nexys4DDR_Master.xdc:35]
CRITICAL WARNING: [Common 17-55] 'set_property' expects at least one object. [C:/Users/Lachie/Documents/373/rxnmongroup15/ReactionTimerProject/ReactionTimerProject.srcs/constrs_1/imports/VHDL Code/Nexys4DDR_Master.xdc:35]
Resolution: If [get_<value>] was used to populate the object, check to make sure this command returns at least one valid object.
WARNING: [Vivado 12-584] No ports matched 'LED[3]'. [C:/Users/Lachie/Documents/373/rxnmongroup15/ReactionTimerProject/ReactionTimerProject.srcs/constrs_1/imports/VHDL Code/Nexys4DDR_Master.xdc:36]
CRITICAL WARNING: [Common 17-55] 'set_property' expects at least one object. [C:/Users/Lachie/Documents/373/rxnmongroup15/ReactionTimerProject/ReactionTimerProject.srcs/constrs_1/imports/VHDL Code/Nexys4DDR_Master.xdc:36]
Resolution: If [get_<value>] was used to populate the object, check to make sure this command returns at least one valid object.
WARNING: [Vivado 12-584] No ports matched 'LED[4]'. [C:/Users/Lachie/Documents/373/rxnmongroup15/ReactionTimerProject/ReactionTimerProject.srcs/constrs_1/imports/VHDL Code/Nexys4DDR_Master.xdc:37]
CRITICAL WARNING: [Common 17-55] 'set_property' expects at least one object. [C:/Users/Lachie/Documents/373/rxnmongroup15/ReactionTimerProject/ReactionTimerProject.srcs/constrs_1/imports/VHDL Code/Nexys4DDR_Master.xdc:37]
Resolution: If [get_<value>] was used to populate the object, check to make sure this command returns at least one valid object.
WARNING: [Vivado 12-584] No ports matched 'LED[5]'. [C:/Users/Lachie/Documents/373/rxnmongroup15/ReactionTimerProject/ReactionTimerProject.srcs/constrs_1/imports/VHDL Code/Nexys4DDR_Master.xdc:38]
CRITICAL WARNING: [Common 17-55] 'set_property' expects at least one object. [C:/Users/Lachie/Documents/373/rxnmongroup15/ReactionTimerProject/ReactionTimerProject.srcs/constrs_1/imports/VHDL Code/Nexys4DDR_Master.xdc:38]
Resolution: If [get_<value>] was used to populate the object, check to make sure this command returns at least one valid object.
WARNING: [Vivado 12-584] No ports matched 'LED[6]'. [C:/Users/Lachie/Documents/373/rxnmongroup15/ReactionTimerProject/ReactionTimerProject.srcs/constrs_1/imports/VHDL Code/Nexys4DDR_Master.xdc:39]
CRITICAL WARNING: [Common 17-55] 'set_property' expects at least one object. [C:/Users/Lachie/Documents/373/rxnmongroup15/ReactionTimerProject/ReactionTimerProject.srcs/constrs_1/imports/VHDL Code/Nexys4DDR_Master.xdc:39]
Resolution: If [get_<value>] was used to populate the object, check to make sure this command returns at least one valid object.
WARNING: [Vivado 12-584] No ports matched 'LED[7]'. [C:/Users/Lachie/Documents/373/rxnmongroup15/ReactionTimerProject/ReactionTimerProject.srcs/constrs_1/imports/VHDL Code/Nexys4DDR_Master.xdc:40]
CRITICAL WARNING: [Common 17-55] 'set_property' expects at least one object. [C:/Users/Lachie/Documents/373/rxnmongroup15/ReactionTimerProject/ReactionTimerProject.srcs/constrs_1/imports/VHDL Code/Nexys4DDR_Master.xdc:40]
Resolution: If [get_<value>] was used to populate the object, check to make sure this command returns at least one valid object.
WARNING: [Vivado 12-584] No ports matched 'LED[8]'. [C:/Users/Lachie/Documents/373/rxnmongroup15/ReactionTimerProject/ReactionTimerProject.srcs/constrs_1/imports/VHDL Code/Nexys4DDR_Master.xdc:41]
CRITICAL WARNING: [Common 17-55] 'set_property' expects at least one object. [C:/Users/Lachie/Documents/373/rxnmongroup15/ReactionTimerProject/ReactionTimerProject.srcs/constrs_1/imports/VHDL Code/Nexys4DDR_Master.xdc:41]
Resolution: If [get_<value>] was used to populate the object, check to make sure this command returns at least one valid object.
WARNING: [Vivado 12-584] No ports matched 'LED[9]'. [C:/Users/Lachie/Documents/373/rxnmongroup15/ReactionTimerProject/ReactionTimerProject.srcs/constrs_1/imports/VHDL Code/Nexys4DDR_Master.xdc:42]
CRITICAL WARNING: [Common 17-55] 'set_property' expects at least one object. [C:/Users/Lachie/Documents/373/rxnmongroup15/ReactionTimerProject/ReactionTimerProject.srcs/constrs_1/imports/VHDL Code/Nexys4DDR_Master.xdc:42]
Resolution: If [get_<value>] was used to populate the object, check to make sure this command returns at least one valid object.
WARNING: [Vivado 12-584] No ports matched 'LED[10]'. [C:/Users/Lachie/Documents/373/rxnmongroup15/ReactionTimerProject/ReactionTimerProject.srcs/constrs_1/imports/VHDL Code/Nexys4DDR_Master.xdc:43]
CRITICAL WARNING: [Common 17-55] 'set_property' expects at least one object. [C:/Users/Lachie/Documents/373/rxnmongroup15/ReactionTimerProject/ReactionTimerProject.srcs/constrs_1/imports/VHDL Code/Nexys4DDR_Master.xdc:43]
Resolution: If [get_<value>] was used to populate the object, check to make sure this command returns at least one valid object.
WARNING: [Vivado 12-584] No ports matched 'LED[11]'. [C:/Users/Lachie/Documents/373/rxnmongroup15/ReactionTimerProject/ReactionTimerProject.srcs/constrs_1/imports/VHDL Code/Nexys4DDR_Master.xdc:44]
CRITICAL WARNING: [Common 17-55] 'set_property' expects at least one object. [C:/Users/Lachie/Documents/373/rxnmongroup15/ReactionTimerProject/ReactionTimerProject.srcs/constrs_1/imports/VHDL Code/Nexys4DDR_Master.xdc:44]
Resolution: If [get_<value>] was used to populate the object, check to make sure this command returns at least one valid object.
WARNING: [Vivado 12-584] No ports matched 'LED[12]'. [C:/Users/Lachie/Documents/373/rxnmongroup15/ReactionTimerProject/ReactionTimerProject.srcs/constrs_1/imports/VHDL Code/Nexys4DDR_Master.xdc:45]
CRITICAL WARNING: [Common 17-55] 'set_property' expects at least one object. [C:/Users/Lachie/Documents/373/rxnmongroup15/ReactionTimerProject/ReactionTimerProject.srcs/constrs_1/imports/VHDL Code/Nexys4DDR_Master.xdc:45]
Resolution: If [get_<value>] was used to populate the object, check to make sure this command returns at least one valid object.
WARNING: [Vivado 12-584] No ports matched 'LED[13]'. [C:/Users/Lachie/Documents/373/rxnmongroup15/ReactionTimerProject/ReactionTimerProject.srcs/constrs_1/imports/VHDL Code/Nexys4DDR_Master.xdc:46]
CRITICAL WARNING: [Common 17-55] 'set_property' expects at least one object. [C:/Users/Lachie/Documents/373/rxnmongroup15/ReactionTimerProject/ReactionTimerProject.srcs/constrs_1/imports/VHDL Code/Nexys4DDR_Master.xdc:46]
Resolution: If [get_<value>] was used to populate the object, check to make sure this command returns at least one valid object.
WARNING: [Vivado 12-584] No ports matched 'LED[14]'. [C:/Users/Lachie/Documents/373/rxnmongroup15/ReactionTimerProject/ReactionTimerProject.srcs/constrs_1/imports/VHDL Code/Nexys4DDR_Master.xdc:47]
CRITICAL WARNING: [Common 17-55] 'set_property' expects at least one object. [C:/Users/Lachie/Documents/373/rxnmongroup15/ReactionTimerProject/ReactionTimerProject.srcs/constrs_1/imports/VHDL Code/Nexys4DDR_Master.xdc:47]
Resolution: If [get_<value>] was used to populate the object, check to make sure this command returns at least one valid object.
WARNING: [Vivado 12-584] No ports matched 'LED[15]'. [C:/Users/Lachie/Documents/373/rxnmongroup15/ReactionTimerProject/ReactionTimerProject.srcs/constrs_1/imports/VHDL Code/Nexys4DDR_Master.xdc:48]
CRITICAL WARNING: [Common 17-55] 'set_property' expects at least one object. [C:/Users/Lachie/Documents/373/rxnmongroup15/ReactionTimerProject/ReactionTimerProject.srcs/constrs_1/imports/VHDL Code/Nexys4DDR_Master.xdc:48]
Resolution: If [get_<value>] was used to populate the object, check to make sure this command returns at least one valid object.
WARNING: [Vivado 12-584] No ports matched 'LED16_B'. [C:/Users/Lachie/Documents/373/rxnmongroup15/ReactionTimerProject/ReactionTimerProject.srcs/constrs_1/imports/VHDL Code/Nexys4DDR_Master.xdc:49]
CRITICAL WARNING: [Common 17-55] 'set_property' expects at least one object. [C:/Users/Lachie/Documents/373/rxnmongroup15/ReactionTimerProject/ReactionTimerProject.srcs/constrs_1/imports/VHDL Code/Nexys4DDR_Master.xdc:49]
Resolution: If [get_<value>] was used to populate the object, check to make sure this command returns at least one valid object.
WARNING: [Vivado 12-584] No ports matched 'LED16_G'. [C:/Users/Lachie/Documents/373/rxnmongroup15/ReactionTimerProject/ReactionTimerProject.srcs/constrs_1/imports/VHDL Code/Nexys4DDR_Master.xdc:50]
CRITICAL WARNING: [Common 17-55] 'set_property' expects at least one object. [C:/Users/Lachie/Documents/373/rxnmongroup15/ReactionTimerProject/ReactionTimerProject.srcs/constrs_1/imports/VHDL Code/Nexys4DDR_Master.xdc:50]
Resolution: If [get_<value>] was used to populate the object, check to make sure this command returns at least one valid object.
WARNING: [Vivado 12-584] No ports matched 'LED16_R'. [C:/Users/Lachie/Documents/373/rxnmongroup15/ReactionTimerProject/ReactionTimerProject.srcs/constrs_1/imports/VHDL Code/Nexys4DDR_Master.xdc:51]
CRITICAL WARNING: [Common 17-55] 'set_property' expects at least one object. [C:/Users/Lachie/Documents/373/rxnmongroup15/ReactionTimerProject/ReactionTimerProject.srcs/constrs_1/imports/VHDL Code/Nexys4DDR_Master.xdc:51]
Resolution: If [get_<value>] was used to populate the object, check to make sure this command returns at least one valid object.
WARNING: [Vivado 12-584] No ports matched 'LED17_B'. [C:/Users/Lachie/Documents/373/rxnmongroup15/ReactionTimerProject/ReactionTimerProject.srcs/constrs_1/imports/VHDL Code/Nexys4DDR_Master.xdc:52]
CRITICAL WARNING: [Common 17-55] 'set_property' expects at least one object. [C:/Users/Lachie/Documents/373/rxnmongroup15/ReactionTimerProject/ReactionTimerProject.srcs/constrs_1/imports/VHDL Code/Nexys4DDR_Master.xdc:52]
Resolution: If [get_<value>] was used to populate the object, check to make sure this command returns at least one valid object.
WARNING: [Vivado 12-584] No ports matched 'LED17_G'. [C:/Users/Lachie/Documents/373/rxnmongroup15/ReactionTimerProject/ReactionTimerProject.srcs/constrs_1/imports/VHDL Code/Nexys4DDR_Master.xdc:53]
CRITICAL WARNING: [Common 17-55] 'set_property' expects at least one object. [C:/Users/Lachie/Documents/373/rxnmongroup15/ReactionTimerProject/ReactionTimerProject.srcs/constrs_1/imports/VHDL Code/Nexys4DDR_Master.xdc:53]
Resolution: If [get_<value>] was used to populate the object, check to make sure this command returns at least one valid object.
WARNING: [Vivado 12-584] No ports matched 'LED17_R'. [C:/Users/Lachie/Documents/373/rxnmongroup15/ReactionTimerProject/ReactionTimerProject.srcs/constrs_1/imports/VHDL Code/Nexys4DDR_Master.xdc:54]
CRITICAL WARNING: [Common 17-55] 'set_property' expects at least one object. [C:/Users/Lachie/Documents/373/rxnmongroup15/ReactionTimerProject/ReactionTimerProject.srcs/constrs_1/imports/VHDL Code/Nexys4DDR_Master.xdc:54]
Resolution: If [get_<value>] was used to populate the object, check to make sure this command returns at least one valid object.
Finished Parsing XDC File [C:/Users/Lachie/Documents/373/rxnmongroup15/ReactionTimerProject/ReactionTimerProject.srcs/constrs_1/imports/VHDL Code/Nexys4DDR_Master.xdc]
INFO: [Project 1-236] Implementation specific constraints were found while reading constraint file [C:/Users/Lachie/Documents/373/rxnmongroup15/ReactionTimerProject/ReactionTimerProject.srcs/constrs_1/imports/VHDL Code/Nexys4DDR_Master.xdc]. These constraints will be ignored for synthesis but will be used in implementation. Impacted constraints are listed in the file [.Xil/Top_Level_propImpl.xdc].
Resolution: To avoid this warning, move constraints listed in [.Xil/Top_Level_propImpl.xdc] to another XDC file and exclude this new file from synthesis with the used_in_synthesis property (File Properties dialog in GUI) and re-run elaboration/synthesis.
Completed Processing XDC Constraints

Netlist sorting complete. Time (s): cpu = 00:00:00 ; elapsed = 00:00:00 . Memory (MB): peak = 1013.539 ; gain = 0.000
INFO: [Project 1-111] Unisim Transformation Summary:
No Unisim elements were transformed.

Constraint Validation Runtime : Time (s): cpu = 00:00:00 ; elapsed = 00:00:00.014 . Memory (MB): peak = 1013.539 ; gain = 0.000
---------------------------------------------------------------------------------
Finished Constraint Validation : Time (s): cpu = 00:00:25 ; elapsed = 00:00:27 . Memory (MB): peak = 1013.539 ; gain = 396.148
---------------------------------------------------------------------------------
---------------------------------------------------------------------------------
Start Loading Part and Timing Information
---------------------------------------------------------------------------------
Loading part: xc7a100tcsg324-3
---------------------------------------------------------------------------------
Finished Loading Part and Timing Information : Time (s): cpu = 00:00:25 ; elapsed = 00:00:27 . Memory (MB): peak = 1013.539 ; gain = 396.148
---------------------------------------------------------------------------------
---------------------------------------------------------------------------------
Start Applying 'set_property' XDC Constraints
---------------------------------------------------------------------------------
---------------------------------------------------------------------------------
Finished applying 'set_property' XDC Constraints : Time (s): cpu = 00:00:25 ; elapsed = 00:00:27 . Memory (MB): peak = 1013.539 ; gain = 396.148
---------------------------------------------------------------------------------
---------------------------------------------------------------------------------
Finished RTL Optimization Phase 2 : Time (s): cpu = 00:00:25 ; elapsed = 00:00:27 . Memory (MB): peak = 1013.539 ; gain = 396.148
---------------------------------------------------------------------------------

Report RTL Partitions: 
+-+--------------+------------+----------+
| |RTL Partition |Replication |Instances |
+-+--------------+------------+----------+
+-+--------------+------------+----------+
---------------------------------------------------------------------------------
Start RTL Component Statistics 
---------------------------------------------------------------------------------
Detailed RTL Component Info : 
+---Adders : 
	   2 Input     17 Bit       Adders := 1     
	   2 Input      4 Bit       Adders := 4     
	   2 Input      2 Bit       Adders := 1     
+---Registers : 
	               17 Bit    Registers := 1     
	                4 Bit    Registers := 4     
	                2 Bit    Registers := 1     
	                1 Bit    Registers := 8     
+---Muxes : 
	   3 Input     17 Bit        Muxes := 1     
	   4 Input      8 Bit        Muxes := 1     
	   2 Input      4 Bit        Muxes := 4     
	   4 Input      4 Bit        Muxes := 1     
	   3 Input      1 Bit        Muxes := 1     
	   4 Input      1 Bit        Muxes := 1     
---------------------------------------------------------------------------------
Finished RTL Component Statistics 
---------------------------------------------------------------------------------
---------------------------------------------------------------------------------
Start RTL Hierarchical Component Statistics 
---------------------------------------------------------------------------------
Hierarchical RTL Component report 
Module Top_Level 
Detailed RTL Component Info : 
+---Registers : 
	                1 Bit    Registers := 3     
+---Muxes : 
	   4 Input      8 Bit        Muxes := 1     
	   4 Input      4 Bit        Muxes := 1     
	   4 Input      1 Bit        Muxes := 1     
Module clock_divider_1hz 
Detailed RTL Component Info : 
+---Adders : 
	   2 Input     17 Bit       Adders := 1     
+---Registers : 
	               17 Bit    Registers := 1     
	                1 Bit    Registers := 1     
+---Muxes : 
	   3 Input     17 Bit        Muxes := 1     
	   3 Input      1 Bit        Muxes := 1     
Module counter 
Detailed RTL Component Info : 
+---Adders : 
	   2 Input      4 Bit       Adders := 1     
+---Registers : 
	                4 Bit    Registers := 1     
	                1 Bit    Registers := 1     
+---Muxes : 
	   2 Input      4 Bit        Muxes := 1     
Module disp_div 
Detailed RTL Component Info : 
+---Adders : 
	   2 Input      2 Bit       Adders := 1     
+---Registers : 
	                2 Bit    Registers := 1     
---------------------------------------------------------------------------------
Finished RTL Hierarchical Component Statistics
---------------------------------------------------------------------------------
---------------------------------------------------------------------------------
Start Part Resource Summary
---------------------------------------------------------------------------------
Part Resources:
DSPs: 240 (col length:80)
BRAMs: 270 (col length: RAMB18 80 RAMB36 40)
---------------------------------------------------------------------------------
Finished Part Resource Summary
---------------------------------------------------------------------------------
---------------------------------------------------------------------------------
Start Cross Boundary and Area Optimization
---------------------------------------------------------------------------------
Warning: Parallel synthesis criteria is not met 
WARNING: [Synth 8-3917] design Top_Level has port AN[7] driven by constant 1
WARNING: [Synth 8-3917] design Top_Level has port AN[6] driven by constant 1
WARNING: [Synth 8-3917] design Top_Level has port AN[5] driven by constant 1
WARNING: [Synth 8-3917] design Top_Level has port AN[4] driven by constant 1
WARNING: [Synth 8-3331] design Top_Level has unconnected port LED[0]
WARNING: [Synth 8-3331] design Top_Level has unconnected port SW[3]
WARNING: [Synth 8-3331] design Top_Level has unconnected port SW[2]
WARNING: [Synth 8-3331] design Top_Level has unconnected port SW[1]
WARNING: [Synth 8-3331] design Top_Level has unconnected port SW[0]
---------------------------------------------------------------------------------
Finished Cross Boundary and Area Optimization : Time (s): cpu = 00:00:29 ; elapsed = 00:00:32 . Memory (MB): peak = 1013.539 ; gain = 396.148
---------------------------------------------------------------------------------

Report RTL Partitions: 
+-+--------------+------------+----------+
| |RTL Partition |Replication |Instances |
+-+--------------+------------+----------+
+-+--------------+------------+----------+
---------------------------------------------------------------------------------
Start Applying XDC Timing Constraints
---------------------------------------------------------------------------------
---------------------------------------------------------------------------------
Finished Applying XDC Timing Constraints : Time (s): cpu = 00:00:44 ; elapsed = 00:00:47 . Memory (MB): peak = 1013.539 ; gain = 396.148
---------------------------------------------------------------------------------
---------------------------------------------------------------------------------
Start Timing Optimization
---------------------------------------------------------------------------------
---------------------------------------------------------------------------------
Finished Timing Optimization : Time (s): cpu = 00:00:44 ; elapsed = 00:00:47 . Memory (MB): peak = 1022.930 ; gain = 405.539
---------------------------------------------------------------------------------

Report RTL Partitions: 
+-+--------------+------------+----------+
| |RTL Partition |Replication |Instances |
+-+--------------+------------+----------+
+-+--------------+------------+----------+
---------------------------------------------------------------------------------
Start Technology Mapping
---------------------------------------------------------------------------------
---------------------------------------------------------------------------------
Finished Technology Mapping : Time (s): cpu = 00:00:45 ; elapsed = 00:00:47 . Memory (MB): peak = 1022.930 ; gain = 405.539
---------------------------------------------------------------------------------

Report RTL Partitions: 
+-+--------------+------------+----------+
| |RTL Partition |Replication |Instances |
+-+--------------+------------+----------+
+-+--------------+------------+----------+
---------------------------------------------------------------------------------
Start IO Insertion
---------------------------------------------------------------------------------
---------------------------------------------------------------------------------
Start Flattening Before IO Insertion
---------------------------------------------------------------------------------
---------------------------------------------------------------------------------
Finished Flattening Before IO Insertion
---------------------------------------------------------------------------------
---------------------------------------------------------------------------------
Start Final Netlist Cleanup
---------------------------------------------------------------------------------
---------------------------------------------------------------------------------
Finished Final Netlist Cleanup
---------------------------------------------------------------------------------
---------------------------------------------------------------------------------
Finished IO Insertion : Time (s): cpu = 00:00:53 ; elapsed = 00:00:56 . Memory (MB): peak = 1030.984 ; gain = 413.594
---------------------------------------------------------------------------------
---------------------------------------------------------------------------------
Start Renaming Generated Instances
---------------------------------------------------------------------------------
---------------------------------------------------------------------------------
Finished Renaming Generated Instances : Time (s): cpu = 00:00:53 ; elapsed = 00:00:56 . Memory (MB): peak = 1030.984 ; gain = 413.594
---------------------------------------------------------------------------------

Report RTL Partitions: 
+-+--------------+------------+----------+
| |RTL Partition |Replication |Instances |
+-+--------------+------------+----------+
+-+--------------+------------+----------+

Report Check Netlist: 
+------+------------------+-------+---------+-------+------------------+
|      |Item              |Errors |Warnings |Status |Description       |
+------+------------------+-------+---------+-------+------------------+
|1     |multi_driven_nets |      0|        0|Passed |Multi driven nets |
+------+------------------+-------+---------+-------+------------------+
---------------------------------------------------------------------------------
Start Rebuilding User Hierarchy
---------------------------------------------------------------------------------
---------------------------------------------------------------------------------
Finished Rebuilding User Hierarchy : Time (s): cpu = 00:00:53 ; elapsed = 00:00:56 . Memory (MB): peak = 1030.984 ; gain = 413.594
---------------------------------------------------------------------------------
---------------------------------------------------------------------------------
Start Renaming Generated Ports
---------------------------------------------------------------------------------
---------------------------------------------------------------------------------
Finished Renaming Generated Ports : Time (s): cpu = 00:00:53 ; elapsed = 00:00:56 . Memory (MB): peak = 1030.984 ; gain = 413.594
---------------------------------------------------------------------------------
---------------------------------------------------------------------------------
Start Handling Custom Attributes
---------------------------------------------------------------------------------
---------------------------------------------------------------------------------
Finished Handling Custom Attributes : Time (s): cpu = 00:00:53 ; elapsed = 00:00:56 . Memory (MB): peak = 1030.984 ; gain = 413.594
---------------------------------------------------------------------------------
---------------------------------------------------------------------------------
Start Renaming Generated Nets
---------------------------------------------------------------------------------
---------------------------------------------------------------------------------
Finished Renaming Generated Nets : Time (s): cpu = 00:00:53 ; elapsed = 00:00:56 . Memory (MB): peak = 1030.984 ; gain = 413.594
---------------------------------------------------------------------------------
---------------------------------------------------------------------------------
Start Writing Synthesis Report
---------------------------------------------------------------------------------

Report BlackBoxes: 
+-+--------------+----------+
| |BlackBox name |Instances |
+-+--------------+----------+
+-+--------------+----------+

Report Cell Usage: 
+------+-------+------+
|      |Cell   |Count |
+------+-------+------+
|1     |BUFG   |     1|
|2     |CARRY4 |    11|
|3     |LUT1   |     6|
|4     |LUT2   |    22|
|5     |LUT3   |     6|
|6     |LUT4   |    18|
|7     |LUT5   |     2|
|8     |LUT6   |    20|
|9     |FDCE   |    34|
|10    |FDRE   |    35|
|11    |IBUF   |     3|
|12    |OBUF   |    16|
|13    |OBUFT  |     1|
+------+-------+------+

Report Instance Areas: 
+------+---------------+------------------+------+
|      |Instance       |Module            |Cells |
+------+---------------+------------------+------+
|1     |top            |                  |   175|
|2     |  bit_counter0 |counter           |    10|
|3     |  bit_counter1 |counter_0         |    10|
|4     |  bit_counter2 |counter_1         |    10|
|5     |  bit_counter3 |counter_2         |     8|
|6     |  disp_divider |disp_div          |    61|
|7     |  divider      |clock_divider_1hz |    52|
+------+---------------+------------------+------+
---------------------------------------------------------------------------------
Finished Writing Synthesis Report : Time (s): cpu = 00:00:53 ; elapsed = 00:00:56 . Memory (MB): peak = 1030.984 ; gain = 413.594
---------------------------------------------------------------------------------
Synthesis finished with 0 errors, 0 critical warnings and 9 warnings.
Synthesis Optimization Runtime : Time (s): cpu = 00:00:38 ; elapsed = 00:00:51 . Memory (MB): peak = 1030.984 ; gain = 325.238
Synthesis Optimization Complete : Time (s): cpu = 00:00:54 ; elapsed = 00:00:56 . Memory (MB): peak = 1030.984 ; gain = 413.594
INFO: [Project 1-571] Translating synthesized netlist
Netlist sorting complete. Time (s): cpu = 00:00:00 ; elapsed = 00:00:00.003 . Memory (MB): peak = 1042.039 ; gain = 0.000
INFO: [Netlist 29-17] Analyzing 11 Unisim elements for replacement
INFO: [Netlist 29-28] Unisim Transformation completed in 0 CPU seconds
INFO: [Project 1-570] Preparing netlist for logic optimization
INFO: [Opt 31-138] Pushed 0 inverter(s) to 0 load pin(s).
Netlist sorting complete. Time (s): cpu = 00:00:00 ; elapsed = 00:00:00.001 . Memory (MB): peak = 1046.559 ; gain = 0.000
INFO: [Project 1-111] Unisim Transformation Summary:
No Unisim elements were transformed.

INFO: [Common 17-83] Releasing license: Synthesis
29 Infos, 52 Warnings, 33 Critical Warnings and 0 Errors encountered.
synth_design completed successfully
synth_design: Time (s): cpu = 00:01:05 ; elapsed = 00:01:08 . Memory (MB): peak = 1046.559 ; gain = 741.641
Netlist sorting complete. Time (s): cpu = 00:00:00 ; elapsed = 00:00:00 . Memory (MB): peak = 1046.559 ; gain = 0.000
WARNING: [Constraints 18-5210] No constraints selected for write.
Resolution: This message can indicate that there are no constraints for the design, or it can indicate that the used_in flags are set such that the constraints are ignored. This later case is used when running synth_design to not write synthesis constraints to the resulting checkpoint. Instead, project constraints are read when the synthesized design is opened.
INFO: [Common 17-1381] The checkpoint 'C:/Users/Lachie/Documents/373/rxnmongroup15/ReactionTimerProject/ReactionTimerProject.runs/synth_1/Top_Level.dcp' has been generated.
INFO: [runtcl-4] Executing : report_utilization -file Top_Level_utilization_synth.rpt -pb Top_Level_utilization_synth.pb
INFO: [Common 17-206] Exiting Vivado at Fri May 15 17:58:42 2020...
