#-----------------------------------------------------------
# Vivado v2019.2 (64-bit)
# SW Build 2708876 on Wed Nov  6 21:40:23 MST 2019
# IP Build 2700528 on Thu Nov  7 00:09:20 MST 2019
# Start of session at: Sat May 16 00:47:41 2020
# Process ID: 3552
# Current directory: C:/Users/yma82/VHDL373project/Thiswillwork/rxnmongroup15/Countdown
# Command line: vivado.exe -gui_launcher_event rodinguilauncherevent14632 C:\Users\yma82\VHDL373project\Thiswillwork\rxnmongroup15\Countdown\Countdown.xpr
# Log file: C:/Users/yma82/VHDL373project/Thiswillwork/rxnmongroup15/Countdown/vivado.log
# Journal file: C:/Users/yma82/VHDL373project/Thiswillwork/rxnmongroup15/Countdown\vivado.jou
#-----------------------------------------------------------
start_gui
open_project C:/Users/yma82/VHDL373project/Thiswillwork/rxnmongroup15/Countdown/Countdown.xpr
INFO: [Project 1-313] Project file moved from 'C:/Users/yma82/VHDL373project/thismightwork/rxnmongroup15/Countdown' since last save.
WARNING: [Project 1-312] File not found as 'C:/Users/yma82/VHDL373project/Thiswillwork/rxnmongroup15/VHDL Code/prompt_divider.vhd'; using path 'C:/Users/yma82/VHDL373project/thismightwork/rxnmongroup15/VHDL Code/prompt_divider.vhd' instead.
Scanning sources...
Finished scanning sources
WARNING: [Project 1-312] File not found as 'C:/Users/yma82/VHDL373project/Thiswillwork/rxnmongroup15/VHDL Code/prompt_divider.vhd'; using path 'C:/Users/yma82/VHDL373project/thismightwork/rxnmongroup15/VHDL Code/prompt_divider.vhd' instead.
WARNING: [Project 1-312] File not found as 'C:/Users/yma82/VHDL373project/Thiswillwork/rxnmongroup15/VHDL Code/prompt_divider.vhd'; using path 'C:/Users/yma82/VHDL373project/thismightwork/rxnmongroup15/VHDL Code/prompt_divider.vhd' instead.
INFO: [IP_Flow 19-234] Refreshing IP repositories
INFO: [IP_Flow 19-1704] No user IP repositories specified
INFO: [IP_Flow 19-2313] Loaded Vivado IP repository 'C:/Xilinx/Vivado/2019.2/data/ip'.
open_project: Time (s): cpu = 00:00:17 ; elapsed = 00:00:07 . Memory (MB): peak = 761.047 ; gain = 153.988
