#-----------------------------------------------------------
# Vivado v2019.2 (64-bit)
# SW Build 2708876 on Wed Nov  6 21:40:23 MST 2019
# IP Build 2700528 on Thu Nov  7 00:09:20 MST 2019
# Start of session at: Sun May 17 22:14:17 2020
# Process ID: 3016
# Current directory: C:/Users/yma82/temp/rxnmongroup15/Countdown
# Command line: vivado.exe -gui_launcher_event rodinguilauncherevent12728 C:\Users\yma82\temp\rxnmongroup15\Countdown\Countdown.xpr
# Log file: C:/Users/yma82/temp/rxnmongroup15/Countdown/vivado.log
# Journal file: C:/Users/yma82/temp/rxnmongroup15/Countdown\vivado.jou
#-----------------------------------------------------------
start_gui
open_project C:/Users/yma82/temp/rxnmongroup15/Countdown/Countdown.xpr
INFO: [Project 1-313] Project file moved from 'C:/Users/Harri/Documents/rxnmongroup15/Countdown' since last save.
CRITICAL WARNING: [Project 1-311] Could not find the file 'C:/Users/yma82/thismightwork/rxnmongroup15/VHDL Code/prompt_divider.vhd', nor could it be found using path 'C:/Users/Harri/thismightwork/rxnmongroup15/VHDL Code/prompt_divider.vhd'.
Scanning sources...
Finished scanning sources
INFO: [IP_Flow 19-234] Refreshing IP repositories
INFO: [IP_Flow 19-1704] No user IP repositories specified
INFO: [IP_Flow 19-2313] Loaded Vivado IP repository 'C:/Xilinx/Vivado/2019.2/data/ip'.
open_project: Time (s): cpu = 00:00:19 ; elapsed = 00:00:09 . Memory (MB): peak = 801.605 ; gain = 176.164
update_compile_order -fileset sources_1
ereset_run synth_1
launch_runs impl_1 -to_step write_bitstream -jobs 4
[S