#-----------------------------------------------------------
# Vivado v2019.2 (64-bit)
# SW Build 2708876 on Wed Nov  6 21:40:23 MST 2019
# IP Build 2700528 on Thu Nov  7 00:09:20 MST 2019
# Start of session at: Sun May 17 04:16:36 2020
# Process ID: 15596
# Current directory: C:/Users/yma82/squareone/rxnmongroup15/Countdown
# Command line: vivado.exe -gui_launcher_event rodinguilauncherevent5612 C:\Users\yma82\squareone\rxnmongroup15\Countdown\Countdown.xpr
# Log file: C:/Users/yma82/squareone/rxnmongroup15/Countdown/vivado.log
# Journal file: C:/Users/yma82/squareone/rxnmongroup15/Countdown\vivado.jou
#-----------------------------------------------------------
start_gui
open_project C:/Users/yma82/squareone/rxnmongroup15/Countdown/Countdown.xpr
INFO: [Project 1-313] Project file moved from 'C:/Users/yma82/aaa/rxnmongroup15/Countdown' since last save.
CRITICAL WARNING: [Project 1-19] Could not find the file 'C:/Users/yma82/thismightwork/rxnmongroup15/VHDL Code/prompt_divider.vhd'.
Scanning sources...
Finished scanning sources
INFO: [IP_Flow 19-234] Refreshing IP repositories
INFO: [IP_Flow 19-1704] No user IP repositories specified
INFO: [IP_Flow 19-2313] Loaded Vivado IP repository 'C:/Xilinx/Vivado/2019.2/data/ip'.
open_project: Time (s): cpu = 00:00:16 ; elapsed = 00:00:06 . Memory (MB): peak = 871.172 ; gain = 195.895
update_compile_order -fileset sources_1
reset_run synth_1
launch_runs impl_1 -to_step write_bitstream -jobs 4
[Sun May 17 04:17:26 2020] Launched synth_1...
Run output will be captured here: C:/Users/yma82/squareone/rxnmongroup15/Countdown/Countdown.runs/synth_1/runme.log
[Sun May 17 04:17:26 2020] Launched impl_1...
Run output will be captured here: C:/Users/yma82/squareone/rxnmongroup15/Countdown/Countdown.runs/impl_1/runme.log
