#-----------------------------------------------------------
# Vivado v2019.2 (64-bit)
# SW Build 2708876 on Wed Nov  6 21:40:23 MST 2019
# IP Build 2700528 on Thu Nov  7 00:09:20 MST 2019
# Start of session at: Sat May 16 22:02:03 2020
# Process ID: 15404
# Current directory: C:/Users/yma82/VHDL373project/attempt5/rxnmongroup15/Countdown
# Command line: vivado.exe -gui_launcher_event rodinguilauncherevent6668 C:\Users\yma82\VHDL373project\attempt5\rxnmongroup15\Countdown\Countdown.xpr
# Log file: C:/Users/yma82/VHDL373project/attempt5/rxnmongroup15/Countdown/vivado.log
# Journal file: C:/Users/yma82/VHDL373project/attempt5/rxnmongroup15/Countdown\vivado.jou
#-----------------------------------------------------------
start_gui
open_project C:/Users/yma82/VHDL373project/attempt5/rxnmongroup15/Countdown/Countdown.xpr
INFO: [Project 1-313] Project file moved from 'C:/Users/yma82/VHDL373project/Imdoingmybest/rxnmongroup15/Countdown' since last save.
Scanning sources...
Finished scanning sources
INFO: [IP_Flow 19-234] Refreshing IP repositories
INFO: [IP_Flow 19-1704] No user IP repositories specified
INFO: [IP_Flow 19-2313] Loaded Vivado IP repository 'C:/Xilinx/Vivado/2019.2/data/ip'.
open_project: Time (s): cpu = 00:00:19 ; elapsed = 00:00:07 . Memory (MB): peak = 825.129 ; gain = 171.605
update_compile_order -fileset sources_1
open_hw_manager
connect_hw_server -allow_non_jtag
INFO: [Labtools 27-2285] Connecting to hw_server url TCP:localhost:3121
INFO: [Labtools 27-2222] Launching hw_server...
INFO: [Labtools 27-2221] Launch Output:

****** Xilinx hw_server v2019.2
  **** Build date : Nov  6 2019 at 22:12:23
    ** Copyright 1986-2019 Xilinx, Inc. All Rights Reserved.


INFO: [Labtools 27-3415] Connecting to cs_server url TCP:localhost:3042
INFO: [Labtools 27-3417] Launching cs_server...
INFO: [Labtools 27-2221] Launch Output:


****** Xilinx cs_server v2019.2.0
  **** Build date : Nov 07 2019-18:28:22
    ** Copyright 2017-2019 Xilinx, Inc. All Rights Reserved.



connect_hw_server: Time (s): cpu = 00:00:01 ; elapsed = 00:00:10 . Memory (MB): peak = 857.453 ; gain = 20.770
disconnect_hw_server localhost:3121
connect_hw_server -allow_non_jtag
INFO: [Labtools 27-2285] Connecting to hw_server url TCP:localhost:3121
INFO: [Labtools 27-3415] Connecting to cs_server url TCP:localhost:3042
INFO: [Labtools 27-3414] Connected to existing cs_server.
open_hw_target
INFO: [Labtoolstcl 44-466] Opening hw_target localhost:3121/xilinx_tcf/Digilent/210292646040A
open_hw_target: Time (s): cpu = 00:00:05 ; elapsed = 00:00:05 . Memory (MB): peak = 2081.277 ; gain = 1223.824
set_property PROGRAM.FILE {C:/Users/yma82/VHDL373project/attempt5/rxnmongroup15/Countdown/Countdown.runs/impl_1/Top_Level.bit} [get_hw_devices xc7a100t_0]
current_hw_device [get_hw_devices xc7a100t_0]
refresh_hw_device -update_hw_probes false [lindex [get_hw_devices xc7a100t_0] 0]
INFO: [Labtools 27-1434] Device xc7a100t (JTAG device index = 0) is programmed with a design that has no supported debug core(s) in it.
set_property PROBES.FILE {} [get_hw_devices xc7a100t_0]
set_property FULL_PROBES.FILE {} [get_hw_devices xc7a100t_0]
set_property PROGRAM.FILE {C:/Users/yma82/VHDL373project/attempt5/rxnmongroup15/Countdown/Countdown.runs/impl_1/Top_Level.bit} [get_hw_devices xc7a100t_0]
program_hw_devices [get_hw_devices xc7a100t_0]
INFO: [Labtools 27-3164] End of startup status: HIGH
refresh_hw_device [lindex [get_hw_devices xc7a100t_0] 0]
INFO: [Labtools 27-1434] Device xc7a100t (JTAG device index = 0) is programmed with a design that has no supported debug core(s) in it.
set_property PROBES.FILE {} [get_hw_devices xc7a100t_0]
set_property FULL_PROBES.FILE {} [get_hw_devices xc7a100t_0]
set_property PROGRAM.FILE {C:/Users/yma82/VHDL373project/attempt5/rxnmongroup15/Countdown/Countdown.runs/impl_1/Top_Level.bit} [get_hw_devices xc7a100t_0]
program_hw_devices [get_hw_devices xc7a100t_0]
INFO: [Labtools 27-3164] End of startup status: HIGH
refresh_hw_device [lindex [get_hw_devices xc7a100t_0] 0]
INFO: [Labtools 27-1434] Device xc7a100t (JTAG device index = 0) is programmed with a design that has no supported debug core(s) in it.
set_property PROBES.FILE {} [get_hw_devices xc7a100t_0]
set_property FULL_PROBES.FILE {} [get_hw_devices xc7a100t_0]
set_property PROGRAM.FILE {C:/Users/yma82/VHDL373project/attempt5/rxnmongroup15/Countdown/Countdown.runs/impl_1/Top_Level.bit} [get_hw_devices xc7a100t_0]
program_hw_devices [get_hw_devices xc7a100t_0]
INFO: [Labtools 27-3164] End of startup status: HIGH
refresh_hw_device [lindex [get_hw_devices xc7a100t_0] 0]
INFO: [Labtools 27-1434] Device xc7a100t (JTAG device index = 0) is programmed with a design that has no supported debug core(s) in it.
reset_run synth_1
launch_runs impl_1 -to_step write_bitstream -jobs 4
[Sat May 16 22:21:42 2020] Launched synth_1...
Run output will be captured here: C:/Users/yma82/VHDL373project/attempt5/rxnmongroup15/Countdown/Countdown.runs/synth_1/runme.log
[Sat May 16 22:21:42 2020] Launched impl_1...
Run output will be captured here: C:/Users/yma82/VHDL373project/attempt5/rxnmongroup15/Countdown/Countdown.runs/impl_1/runme.log
ERROR: [Labtoolstcl 44-513] HW Target shutdown. Closing target: localhost:3121/xilinx_tcf/Digilent/210292646040A
INFO: [Labtoolstcl 44-466] Opening hw_target localhost:3121/xilinx_tcf/Digilent/210292646040A
INFO: [Labtools 27-1435] Device xc7a100t (JTAG device index = 0) is not programmed (DONE status = 0).
WARNING: [Labtoolstcl 44-129] No matching hw_ila_data was found.
set_property PROBES.FILE {} [get_hw_devices xc7a100t_0]
set_property FULL_PROBES.FILE {} [get_hw_devices xc7a100t_0]
set_property PROGRAM.FILE {C:/Users/yma82/VHDL373project/attempt5/rxnmongroup15/Countdown/Countdown.runs/impl_1/Top_Level.bit} [get_hw_devices xc7a100t_0]
program_hw_devices [get_hw_devices xc7a100t_0]
INFO: [Labtools 27-3164] End of startup status: HIGH
refresh_hw_device [lindex [get_hw_devices xc7a100t_0] 0]
INFO: [Labtools 27-1434] Device xc7a100t (JTAG device index = 0) is programmed with a design that has no supported debug core(s) in it.
set_property PROBES.FILE {} [get_hw_devices xc7a100t_0]
set_property FULL_PROBES.FILE {} [get_hw_devices xc7a100t_0]
set_property PROGRAM.FILE {C:/Users/yma82/VHDL373project/attempt5/rxnmongroup15/Countdown/Countdown.runs/impl_1/Top_Level.bit} [get_hw_devices xc7a100t_0]
program_hw_devices [get_hw_devices xc7a100t_0]
INFO: [Labtools 27-3164] End of startup status: HIGH
refresh_hw_device [lindex [get_hw_devices xc7a100t_0] 0]
INFO: [Labtools 27-1434] Device xc7a100t (JTAG device index = 0) is programmed with a design that has no supported debug core(s) in it.
set_property PROBES.FILE {} [get_hw_devices xc7a100t_0]
set_property FULL_PROBES.FILE {} [get_hw_devices xc7a100t_0]
set_property PROGRAM.FILE {C:/Users/yma82/VHDL373project/attempt5/rxnmongroup15/Countdown/Countdown.runs/impl_1/Top_Level.bit} [get_hw_devices xc7a100t_0]
program_hw_devices [get_hw_devices xc7a100t_0]
INFO: [Labtools 27-3164] End of startup status: HIGH
refresh_hw_device [lindex [get_hw_devices xc7a100t_0] 0]
INFO: [Labtools 27-1434] Device xc7a100t (JTAG device index = 0) is programmed with a design that has no supported debug core(s) in it.
close [ open C:/Users/yma82/VHDL373project/attempt5/rxnmongroup15/Countdown/Countdown.srcs/sources_1/new/Button_debouncer.vhd w ]
add_files C:/Users/yma82/VHDL373project/attempt5/rxnmongroup15/Countdown/Countdown.srcs/sources_1/new/Button_debouncer.vhd
update_compile_order -fileset sources_1
reset_run synth_1
launch_runs impl_1 -to_step write_bitstream -jobs 4
[Sat May 16 22:51:42 2020] Launched synth_1...
Run output will be captured here: C:/Users/yma82/VHDL373project/attempt5/rxnmongroup15/Countdown/Countdown.runs/synth_1/runme.log
[Sat May 16 22:51:42 2020] Launched impl_1...
Run output will be captured here: C:/Users/yma82/VHDL373project/attempt5/rxnmongroup15/Countdown/Countdown.runs/impl_1/runme.log
