#-----------------------------------------------------------
# Vivado v2019.2 (64-bit)
# SW Build 2708876 on Wed Nov  6 21:40:23 MST 2019
# IP Build 2700528 on Thu Nov  7 00:09:20 MST 2019
# Start of session at: Tue Mar 17 17:29:08 2020
# Process ID: 15260
# Current directory: C:/Users/yma82/373VivadoFinal/rxnmongroup15/Lab3-Clocks
# Command line: vivado.exe -gui_launcher_event rodinguilauncherevent1244 C:\Users\yma82\373VivadoFinal\rxnmongroup15\Lab3-Clocks\Lab3-Clocks.xpr
# Log file: C:/Users/yma82/373VivadoFinal/rxnmongroup15/Lab3-Clocks/vivado.log
# Journal file: C:/Users/yma82/373VivadoFinal/rxnmongroup15/Lab3-Clocks\vivado.jou
#-----------------------------------------------------------
start_gui
open_project C:/Users/yma82/373VivadoFinal/rxnmongroup15/Lab3-Clocks/Lab3-Clocks.xpr
INFO: [Project 1-313] Project file moved from 'C:/Users/yma82/373VivadoFinal/Lab3-Clocks' since last save.
Scanning sources...
Finished scanning sources
INFO: [IP_Flow 19-234] Refreshing IP repositories
INFO: [IP_Flow 19-1704] No user IP repositories specified
INFO: [IP_Flow 19-2313] Loaded Vivado IP repository 'C:/Xilinx/Vivado/2019.2/data/ip'.
open_project: Time (s): cpu = 00:00:15 ; elapsed = 00:00:06 . Memory (MB): peak = 822.934 ; gain = 186.645
update_compile_order -fileset sources_1
exit
INFO: [Common 17-206] Exiting Vivado at Tue Mar 17 17:31:38 2020...

