#-----------------------------------------------------------
# Vivado v2019.2 (64-bit)
# SW Build 2708876 on Wed Nov  6 21:40:23 MST 2019
# IP Build 2700528 on Thu Nov  7 00:09:20 MST 2019
# Start of session at: Tue Mar 17 16:46:27 2020
# Process ID: 11376
# Current directory: C:/Users/yma82/373VivadoFinal/Lab3-Clocks
# Command line: vivado.exe -gui_launcher_event rodinguilauncherevent10208 C:\Users\yma82\373VivadoFinal\Lab3-Clocks\Lab3-Clocks.xpr
# Log file: C:/Users/yma82/373VivadoFinal/Lab3-Clocks/vivado.log
# Journal file: C:/Users/yma82/373VivadoFinal/Lab3-Clocks\vivado.jou
#-----------------------------------------------------------
start_gui
open_project C:/Users/yma82/373VivadoFinal/Lab3-Clocks/Lab3-Clocks.xpr
Scanning sources...
Finished scanning sources
INFO: [IP_Flow 19-234] Refreshing IP repositories
INFO: [IP_Flow 19-1704] No user IP repositories specified
INFO: [IP_Flow 19-2313] Loaded Vivado IP repository 'C:/Xilinx/Vivado/2019.2/data/ip'.
update_compile_order -fileset sources_1
exit
INFO: [Common 17-206] Exiting Vivado at Tue Mar 17 16:46:47 2020...
