
*** Running vivado
    with args -log Top_Level.vds -m64 -product Vivado -mode batch -messageDb vivado.pb -notrace -source Top_Level.tcl


****** Vivado v2019.2 (64-bit)
  **** SW Build 2708876 on Wed Nov  6 21:40:23 MST 2019
  **** IP Build 2700528 on Thu Nov  7 00:09:20 MST 2019
    ** Copyright 1986-2019 Xilinx, Inc. All Rights Reserved.

source Top_Level.tcl -notrace
Command: synth_design -top Top_Level -part xc7a100tcsg324-3
Starting synth_design
Attempting to get a license for feature 'Synthesis' and/or device 'xc7a100t'
INFO: [Common 17-349] Got license for feature 'Synthesis' and/or device 'xc7a100t'
INFO: [Device 21-403] Loading part xc7a100tcsg324-3
INFO: Launching helper process for spawning children vivado processes
INFO: Helper process launched with PID 13460 
---------------------------------------------------------------------------------
Starting RTL Elaboration : Time (s): cpu = 00:00:08 ; elapsed = 00:00:08 . Memory (MB): peak = 852.117 ; gain = 234.469
---------------------------------------------------------------------------------
INFO: [Synth 8-638] synthesizing module 'Top_Level' [C:/Users/Lachie/Documents/373/rxnmongroup15/Countdown/Countdown.srcs/sources_1/new/Top_Level.vhd:13]
INFO: [Synth 8-3491] module 'BCD_to_7SEG' declared at 'C:/Users/Lachie/Documents/373/rxnmongroup15/ReactionTimerProject/ReactionTimerProject.srcs/sources_1/imports/VHDL Code/BCD_to_7SEG.vhd:17' bound to instance 'display' of component 'BCD_to_7SEG' [C:/Users/Lachie/Documents/373/rxnmongroup15/Countdown/Countdown.srcs/sources_1/new/Top_Level.vhd:98]
INFO: [Synth 8-638] synthesizing module 'BCD_to_7SEG' [C:/Users/Lachie/Documents/373/rxnmongroup15/ReactionTimerProject/ReactionTimerProject.srcs/sources_1/imports/VHDL Code/BCD_to_7SEG.vhd:22]
INFO: [Synth 8-256] done synthesizing module 'BCD_to_7SEG' (1#1) [C:/Users/Lachie/Documents/373/rxnmongroup15/ReactionTimerProject/ReactionTimerProject.srcs/sources_1/imports/VHDL Code/BCD_to_7SEG.vhd:22]
INFO: [Synth 8-3491] module 'disp_div' declared at 'C:/Users/Lachie/Documents/373/rxnmongroup15/ReactionTimerProject/ReactionTimerProject.srcs/sources_1/new/display_div.vhd:36' bound to instance 'disp_divider' of component 'disp_div' [C:/Users/Lachie/Documents/373/rxnmongroup15/Countdown/Countdown.srcs/sources_1/new/Top_Level.vhd:108]
INFO: [Synth 8-638] synthesizing module 'disp_div' [C:/Users/Lachie/Documents/373/rxnmongroup15/ReactionTimerProject/ReactionTimerProject.srcs/sources_1/new/display_div.vhd:43]
INFO: [Synth 8-256] done synthesizing module 'disp_div' (2#1) [C:/Users/Lachie/Documents/373/rxnmongroup15/ReactionTimerProject/ReactionTimerProject.srcs/sources_1/new/display_div.vhd:43]
INFO: [Synth 8-3491] module 'prompt_clock_divider_1hz' declared at 'C:/Users/Lachie/Documents/373/rxnmongroup15/VHDL Code/prompt_clock_divider_1hz.vhd:21' bound to instance 'prompt_divider' of component 'prompt_clock_divider_1hz' [C:/Users/Lachie/Documents/373/rxnmongroup15/Countdown/Countdown.srcs/sources_1/new/Top_Level.vhd:110]
INFO: [Synth 8-638] synthesizing module 'prompt_clock_divider_1hz' [C:/Users/Lachie/Documents/373/rxnmongroup15/VHDL Code/prompt_clock_divider_1hz.vhd:54]
	Parameter INPUT_FREQUENCY bound to: 100000000 - type: integer 
	Parameter OUTPUT_FREQUENCY bound to: 1 - type: integer 
INFO: [Synth 8-256] done synthesizing module 'prompt_clock_divider_1hz' (3#1) [C:/Users/Lachie/Documents/373/rxnmongroup15/VHDL Code/prompt_clock_divider_1hz.vhd:54]
INFO: [Synth 8-3491] module 'counter' declared at 'C:/Users/Lachie/Documents/373/rxnmongroup15/ReactionTimerProject/ReactionTimerProject.srcs/sources_1/imports/VHDL Code/four_bit_counter_with_clear.vhd:9' bound to instance 'PromptCounter' of component 'counter' [C:/Users/Lachie/Documents/373/rxnmongroup15/Countdown/Countdown.srcs/sources_1/new/Top_Level.vhd:114]
INFO: [Synth 8-638] synthesizing module 'counter' [C:/Users/Lachie/Documents/373/rxnmongroup15/ReactionTimerProject/ReactionTimerProject.srcs/sources_1/imports/VHDL Code/four_bit_counter_with_clear.vhd:15]
INFO: [Synth 8-256] done synthesizing module 'counter' (4#1) [C:/Users/Lachie/Documents/373/rxnmongroup15/ReactionTimerProject/ReactionTimerProject.srcs/sources_1/imports/VHDL Code/four_bit_counter_with_clear.vhd:15]
INFO: [Synth 8-3491] module 'clock_divider_1hz' declared at 'C:/Users/Lachie/Documents/373/rxnmongroup15/VHDL Code/Blairs_clock_divider.vhd:21' bound to instance 'count_divider' of component 'clock_divider_1hz' [C:/Users/Lachie/Documents/373/rxnmongroup15/Countdown/Countdown.srcs/sources_1/new/Top_Level.vhd:120]
INFO: [Synth 8-638] synthesizing module 'clock_divider_1hz' [C:/Users/Lachie/Documents/373/rxnmongroup15/VHDL Code/Blairs_clock_divider.vhd:54]
	Parameter INPUT_FREQUENCY bound to: 100000000 - type: integer 
	Parameter OUTPUT_FREQUENCY bound to: 1000 - type: integer 
INFO: [Synth 8-256] done synthesizing module 'clock_divider_1hz' (5#1) [C:/Users/Lachie/Documents/373/rxnmongroup15/VHDL Code/Blairs_clock_divider.vhd:54]
INFO: [Synth 8-3491] module 'counter' declared at 'C:/Users/Lachie/Documents/373/rxnmongroup15/ReactionTimerProject/ReactionTimerProject.srcs/sources_1/imports/VHDL Code/four_bit_counter_with_clear.vhd:9' bound to instance 'bit_counter0' of component 'counter' [C:/Users/Lachie/Documents/373/rxnmongroup15/Countdown/Countdown.srcs/sources_1/new/Top_Level.vhd:123]
INFO: [Synth 8-3491] module 'counter' declared at 'C:/Users/Lachie/Documents/373/rxnmongroup15/ReactionTimerProject/ReactionTimerProject.srcs/sources_1/imports/VHDL Code/four_bit_counter_with_clear.vhd:9' bound to instance 'bit_counter1' of component 'counter' [C:/Users/Lachie/Documents/373/rxnmongroup15/Countdown/Countdown.srcs/sources_1/new/Top_Level.vhd:127]
INFO: [Synth 8-3491] module 'counter' declared at 'C:/Users/Lachie/Documents/373/rxnmongroup15/ReactionTimerProject/ReactionTimerProject.srcs/sources_1/imports/VHDL Code/four_bit_counter_with_clear.vhd:9' bound to instance 'bit_counter2' of component 'counter' [C:/Users/Lachie/Documents/373/rxnmongroup15/Countdown/Countdown.srcs/sources_1/new/Top_Level.vhd:131]
INFO: [Synth 8-3491] module 'counter' declared at 'C:/Users/Lachie/Documents/373/rxnmongroup15/ReactionTimerProject/ReactionTimerProject.srcs/sources_1/imports/VHDL Code/four_bit_counter_with_clear.vhd:9' bound to instance 'bit_counter3' of component 'counter' [C:/Users/Lachie/Documents/373/rxnmongroup15/Countdown/Countdown.srcs/sources_1/new/Top_Level.vhd:135]
INFO: [Synth 8-3491] module 'DeBounce' declared at 'C:/Users/Lachie/Documents/373/rxnmongroup15/Countdown/Countdown.srcs/sources_1/new/Button_debouncer.vhd:5' bound to instance 'BTNC_debouncer' of component 'DeBounce' [C:/Users/Lachie/Documents/373/rxnmongroup15/Countdown/Countdown.srcs/sources_1/new/Top_Level.vhd:140]
INFO: [Synth 8-638] synthesizing module 'DeBounce' [C:/Users/Lachie/Documents/373/rxnmongroup15/Countdown/Countdown.srcs/sources_1/new/Button_debouncer.vhd:13]
INFO: [Synth 8-256] done synthesizing module 'DeBounce' (6#1) [C:/Users/Lachie/Documents/373/rxnmongroup15/Countdown/Countdown.srcs/sources_1/new/Button_debouncer.vhd:13]
INFO: [Synth 8-3491] module 'DeBounce' declared at 'C:/Users/Lachie/Documents/373/rxnmongroup15/Countdown/Countdown.srcs/sources_1/new/Button_debouncer.vhd:5' bound to instance 'BTND_debouncer' of component 'DeBounce' [C:/Users/Lachie/Documents/373/rxnmongroup15/Countdown/Countdown.srcs/sources_1/new/Top_Level.vhd:145]
INFO: [Synth 8-3491] module 'prompt_state_count' declared at 'C:/Users/Lachie/Documents/373/rxnmongroup15/Countdown/Countdown.srcs/sources_1/new/prompt_state_count.vhd:34' bound to instance 'prompt_state_counter' of component 'prompt_state_count' [C:/Users/Lachie/Documents/373/rxnmongroup15/Countdown/Countdown.srcs/sources_1/new/Top_Level.vhd:150]
INFO: [Synth 8-638] synthesizing module 'prompt_state_count' [C:/Users/Lachie/Documents/373/rxnmongroup15/Countdown/Countdown.srcs/sources_1/new/prompt_state_count.vhd:40]
INFO: [Synth 8-256] done synthesizing module 'prompt_state_count' (7#1) [C:/Users/Lachie/Documents/373/rxnmongroup15/Countdown/Countdown.srcs/sources_1/new/prompt_state_count.vhd:40]
WARNING: [Synth 8-614] signal 'current_state' is read in the process but is not in the sensitivity list [C:/Users/Lachie/Documents/373/rxnmongroup15/Countdown/Countdown.srcs/sources_1/new/Top_Level.vhd:154]
WARNING: [Synth 8-614] signal 'prompt_done' is read in the process but is not in the sensitivity list [C:/Users/Lachie/Documents/373/rxnmongroup15/Countdown/Countdown.srcs/sources_1/new/Top_Level.vhd:154]
WARNING: [Synth 8-614] signal 'next_state' is read in the process but is not in the sensitivity list [C:/Users/Lachie/Documents/373/rxnmongroup15/Countdown/Countdown.srcs/sources_1/new/Top_Level.vhd:154]
WARNING: [Synth 8-614] signal 'BTNC_debounced' is read in the process but is not in the sensitivity list [C:/Users/Lachie/Documents/373/rxnmongroup15/Countdown/Countdown.srcs/sources_1/new/Top_Level.vhd:154]
WARNING: [Synth 8-614] signal 'BTND_debounced' is read in the process but is not in the sensitivity list [C:/Users/Lachie/Documents/373/rxnmongroup15/Countdown/Countdown.srcs/sources_1/new/Top_Level.vhd:154]
WARNING: [Synth 8-614] signal 'current_state' is read in the process but is not in the sensitivity list [C:/Users/Lachie/Documents/373/rxnmongroup15/Countdown/Countdown.srcs/sources_1/new/Top_Level.vhd:211]
WARNING: [Synth 8-614] signal 'current_state' is read in the process but is not in the sensitivity list [C:/Users/Lachie/Documents/373/rxnmongroup15/Countdown/Countdown.srcs/sources_1/new/Top_Level.vhd:224]
WARNING: [Synth 8-614] signal 'o1' is read in the process but is not in the sensitivity list [C:/Users/Lachie/Documents/373/rxnmongroup15/Countdown/Countdown.srcs/sources_1/new/Top_Level.vhd:224]
WARNING: [Synth 8-614] signal 'o2' is read in the process but is not in the sensitivity list [C:/Users/Lachie/Documents/373/rxnmongroup15/Countdown/Countdown.srcs/sources_1/new/Top_Level.vhd:224]
WARNING: [Synth 8-614] signal 'o3' is read in the process but is not in the sensitivity list [C:/Users/Lachie/Documents/373/rxnmongroup15/Countdown/Countdown.srcs/sources_1/new/Top_Level.vhd:224]
WARNING: [Synth 8-614] signal 'o4' is read in the process but is not in the sensitivity list [C:/Users/Lachie/Documents/373/rxnmongroup15/Countdown/Countdown.srcs/sources_1/new/Top_Level.vhd:224]
WARNING: [Synth 8-614] signal 'current_state' is read in the process but is not in the sensitivity list [C:/Users/Lachie/Documents/373/rxnmongroup15/Countdown/Countdown.srcs/sources_1/new/Top_Level.vhd:262]
INFO: [Synth 8-256] done synthesizing module 'Top_Level' (8#1) [C:/Users/Lachie/Documents/373/rxnmongroup15/Countdown/Countdown.srcs/sources_1/new/Top_Level.vhd:13]
WARNING: [Synth 8-3331] design Top_Level has unconnected port SW[3]
WARNING: [Synth 8-3331] design Top_Level has unconnected port SW[2]
WARNING: [Synth 8-3331] design Top_Level has unconnected port SW[1]
WARNING: [Synth 8-3331] design Top_Level has unconnected port SW[0]
---------------------------------------------------------------------------------
Finished RTL Elaboration : Time (s): cpu = 00:00:10 ; elapsed = 00:00:11 . Memory (MB): peak = 924.883 ; gain = 307.234
---------------------------------------------------------------------------------

Report Check Netlist: 
+------+------------------+-------+---------+-------+------------------+
|      |Item              |Errors |Warnings |Status |Description       |
+------+------------------+-------+---------+-------+------------------+
|1     |multi_driven_nets |      0|        0|Passed |Multi driven nets |
+------+------------------+-------+---------+-------+------------------+
---------------------------------------------------------------------------------
Start Handling Custom Attributes
---------------------------------------------------------------------------------
---------------------------------------------------------------------------------
Finished Handling Custom Attributes : Time (s): cpu = 00:00:11 ; elapsed = 00:00:12 . Memory (MB): peak = 924.883 ; gain = 307.234
---------------------------------------------------------------------------------
---------------------------------------------------------------------------------
Finished RTL Optimization Phase 1 : Time (s): cpu = 00:00:11 ; elapsed = 00:00:12 . Memory (MB): peak = 924.883 ; gain = 307.234
---------------------------------------------------------------------------------
Netlist sorting complete. Time (s): cpu = 00:00:00 ; elapsed = 00:00:00.014 . Memory (MB): peak = 924.883 ; gain = 0.000
INFO: [Project 1-570] Preparing netlist for logic optimization

Processing XDC Constraints
Initializing timing engine
Parsing XDC File [C:/Users/Lachie/Documents/373/rxnmongroup15/ReactionTimerProject/ReactionTimerProject.srcs/constrs_1/imports/VHDL Code/Nexys4DDR_Master.xdc]
WARNING: [Vivado 12-584] No ports matched 'SW[4]'. [C:/Users/Lachie/Documents/373/rxnmongroup15/ReactionTimerProject/ReactionTimerProject.srcs/constrs_1/imports/VHDL Code/Nexys4DDR_Master.xdc:17]
CRITICAL WARNING: [Common 17-55] 'set_property' expects at least one object. [C:/Users/Lachie/Documents/373/rxnmongroup15/ReactionTimerProject/ReactionTimerProject.srcs/constrs_1/imports/VHDL Code/Nexys4DDR_Master.xdc:17]
Resolution: If [get_<value>] was used to populate the object, check to make sure this command returns at least one valid object.
WARNING: [Vivado 12-584] No ports matched 'SW[5]'. [C:/Users/Lachie/Documents/373/rxnmongroup15/ReactionTimerProject/ReactionTimerProject.srcs/constrs_1/imports/VHDL Code/Nexys4DDR_Master.xdc:18]
CRITICAL WARNING: [Common 17-55] 'set_property' expects at least one object. [C:/Users/Lachie/Documents/373/rxnmongroup15/ReactionTimerProject/ReactionTimerProject.srcs/constrs_1/imports/VHDL Code/Nexys4DDR_Master.xdc:18]
Resolution: If [get_<value>] was used to populate the object, check to make sure this command returns at least one valid object.
WARNING: [Vivado 12-584] No ports matched 'SW[6]'. [C:/Users/Lachie/Documents/373/rxnmongroup15/ReactionTimerProject/ReactionTimerProject.srcs/constrs_1/imports/VHDL Code/Nexys4DDR_Master.xdc:19]
CRITICAL WARNING: [Common 17-55] 'set_property' expects at least one object. [C:/Users/Lachie/Documents/373/rxnmongroup15/ReactionTimerProject/ReactionTimerProject.srcs/constrs_1/imports/VHDL Code/Nexys4DDR_Master.xdc:19]
Resolution: If [get_<value>] was used to populate the object, check to make sure this command returns at least one valid object.
WARNING: [Vivado 12-584] No ports matched 'SW[7]'. [C:/Users/Lachie/Documents/373/rxnmongroup15/ReactionTimerProject/ReactionTimerProject.srcs/constrs_1/imports/VHDL Code/Nexys4DDR_Master.xdc:20]
CRITICAL WARNING: [Common 17-55] 'set_property' expects at least one object. [C:/Users/Lachie/Documents/373/rxnmongroup15/ReactionTimerProject/ReactionTimerProject.srcs/constrs_1/imports/VHDL Code/Nexys4DDR_Master.xdc:20]
Resolution: If [get_<value>] was used to populate the object, check to make sure this command returns at least one valid object.
WARNING: [Vivado 12-584] No ports matched 'SW[8]'. [C:/Users/Lachie/Documents/373/rxnmongroup15/ReactionTimerProject/ReactionTimerProject.srcs/constrs_1/imports/VHDL Code/Nexys4DDR_Master.xdc:21]
CRITICAL WARNING: [Common 17-55] 'set_property' expects at least one object. [C:/Users/Lachie/Documents/373/rxnmongroup15/ReactionTimerProject/ReactionTimerProject.srcs/constrs_1/imports/VHDL Code/Nexys4DDR_Master.xdc:21]
Resolution: If [get_<value>] was used to populate the object, check to make sure this command returns at least one valid object.
WARNING: [Vivado 12-584] No ports matched 'SW[9]'. [C:/Users/Lachie/Documents/373/rxnmongroup15/ReactionTimerProject/ReactionTimerProject.srcs/constrs_1/imports/VHDL Code/Nexys4DDR_Master.xdc:22]
CRITICAL WARNING: [Common 17-55] 'set_property' expects at least one object. [C:/Users/Lachie/Documents/373/rxnmongroup15/ReactionTimerProject/ReactionTimerProject.srcs/constrs_1/imports/VHDL Code/Nexys4DDR_Master.xdc:22]
Resolution: If [get_<value>] was used to populate the object, check to make sure this command returns at least one valid object.
WARNING: [Vivado 12-584] No ports matched 'SW[10]'. [C:/Users/Lachie/Documents/373/rxnmongroup15/ReactionTimerProject/ReactionTimerProject.srcs/constrs_1/imports/VHDL Code/Nexys4DDR_Master.xdc:23]
CRITICAL WARNING: [Common 17-55] 'set_property' expects at least one object. [C:/Users/Lachie/Documents/373/rxnmongroup15/ReactionTimerProject/ReactionTimerProject.srcs/constrs_1/imports/VHDL Code/Nexys4DDR_Master.xdc:23]
Resolution: If [get_<value>] was used to populate the object, check to make sure this command returns at least one valid object.
WARNING: [Vivado 12-584] No ports matched 'SW[11]'. [C:/Users/Lachie/Documents/373/rxnmongroup15/ReactionTimerProject/ReactionTimerProject.srcs/constrs_1/imports/VHDL Code/Nexys4DDR_Master.xdc:24]
CRITICAL WARNING: [Common 17-55] 'set_property' expects at least one object. [C:/Users/Lachie/Documents/373/rxnmongroup15/ReactionTimerProject/ReactionTimerProject.srcs/constrs_1/imports/VHDL Code/Nexys4DDR_Master.xdc:24]
Resolution: If [get_<value>] was used to populate the object, check to make sure this command returns at least one valid object.
WARNING: [Vivado 12-584] No ports matched 'SW[12]'. [C:/Users/Lachie/Documents/373/rxnmongroup15/ReactionTimerProject/ReactionTimerProject.srcs/constrs_1/imports/VHDL Code/Nexys4DDR_Master.xdc:25]
CRITICAL WARNING: [Common 17-55] 'set_property' expects at least one object. [C:/Users/Lachie/Documents/373/rxnmongroup15/ReactionTimerProject/ReactionTimerProject.srcs/constrs_1/imports/VHDL Code/Nexys4DDR_Master.xdc:25]
Resolution: If [get_<value>] was used to populate the object, check to make sure this command returns at least one valid object.
WARNING: [Vivado 12-584] No ports matched 'SW[13]'. [C:/Users/Lachie/Documents/373/rxnmongroup15/ReactionTimerProject/ReactionTimerProject.srcs/constrs_1/imports/VHDL Code/Nexys4DDR_Master.xdc:26]
CRITICAL WARNING: [Common 17-55] 'set_property' expects at least one object. [C:/Users/Lachie/Documents/373/rxnmongroup15/ReactionTimerProject/ReactionTimerProject.srcs/constrs_1/imports/VHDL Code/Nexys4DDR_Master.xdc:26]
Resolution: If [get_<value>] was used to populate the object, check to make sure this command returns at least one valid object.
WARNING: [Vivado 12-584] No ports matched 'SW[14]'. [C:/Users/Lachie/Documents/373/rxnmongroup15/ReactionTimerProject/ReactionTimerProject.srcs/constrs_1/imports/VHDL Code/Nexys4DDR_Master.xdc:27]
CRITICAL WARNING: [Common 17-55] 'set_property' expects at least one object. [C:/Users/Lachie/Documents/373/rxnmongroup15/ReactionTimerProject/ReactionTimerProject.srcs/constrs_1/imports/VHDL Code/Nexys4DDR_Master.xdc:27]
Resolution: If [get_<value>] was used to populate the object, check to make sure this command returns at least one valid object.
WARNING: [Vivado 12-584] No ports matched 'SW[15]'. [C:/Users/Lachie/Documents/373/rxnmongroup15/ReactionTimerProject/ReactionTimerProject.srcs/constrs_1/imports/VHDL Code/Nexys4DDR_Master.xdc:28]
CRITICAL WARNING: [Common 17-55] 'set_property' expects at least one object. [C:/Users/Lachie/Documents/373/rxnmongroup15/ReactionTimerProject/ReactionTimerProject.srcs/constrs_1/imports/VHDL Code/Nexys4DDR_Master.xdc:28]
Resolution: If [get_<value>] was used to populate the object, check to make sure this command returns at least one valid object.
WARNING: [Vivado 12-584] No ports matched 'LED16_B'. [C:/Users/Lachie/Documents/373/rxnmongroup15/ReactionTimerProject/ReactionTimerProject.srcs/constrs_1/imports/VHDL Code/Nexys4DDR_Master.xdc:49]
CRITICAL WARNING: [Common 17-55] 'set_property' expects at least one object. [C:/Users/Lachie/Documents/373/rxnmongroup15/ReactionTimerProject/ReactionTimerProject.srcs/constrs_1/imports/VHDL Code/Nexys4DDR_Master.xdc:49]
Resolution: If [get_<value>] was used to populate the object, check to make sure this command returns at least one valid object.
WARNING: [Vivado 12-584] No ports matched 'LED16_G'. [C:/Users/Lachie/Documents/373/rxnmongroup15/ReactionTimerProject/ReactionTimerProject.srcs/constrs_1/imports/VHDL Code/Nexys4DDR_Master.xdc:50]
CRITICAL WARNING: [Common 17-55] 'set_property' expects at least one object. [C:/Users/Lachie/Documents/373/rxnmongroup15/ReactionTimerProject/ReactionTimerProject.srcs/constrs_1/imports/VHDL Code/Nexys4DDR_Master.xdc:50]
Resolution: If [get_<value>] was used to populate the object, check to make sure this command returns at least one valid object.
WARNING: [Vivado 12-584] No ports matched 'LED16_R'. [C:/Users/Lachie/Documents/373/rxnmongroup15/ReactionTimerProject/ReactionTimerProject.srcs/constrs_1/imports/VHDL Code/Nexys4DDR_Master.xdc:51]
CRITICAL WARNING: [Common 17-55] 'set_property' expects at least one object. [C:/Users/Lachie/Documents/373/rxnmongroup15/ReactionTimerProject/ReactionTimerProject.srcs/constrs_1/imports/VHDL Code/Nexys4DDR_Master.xdc:51]
Resolution: If [get_<value>] was used to populate the object, check to make sure this command returns at least one valid object.
WARNING: [Vivado 12-584] No ports matched 'LED17_B'. [C:/Users/Lachie/Documents/373/rxnmongroup15/ReactionTimerProject/ReactionTimerProject.srcs/constrs_1/imports/VHDL Code/Nexys4DDR_Master.xdc:52]
CRITICAL WARNING: [Common 17-55] 'set_property' expects at least one object. [C:/Users/Lachie/Documents/373/rxnmongroup15/ReactionTimerProject/ReactionTimerProject.srcs/constrs_1/imports/VHDL Code/Nexys4DDR_Master.xdc:52]
Resolution: If [get_<value>] was used to populate the object, check to make sure this command returns at least one valid object.
WARNING: [Vivado 12-584] No ports matched 'LED17_G'. [C:/Users/Lachie/Documents/373/rxnmongroup15/ReactionTimerProject/ReactionTimerProject.srcs/constrs_1/imports/VHDL Code/Nexys4DDR_Master.xdc:53]
CRITICAL WARNING: [Common 17-55] 'set_property' expects at least one object. [C:/Users/Lachie/Documents/373/rxnmongroup15/ReactionTimerProject/ReactionTimerProject.srcs/constrs_1/imports/VHDL Code/Nexys4DDR_Master.xdc:53]
Resolution: If [get_<value>] was used to populate the object, check to make sure this command returns at least one valid object.
WARNING: [Vivado 12-584] No ports matched 'LED17_R'. [C:/Users/Lachie/Documents/373/rxnmongroup15/ReactionTimerProject/ReactionTimerProject.srcs/constrs_1/imports/VHDL Code/Nexys4DDR_Master.xdc:54]
CRITICAL WARNING: [Common 17-55] 'set_property' expects at least one object. [C:/Users/Lachie/Documents/373/rxnmongroup15/ReactionTimerProject/ReactionTimerProject.srcs/constrs_1/imports/VHDL Code/Nexys4DDR_Master.xdc:54]
Resolution: If [get_<value>] was used to populate the object, check to make sure this command returns at least one valid object.
Finished Parsing XDC File [C:/Users/Lachie/Documents/373/rxnmongroup15/ReactionTimerProject/ReactionTimerProject.srcs/constrs_1/imports/VHDL Code/Nexys4DDR_Master.xdc]
INFO: [Project 1-236] Implementation specific constraints were found while reading constraint file [C:/Users/Lachie/Documents/373/rxnmongroup15/ReactionTimerProject/ReactionTimerProject.srcs/constrs_1/imports/VHDL Code/Nexys4DDR_Master.xdc]. These constraints will be ignored for synthesis but will be used in implementation. Impacted constraints are listed in the file [.Xil/Top_Level_propImpl.xdc].
Resolution: To avoid this warning, move constraints listed in [.Xil/Top_Level_propImpl.xdc] to another XDC file and exclude this new file from synthesis with the used_in_synthesis property (File Properties dialog in GUI) and re-run elaboration/synthesis.
Completed Processing XDC Constraints

Netlist sorting complete. Time (s): cpu = 00:00:00 ; elapsed = 00:00:00 . Memory (MB): peak = 1024.383 ; gain = 0.000
INFO: [Project 1-111] Unisim Transformation Summary:
No Unisim elements were transformed.

Constraint Validation Runtime : Time (s): cpu = 00:00:00 ; elapsed = 00:00:00.015 . Memory (MB): peak = 1024.383 ; gain = 0.000
---------------------------------------------------------------------------------
Finished Constraint Validation : Time (s): cpu = 00:00:24 ; elapsed = 00:00:25 . Memory (MB): peak = 1024.383 ; gain = 406.734
---------------------------------------------------------------------------------
---------------------------------------------------------------------------------
Start Loading Part and Timing Information
---------------------------------------------------------------------------------
Loading part: xc7a100tcsg324-3
---------------------------------------------------------------------------------
Finished Loading Part and Timing Information : Time (s): cpu = 00:00:24 ; elapsed = 00:00:25 . Memory (MB): peak = 1024.383 ; gain = 406.734
---------------------------------------------------------------------------------
---------------------------------------------------------------------------------
Start Applying 'set_property' XDC Constraints
---------------------------------------------------------------------------------
---------------------------------------------------------------------------------
Finished applying 'set_property' XDC Constraints : Time (s): cpu = 00:00:24 ; elapsed = 00:00:25 . Memory (MB): peak = 1024.383 ; gain = 406.734
---------------------------------------------------------------------------------
INFO: [Synth 8-5544] ROM "AN_sig_prompt" won't be mapped to Block RAM because address size (4) smaller than threshold (5)
WARNING: [Synth 8-327] inferring latch for variable 'DP_sig_prompt_reg' [C:/Users/Lachie/Documents/373/rxnmongroup15/Countdown/Countdown.srcs/sources_1/new/Top_Level.vhd:96]
WARNING: [Synth 8-327] inferring latch for variable 'current_state_reg' [C:/Users/Lachie/Documents/373/rxnmongroup15/Countdown/Countdown.srcs/sources_1/new/Top_Level.vhd:156]
WARNING: [Synth 8-327] inferring latch for variable 'LED_reg' [C:/Users/Lachie/Documents/373/rxnmongroup15/Countdown/Countdown.srcs/sources_1/new/Top_Level.vhd:208]
WARNING: [Synth 8-327] inferring latch for variable 'next_state_reg' [C:/Users/Lachie/Documents/373/rxnmongroup15/Countdown/Countdown.srcs/sources_1/new/Top_Level.vhd:214]
WARNING: [Synth 8-327] inferring latch for variable 'prompt_clr_signal_reg' [C:/Users/Lachie/Documents/373/rxnmongroup15/Countdown/Countdown.srcs/sources_1/new/Top_Level.vhd:115]
---------------------------------------------------------------------------------
Finished RTL Optimization Phase 2 : Time (s): cpu = 00:00:25 ; elapsed = 00:00:27 . Memory (MB): peak = 1024.383 ; gain = 406.734
---------------------------------------------------------------------------------

Report RTL Partitions: 
+-+--------------+------------+----------+
| |RTL Partition |Replication |Instances |
+-+--------------+------------+----------+
+-+--------------+------------+----------+
---------------------------------------------------------------------------------
Start RTL Component Statistics 
---------------------------------------------------------------------------------
Detailed RTL Component Info : 
+---Adders : 
	   2 Input     32 Bit       Adders := 3     
	   2 Input     27 Bit       Adders := 1     
	   2 Input     17 Bit       Adders := 1     
	   2 Input      4 Bit       Adders := 5     
	   2 Input      2 Bit       Adders := 1     
+---Registers : 
	               32 Bit    Registers := 3     
	               27 Bit    Registers := 1     
	               17 Bit    Registers := 1     
	                4 Bit    Registers := 5     
	                2 Bit    Registers := 1     
	                1 Bit    Registers := 12    
+---Muxes : 
	   2 Input     32 Bit        Muxes := 3     
	   3 Input     17 Bit        Muxes := 1     
	   4 Input     16 Bit        Muxes := 1     
	   6 Input      8 Bit        Muxes := 1     
	   2 Input      8 Bit        Muxes := 1     
	   4 Input      8 Bit        Muxes := 1     
	   2 Input      4 Bit        Muxes := 6     
	   4 Input      4 Bit        Muxes := 1     
	   3 Input      1 Bit        Muxes := 2     
	   2 Input      1 Bit        Muxes := 15    
	   4 Input      1 Bit        Muxes := 7     
---------------------------------------------------------------------------------
Finished RTL Component Statistics 
---------------------------------------------------------------------------------
---------------------------------------------------------------------------------
Start RTL Hierarchical Component Statistics 
---------------------------------------------------------------------------------
Hierarchical RTL Component report 
Module Top_Level 
Detailed RTL Component Info : 
+---Muxes : 
	   4 Input     16 Bit        Muxes := 1     
	   6 Input      8 Bit        Muxes := 1     
	   2 Input      8 Bit        Muxes := 1     
	   4 Input      8 Bit        Muxes := 1     
	   4 Input      4 Bit        Muxes := 1     
	   2 Input      4 Bit        Muxes := 1     
	   2 Input      1 Bit        Muxes := 7     
	   4 Input      1 Bit        Muxes := 7     
Module disp_div 
Detailed RTL Component Info : 
+---Adders : 
	   2 Input      2 Bit       Adders := 1     
+---Registers : 
	                2 Bit    Registers := 1     
Module prompt_clock_divider_1hz 
Detailed RTL Component Info : 
+---Adders : 
	   2 Input     27 Bit       Adders := 1     
+---Registers : 
	               27 Bit    Registers := 1     
	                1 Bit    Registers := 1     
+---Muxes : 
	   3 Input      1 Bit        Muxes := 1     
Module counter 
Detailed RTL Component Info : 
+---Adders : 
	   2 Input      4 Bit       Adders := 1     
+---Registers : 
	                4 Bit    Registers := 1     
	                1 Bit    Registers := 1     
+---Muxes : 
	   2 Input      4 Bit        Muxes := 1     
Module clock_divider_1hz 
Detailed RTL Component Info : 
+---Adders : 
	   2 Input     17 Bit       Adders := 1     
+---Registers : 
	               17 Bit    Registers := 1     
	                1 Bit    Registers := 1     
+---Muxes : 
	   3 Input     17 Bit        Muxes := 1     
	   3 Input      1 Bit        Muxes := 1     
Module DeBounce 
Detailed RTL Component Info : 
+---Adders : 
	   2 Input     32 Bit       Adders := 1     
+---Registers : 
	               32 Bit    Registers := 1     
	                1 Bit    Registers := 2     
+---Muxes : 
	   2 Input     32 Bit        Muxes := 1     
	   2 Input      1 Bit        Muxes := 4     
Module prompt_state_count 
Detailed RTL Component Info : 
+---Adders : 
	   2 Input     32 Bit       Adders := 1     
+---Registers : 
	               32 Bit    Registers := 1     
	                1 Bit    Registers := 1     
+---Muxes : 
	   2 Input     32 Bit        Muxes := 1     
---------------------------------------------------------------------------------
Finished RTL Hierarchical Component Statistics
---------------------------------------------------------------------------------
---------------------------------------------------------------------------------
Start Part Resource Summary
---------------------------------------------------------------------------------
Part Resources:
DSPs: 240 (col length:80)
BRAMs: 270 (col length: RAMB18 80 RAMB36 40)
---------------------------------------------------------------------------------
Finished Part Resource Summary
---------------------------------------------------------------------------------
---------------------------------------------------------------------------------
Start Cross Boundary and Area Optimization
---------------------------------------------------------------------------------
Warning: Parallel synthesis criteria is not met 
INFO: [Synth 8-5544] ROM "AN_sig_count0" won't be mapped to Block RAM because address size (2) smaller than threshold (5)
WARNING: [Synth 8-3331] design Top_Level has unconnected port LED[13]
WARNING: [Synth 8-3331] design Top_Level has unconnected port LED[12]
WARNING: [Synth 8-3331] design Top_Level has unconnected port LED[11]
WARNING: [Synth 8-3331] design Top_Level has unconnected port LED[10]
WARNING: [Synth 8-3331] design Top_Level has unconnected port LED[9]
WARNING: [Synth 8-3331] design Top_Level has unconnected port LED[7]
WARNING: [Synth 8-3331] design Top_Level has unconnected port LED[6]
WARNING: [Synth 8-3331] design Top_Level has unconnected port LED[5]
WARNING: [Synth 8-3331] design Top_Level has unconnected port LED[4]
WARNING: [Synth 8-3331] design Top_Level has unconnected port LED[3]
WARNING: [Synth 8-3331] design Top_Level has unconnected port SW[3]
WARNING: [Synth 8-3331] design Top_Level has unconnected port SW[2]
WARNING: [Synth 8-3331] design Top_Level has unconnected port SW[1]
WARNING: [Synth 8-3331] design Top_Level has unconnected port SW[0]
INFO: [Synth 8-3333] propagating constant 1 across sequential element (\LED_reg[8] )
WARNING: [Synth 8-3332] Sequential element (LED_reg[8]) is unused and will be removed from module Top_Level.
---------------------------------------------------------------------------------
Finished Cross Boundary and Area Optimization : Time (s): cpu = 00:00:33 ; elapsed = 00:00:35 . Memory (MB): peak = 1024.383 ; gain = 406.734
---------------------------------------------------------------------------------

Report RTL Partitions: 
+-+--------------+------------+----------+
| |RTL Partition |Replication |Instances |
+-+--------------+------------+----------+
+-+--------------+------------+----------+
---------------------------------------------------------------------------------
Start Applying XDC Timing Constraints
---------------------------------------------------------------------------------
---------------------------------------------------------------------------------
Finished Applying XDC Timing Constraints : Time (s): cpu = 00:00:48 ; elapsed = 00:00:50 . Memory (MB): peak = 1024.383 ; gain = 406.734
---------------------------------------------------------------------------------
---------------------------------------------------------------------------------
Start Timing Optimization
---------------------------------------------------------------------------------
---------------------------------------------------------------------------------
Finished Timing Optimization : Time (s): cpu = 00:00:48 ; elapsed = 00:00:51 . Memory (MB): peak = 1031.004 ; gain = 413.355
---------------------------------------------------------------------------------

Report RTL Partitions: 
+-+--------------+------------+----------+
| |RTL Partition |Replication |Instances |
+-+--------------+------------+----------+
+-+--------------+------------+----------+
---------------------------------------------------------------------------------
Start Technology Mapping
---------------------------------------------------------------------------------
---------------------------------------------------------------------------------
Finished Technology Mapping : Time (s): cpu = 00:00:49 ; elapsed = 00:00:51 . Memory (MB): peak = 1031.004 ; gain = 413.355
---------------------------------------------------------------------------------

Report RTL Partitions: 
+-+--------------+------------+----------+
| |RTL Partition |Replication |Instances |
+-+--------------+------------+----------+
+-+--------------+------------+----------+
---------------------------------------------------------------------------------
Start IO Insertion
---------------------------------------------------------------------------------
---------------------------------------------------------------------------------
Start Flattening Before IO Insertion
---------------------------------------------------------------------------------
---------------------------------------------------------------------------------
Finished Flattening Before IO Insertion
---------------------------------------------------------------------------------
---------------------------------------------------------------------------------
Start Final Netlist Cleanup
---------------------------------------------------------------------------------
---------------------------------------------------------------------------------
Finished Final Netlist Cleanup
---------------------------------------------------------------------------------
---------------------------------------------------------------------------------
Finished IO Insertion : Time (s): cpu = 00:00:57 ; elapsed = 00:01:00 . Memory (MB): peak = 1039.645 ; gain = 421.996
---------------------------------------------------------------------------------
---------------------------------------------------------------------------------
Start Renaming Generated Instances
---------------------------------------------------------------------------------
---------------------------------------------------------------------------------
Finished Renaming Generated Instances : Time (s): cpu = 00:00:57 ; elapsed = 00:01:00 . Memory (MB): peak = 1039.645 ; gain = 421.996
---------------------------------------------------------------------------------

Report RTL Partitions: 
+-+--------------+------------+----------+
| |RTL Partition |Replication |Instances |
+-+--------------+------------+----------+
+-+--------------+------------+----------+

Report Check Netlist: 
+------+------------------+-------+---------+-------+------------------+
|      |Item              |Errors |Warnings |Status |Description       |
+------+------------------+-------+---------+-------+------------------+
|1     |multi_driven_nets |      0|        0|Passed |Multi driven nets |
+------+------------------+-------+---------+-------+------------------+
---------------------------------------------------------------------------------
Start Rebuilding User Hierarchy
---------------------------------------------------------------------------------
---------------------------------------------------------------------------------
Finished Rebuilding User Hierarchy : Time (s): cpu = 00:00:58 ; elapsed = 00:01:00 . Memory (MB): peak = 1039.645 ; gain = 421.996
---------------------------------------------------------------------------------
---------------------------------------------------------------------------------
Start Renaming Generated Ports
---------------------------------------------------------------------------------
---------------------------------------------------------------------------------
Finished Renaming Generated Ports : Time (s): cpu = 00:00:58 ; elapsed = 00:01:00 . Memory (MB): peak = 1039.645 ; gain = 421.996
---------------------------------------------------------------------------------
---------------------------------------------------------------------------------
Start Handling Custom Attributes
---------------------------------------------------------------------------------
---------------------------------------------------------------------------------
Finished Handling Custom Attributes : Time (s): cpu = 00:00:58 ; elapsed = 00:01:00 . Memory (MB): peak = 1039.645 ; gain = 421.996
---------------------------------------------------------------------------------
---------------------------------------------------------------------------------
Start Renaming Generated Nets
---------------------------------------------------------------------------------
---------------------------------------------------------------------------------
Finished Renaming Generated Nets : Time (s): cpu = 00:00:58 ; elapsed = 00:01:00 . Memory (MB): peak = 1039.645 ; gain = 421.996
---------------------------------------------------------------------------------
---------------------------------------------------------------------------------
Start Writing Synthesis Report
---------------------------------------------------------------------------------

Report BlackBoxes: 
+-+--------------+----------+
| |BlackBox name |Instances |
+-+--------------+----------+
+-+--------------+----------+

Report Cell Usage: 
+------+-------+------+
|      |Cell   |Count |
+------+-------+------+
|1     |BUFG   |     1|
|2     |CARRY4 |    42|
|3     |LUT1   |     7|
|4     |LUT2   |    31|
|5     |LUT3   |    33|
|6     |LUT4   |    48|
|7     |LUT5   |    22|
|8     |LUT6   |    73|
|9     |FDCE   |    98|
|10    |FDRE   |   102|
|11    |LD     |     3|
|12    |LDCP   |     2|
|13    |LDP    |     1|
|14    |IBUF   |     3|
|15    |OBUF   |    22|
|16    |OBUFT  |    10|
+------+-------+------+

Report Instance Areas: 
+------+-----------------------+-------------------------+------+
|      |Instance               |Module                   |Cells |
+------+-----------------------+-------------------------+------+
|1     |top                    |                         |   498|
|2     |  PromptCounter        |counter                  |    15|
|3     |  BTNC_debouncer       |DeBounce                 |    57|
|4     |  BTND_debouncer       |DeBounce_0               |    57|
|5     |  bit_counter0         |counter_1                |    11|
|6     |  bit_counter1         |counter_2                |    10|
|7     |  bit_counter2         |counter_3                |    10|
|8     |  bit_counter3         |counter_4                |     8|
|9     |  count_divider        |clock_divider_1hz        |    52|
|10    |  disp_divider         |disp_div                 |    66|
|11    |  prompt_divider       |prompt_clock_divider_1hz |    73|
|12    |  prompt_state_counter |prompt_state_count       |    94|
+------+-----------------------+-------------------------+------+
---------------------------------------------------------------------------------
Finished Writing Synthesis Report : Time (s): cpu = 00:00:58 ; elapsed = 00:01:00 . Memory (MB): peak = 1039.645 ; gain = 421.996
---------------------------------------------------------------------------------
Synthesis finished with 0 errors, 0 critical warnings and 20 warnings.
Synthesis Optimization Runtime : Time (s): cpu = 00:00:43 ; elapsed = 00:00:55 . Memory (MB): peak = 1039.645 ; gain = 322.496
Synthesis Optimization Complete : Time (s): cpu = 00:00:58 ; elapsed = 00:01:00 . Memory (MB): peak = 1039.645 ; gain = 421.996
INFO: [Project 1-571] Translating synthesized netlist
Netlist sorting complete. Time (s): cpu = 00:00:00 ; elapsed = 00:00:00.012 . Memory (MB): peak = 1039.645 ; gain = 0.000
INFO: [Netlist 29-17] Analyzing 48 Unisim elements for replacement
INFO: [Netlist 29-28] Unisim Transformation completed in 0 CPU seconds
INFO: [Project 1-570] Preparing netlist for logic optimization
INFO: [Opt 31-138] Pushed 1 inverter(s) to 1 load pin(s).
Netlist sorting complete. Time (s): cpu = 00:00:00 ; elapsed = 00:00:00 . Memory (MB): peak = 1046.797 ; gain = 0.000
INFO: [Project 1-111] Unisim Transformation Summary:
  A total of 6 instances were transformed.
  LD => LDCE: 2 instances
  LD => LDCE (inverted pins: G): 1 instance 
  LDCP => LDCP (GND, LDCE, LUT3(x2), VCC): 2 instances
  LDP => LDPE: 1 instance 

INFO: [Common 17-83] Releasing license: Synthesis
43 Infos, 54 Warnings, 18 Critical Warnings and 0 Errors encountered.
synth_design completed successfully
synth_design: Time (s): cpu = 00:01:09 ; elapsed = 00:01:12 . Memory (MB): peak = 1046.797 ; gain = 741.578
Netlist sorting complete. Time (s): cpu = 00:00:00 ; elapsed = 00:00:00 . Memory (MB): peak = 1046.797 ; gain = 0.000
WARNING: [Constraints 18-5210] No constraints selected for write.
Resolution: This message can indicate that there are no constraints for the design, or it can indicate that the used_in flags are set such that the constraints are ignored. This later case is used when running synth_design to not write synthesis constraints to the resulting checkpoint. Instead, project constraints are read when the synthesized design is opened.
INFO: [Common 17-1381] The checkpoint 'C:/Users/Lachie/Documents/373/rxnmongroup15/Countdown/Countdown.runs/synth_1/Top_Level.dcp' has been generated.
INFO: [runtcl-4] Executing : report_utilization -file Top_Level_utilization_synth.rpt -pb Top_Level_utilization_synth.pb
INFO: [Common 17-206] Exiting Vivado at Mon May 18 09:28:24 2020...
